 
============================  
['C:\\WORKS_2\\WS\\WS_Others.JVEMV6\\JVEMV6\\57.2_physics-engine\\s-4', 'C:\\WORKS_2\\Programs\\panda3d\\Panda3D-1.10.9-x64\\python\\python37.zip', 'C:\\WORKS_2\\Programs\\panda3d\\Panda3D-1.10.9-x64', 'C:\\WORKS_2\\Programs\\panda3d\\Panda3D-1.10.9-x64\\python\\DLLs', 'C:\\WORKS_2\\Programs\\panda3d\\Panda3D-1.10.9-x64\\python\\lib', 'C:\\WORKS_2\\Programs\\panda3d\\Panda3D-1.10.9-x64\\python', 'C:\\WORKS_2\\Programs\\panda3d\\Panda3D-1.10.9-x64\\bin', 'C:\\WORKS_2\\Programs\\panda3d\\Panda3D-1.10.9-x64\\python\\lib\\site-packages', '.', '..', 'C:/WORKS_2/WS/WS_Others/free/fx/82_']

[s_4.py:75] 'from libs import libs' ==> comp.

[s_4.py:96] 'direct.actor.Actor import Actor' ==> comp.

[s_4.py:165] 'MyApp' ==> defined

[s_4.py:185] starting : task_1_ShowBase (time=20210711_151016)

[s_4.py:228] 'MyApp' ==> instantiated
 
============================  
['C:\\WORKS_2\\WS\\WS_Others.JVEMV6\\JVEMV6\\57.2_physics-engine\\s-4', 'C:\\WORKS_2\\Programs\\panda3d\\Panda3D-1.10.9-x64\\python\\python37.zip', 'C:\\WORKS_2\\Programs\\panda3d\\Panda3D-1.10.9-x64', 'C:\\WORKS_2\\Programs\\panda3d\\Panda3D-1.10.9-x64\\python\\DLLs', 'C:\\WORKS_2\\Programs\\panda3d\\Panda3D-1.10.9-x64\\python\\lib', 'C:\\WORKS_2\\Programs\\panda3d\\Panda3D-1.10.9-x64\\python', 'C:\\WORKS_2\\Programs\\panda3d\\Panda3D-1.10.9-x64\\bin', 'C:\\WORKS_2\\Programs\\panda3d\\Panda3D-1.10.9-x64\\python\\lib\\site-packages', '.', '..', 'C:/WORKS_2/WS/WS_Others/free/fx/82_']

[s_4.py:75] 'from libs import libs' ==> comp.
Using deprecated DirectStart interface.

[s_4.py:140] starting : task_1_Bullet_Hello_World (time=20210711_153952)
[s_4.py:169] exec_prog => done

[s_4.py:204] all done
 
============================  
['C:\\WORKS_2\\WS\\WS_Others.JVEMV6\\JVEMV6\\57.2_physics-engine\\s-4', 'C:\\WORKS_2\\Programs\\panda3d\\Panda3D-1.10.9-x64\\python\\python37.zip', 'C:\\WORKS_2\\Programs\\panda3d\\Panda3D-1.10.9-x64', 'C:\\WORKS_2\\Programs\\panda3d\\Panda3D-1.10.9-x64\\python\\DLLs', 'C:\\WORKS_2\\Programs\\panda3d\\Panda3D-1.10.9-x64\\python\\lib', 'C:\\WORKS_2\\Programs\\panda3d\\Panda3D-1.10.9-x64\\python', 'C:\\WORKS_2\\Programs\\panda3d\\Panda3D-1.10.9-x64\\bin', 'C:\\WORKS_2\\Programs\\panda3d\\Panda3D-1.10.9-x64\\python\\lib\\site-packages', '.', '..', 'C:/WORKS_2/WS/WS_Others/free/fx/82_']

[s_4.py:75] 'from libs import libs' ==> comp.
Using deprecated DirectStart interface.

[s_4.py:116] 'panda3d.bullet' a.o. ==> comp.

[s_4.py:148] starting : task_1_Bullet_Hello_World (time=20210711_154110)
[s_4.py:177] exec_prog => done

[s_4.py:212] all done
 
============================  
['C:\\WORKS_2\\WS\\WS_Others.JVEMV6\\JVEMV6\\57.2_physics-engine\\s-4', 'C:\\WORKS_2\\Programs\\panda3d\\Panda3D-1.10.9-x64\\python\\python37.zip', 'C:\\WORKS_2\\Programs\\panda3d\\Panda3D-1.10.9-x64', 'C:\\WORKS_2\\Programs\\panda3d\\Panda3D-1.10.9-x64\\python\\DLLs', 'C:\\WORKS_2\\Programs\\panda3d\\Panda3D-1.10.9-x64\\python\\lib', 'C:\\WORKS_2\\Programs\\panda3d\\Panda3D-1.10.9-x64\\python', 'C:\\WORKS_2\\Programs\\panda3d\\Panda3D-1.10.9-x64\\bin', 'C:\\WORKS_2\\Programs\\panda3d\\Panda3D-1.10.9-x64\\python\\lib\\site-packages', '.', '..', 'C:/WORKS_2/WS/WS_Others/free/fx/82_']

[s_4.py:75] 'from libs import libs' ==> comp.
Using deprecated DirectStart interface.

[s_4.py:116] 'panda3d.bullet' a.o. ==> comp.

[s_4.py:148] starting : task_1_Bullet_Hello_World (time=20210711_154739)
 
============================  
['C:\\WORKS_2\\WS\\WS_Others.JVEMV6\\JVEMV6\\57.2_physics-engine\\s-4', 'C:\\WORKS_2\\Programs\\panda3d\\Panda3D-1.10.9-x64\\python\\python37.zip', 'C:\\WORKS_2\\Programs\\panda3d\\Panda3D-1.10.9-x64', 'C:\\WORKS_2\\Programs\\panda3d\\Panda3D-1.10.9-x64\\python\\DLLs', 'C:\\WORKS_2\\Programs\\panda3d\\Panda3D-1.10.9-x64\\python\\lib', 'C:\\WORKS_2\\Programs\\panda3d\\Panda3D-1.10.9-x64\\python', 'C:\\WORKS_2\\Programs\\panda3d\\Panda3D-1.10.9-x64\\bin', 'C:\\WORKS_2\\Programs\\panda3d\\Panda3D-1.10.9-x64\\python\\lib\\site-packages', '.', '..', 'C:/WORKS_2/WS/WS_Others/free/fx/82_']

[s_4.py:75] 'from libs import libs' ==> comp.
Using deprecated DirectStart interface.

[s_4.py:116] 'panda3d.bullet' a.o. ==> comp.

[s_4.py:148] starting : task_1_Bullet_Hello_World (time=20210711_155004)
