
[1_1.py:79] starting : test_1_statistics

[1_1.py:79] starting : test_1_statistics
ModeResult(mode=array([86]), count=array([3]))
87.0
89.7692307692
[1_1.py:112] exec_prog => done

[1_1.py:147] all done

[1_1.py:79] starting : test_1_statistics
ModeResult(mode=array([86]), count=array([3]))
x_median :  87.0
x_mean :  89.7692307692
[1_1.py:114] exec_prog => done

[1_1.py:149] all done

[1_1.py:79] starting : test_1_statistics

speed :  [99, 86, 87, 88, 111, 86, 103, 87, 94, 78, 77, 85, 86]

ModeResult(mode=array([86]), count=array([3]))
x_median :  87.0
x_mean :  89.7692307692
[1_1.py:118] exec_prog => done

[1_1.py:153] all done
============================ 

============================ 
 
============================  

[1_1.py:83] starting : test_1_statistics

speed :  [99, 86, 87, 88, 111, 86, 103, 87, 94, 78, 77, 85, 86]

ModeResult(mode=array([86]), count=array([3]))
x_median :  87.0
x_mean :  89.7692307692
[1_1.py:122] exec_prog => done

[1_1.py:157] all done
 
============================  

[1_1.py:117] starting : test_2_statistics_StdDev (time=20210411_171028)

speed :  [99, 86, 87, 88, 111, 86, 103, 87, 94, 78, 77, 85, 86]

 
============================  

[1_1.py:117] starting : test_2_statistics_StdDev (time=20210411_171234)

speed :  [99, 86, 87, 88, 111, 86, 103, 87, 94, 78, 77, 85, 86]

x_std :  9.25829230103
[1_1.py:151] exec_prog => done

[1_1.py:186] all done
 
============================  

[1_1.py:122] starting : test_2_statistics_StdDev (time=20210411_171530)

speed :  [99, 86, 87, 88, 111, 86, 103, 87, 94, 78, 77, 85, 86]

x_std :  9.25829230103

x_var :  85.7159763314
[1_1.py:166] exec_prog => done

[1_1.py:201] all done
 
============================  

[1_1.py:122] starting : test_2_statistics_StdDev (time=20210411_172059)

speed :  [99, 86, 87, 88, 111, 86, 103, 87, 94, 78, 77, 85, 86]

x_std :  9.25829230103

x_var :  85.7159763314
[1_1.py:209] exec_prog => done

[1_1.py:244] all done
 
============================  

[1_1.py:165] starting : test_2_statistics_StdDev (time=20210411_172201)

ages :  [5, 31, 43, 48, 50, 41, 7, 11, 15, 39, 80, 82, 32, 2, 8, 6, 25, 36, 27, 61, 31]

x_Percentile :  43.0
[1_1.py:209] exec_prog => done

[1_1.py:244] all done
 
============================  

[1_1.py:215] starting : test_4_stats_Distribution (time=20210412_145438)
[ 4.77668864  4.24636516  0.25361611  3.3774054   4.90095188  2.74568951
  0.40621582  1.5341615   3.04433499  4.38702215  3.78834779  4.6541185
  4.0567753   2.14616011  3.33658724  1.99920094  4.80284444  0.68655215
  2.07271306  3.60824602  1.44782216  0.52838772  2.47424367  4.99058278
  0.69123442  2.45109512  2.41123834  1.0706145   2.85176271  2.34759594
  0.49627384  2.81013742  1.63898208  2.64051714  2.262824    2.36475512
  2.03478611  1.2458713   1.81282549  2.10881285  1.48631987  2.31019473
  1.52398599  0.35439964  3.05601118  0.44182443  1.13410395  2.80263089
  1.5671372   1.09905388  0.71277768  1.06062195  4.68589385  0.16089414
  2.2159954   0.12927912  3.26278488  4.37754809  1.56827025  1.07607721
  2.78325028  2.28423675  2.6916134   4.66917179  1.34886967  0.41483694
  3.91404323  2.71639888  4.66561731  4.60200192  0.80950447  3.67543877
  0.95600258  1.04054826  4.23389359  4.58189487  2.53883953  0.84963126
  4.31380467  0.02984327  3.8869514   4.30584389  4.99262743  3.29285181
  3.10776488  0.76851489  3.97480009  3.1649759   4.76326861  1.01255859
  2.36769336  4.65967272  4.54006661  4.83801465  4.28356394  1.7975407
  0.17188216  4.39809119  1.78136572  3.71792457  1.16937671  2.04501823
  4.38595707  2.77848896  1.31821992  4.52324836  1.11135052  2.44508742
  1.06291505  2.88384788  2.7135984   0.22546816  1.59535627  0.77499842
  0.54719213  2.29712875  0.25421489  1.47581343  3.94981131  0.26448222
  2.60222605  0.83050979  1.32195536  0.40594519  2.81020396  4.86572212
  2.57656147  1.69690957  1.27258808  1.83658039  2.06477855  0.97362319
  4.7504084   0.65902343  1.40336845  0.35884959  0.15169033  3.05772874
  3.98222904  3.24901513  4.5873138   1.32493015  3.9467367   4.84820169
  2.90784451  0.28460476  1.7842267   4.92380374  2.51923004  1.03068385
  4.4875004   4.57051557  2.02053584  3.59040463  0.5381429   1.27797199
  1.26588352  2.61817627  3.98289451  0.92393251  1.88469316  4.96972953
  2.19966484  3.81747653  1.50773821  2.25489139  4.38975962  1.70679793
  0.45825029  3.43628225  3.82613336  1.65040171  4.46466744  0.38500064
  2.80188441  4.84891995  2.25101668  3.90156317  1.4543376   3.54561679
  3.34592308  1.57909052  1.34372008  4.92080509  0.32577978  4.02510373
  4.37973659  3.48659918  1.39972563  0.2598347   3.7866518   0.59454375
  3.69979485  2.11243062  3.4185891   0.38968761  4.45520234  0.67876929
  4.24027869  3.7939344   3.28906009  3.31926311  3.7813825   2.47141714
  3.02184536  2.19365875  3.87375422  3.2645502   2.54825957  2.95876403
  0.63133058  3.93031336  2.41177782  2.91121357  2.23663973  4.71686084
  3.40022086  3.52593324  2.17575616  3.25419767  3.79378216  0.05638354
  2.20662936  3.22577491  3.92953572  2.87508213  1.34246661  4.03187526
  2.40832145  4.99858486  2.75231497  1.42338349  4.62738624  3.92734783
  2.31334782  0.15029262  0.31812416  4.14535207  2.1153899   2.52830071
  4.69310682  0.53293281  2.1028598   1.88560985  3.42796705  3.51056204
  2.47604517  4.74455138  0.52714944  1.96505085]
[1_1.py:251] exec_prog => done

[1_1.py:286] all done
 
============================  

[1_1.py:215] starting : test_4_stats_Distribution (time=20210412_145805)
[1_1.py:256] exec_prog => done

[1_1.py:291] all done
 
============================  

[1_1.py:215] starting : test_4_stats_Distribution (time=20210412_145830)
[1_1.py:256] exec_prog => done

[1_1.py:291] all done
 
============================  

[1_1.py:215] starting : test_4_stats_Distribution (time=20210412_150604)
[1_1.py:247] save fig => done : ./data\plot_image_20210412_150605
[1_1.py:277] exec_prog => done

[1_1.py:312] all done
 
============================  

[1_1.py:215] starting : test_4_stats_Distribution (time=20210412_150746)
[1_1.py:251] save fig => done : ./data\plot_image_20210412_150746
[1_1.py:281] exec_prog => done

[1_1.py:316] all done
 
============================  

[1_1.py:215] starting : test_4_stats_Distribution (time=20210412_150824)
[1_1.py:251] save fig => done : ./data\plot_image_20210412_150825
[1_1.py:281] exec_prog => done

[1_1.py:316] all done
 
============================  

[1_1.py:215] starting : test_4_stats_Distribution (time=20210412_150838)
[1_1.py:251] save fig => done : ./data\plot_image_20210412_150840
[1_1.py:281] exec_prog => done

[1_1.py:316] all done
 
============================  

[1_1.py:215] starting : test_4_stats_Distribution (time=20210412_151415)
[1_1.py:261] save fig => done : ./data\plot_image_20210412_151415
[1_1.py:291] exec_prog => done

[1_1.py:326] all done
 
============================  

[1_1.py:288] starting : test_5_stats_Normal_Distribution (time=20210413_134237)
[1_1.py:341] save fig => done : ./data\plot_image_20210413_134239
[1_1.py:373] exec_prog => done

[1_1.py:408] all done
 
============================  

[1_1.py:288] starting : test_5_stats_Normal_Distribution (time=20210413_134331)
[1_1.py:341] save fig => done : ./data\plot_image_20210413_134332
[1_1.py:373] exec_prog => done

[1_1.py:408] all done
 
============================  

[1_1.py:288] starting : test_5_stats_Normal_Distribution (time=20210413_134420)
[1_1.py:342] save fig => done : ./data\plot_image_20210413_134421
[1_1.py:374] exec_prog => done

[1_1.py:409] all done
 
============================  

[1_1.py:288] starting : test_5_stats_Normal_Distribution (time=20210413_134756)
[1_1.py:342] save fig => done : ./data\plot_image_20210413_134757
[1_1.py:459] exec_prog => done

[1_1.py:494] all done
 
============================  

[1_1.py:368] starting : test_6_plot_Scatter (time=20210413_134826)
[1_1.py:427] save fig => done : ./data\plot_image_20210413_134826
[1_1.py:460] exec_prog => done

[1_1.py:495] all done
 
============================  

[1_1.py:368] starting : test_6_plot_Scatter (time=20210413_135039)
[1_1.py:428] save fig => done : ./data\plot_image_20210413_135040
[1_1.py:461] exec_prog => done

[1_1.py:496] all done
 
============================  

[1_1.py:368] starting : test_6_plot_Scatter (time=20210413_135154)
[1_1.py:430] save fig => done : ./data\plot_image_20210413_135154
[1_1.py:463] exec_prog => done

[1_1.py:498] all done
 
============================  

[1_1.py:368] starting : test_6_plot_Scatter (time=20210413_135211)
[1_1.py:430] save fig => done : ./data\plot_image_20210413_135211
[1_1.py:463] exec_prog => done

[1_1.py:498] all done
 
============================  

[1_1.py:368] starting : test_6_plot_Scatter (time=20210413_135333)
[1_1.py:431] save fig => done : ./data\plot_image_20210413_135334
[1_1.py:464] exec_prog => done

[1_1.py:499] all done
 
============================  

[1_1.py:368] starting : test_6_plot_Scatter (time=20210413_135352)
[1_1.py:431] save fig => done : ./data\plot_image_20210413_135352
[1_1.py:464] exec_prog => done

[1_1.py:499] all done
 
============================  

[1_1.py:368] starting : test_6_plot_Scatter (time=20210413_135807)
[1_1.py:431] save fig => done : ./data\plot_image_20210413_135807
[1_1.py:464] exec_prog => done

[1_1.py:499] all done
 
============================  

[1_1.py:368] starting : test_6_plot_Scatter (time=20210413_135954)
[1_1.py:432] save fig => done : ./data\plot_image_20210413_135955
[1_1.py:465] exec_prog => done

[1_1.py:500] all done
 
============================  

[1_1.py:368] starting : test_6_plot_Scatter (time=20210413_140021)
[1_1.py:433] save fig => done : ./data\plot_image_20210413_140022
[1_1.py:466] exec_prog => done

[1_1.py:501] all done
 
============================  

[1_1.py:459] starting : test_7_Linear_Regression (time=20210413_140452)
[1_1.py:525] save fig => done : ./data\plot_image_20210413_140452
[1_1.py:559] exec_prog => done

[1_1.py:594] all done
 
============================  

[1_1.py:462] starting : test_7_Linear_Regression (time=20210413_140909)
 
============================  

[1_1.py:463] starting : test_7_Linear_Regression (time=20210413_141031)
 
============================  

[1_1.py:467] starting : test_7_Linear_Regression (time=20210413_141218)
 
============================  

[1_1.py:467] starting : test_7_Linear_Regression (time=20210413_141235)
[1_1.py:539] save fig => done : ./data\plot_image_20210413_141235
[1_1.py:573] exec_prog => done

[1_1.py:608] all done
 
============================  

[1_1.py:467] starting : test_7_Linear_Regression (time=20210413_141452)
[%s:%d] 'r' =>
-0.758591524376
[1_1.py:550] save fig => done : ./data\plot_image_20210413_141452
[1_1.py:584] exec_prog => done

[1_1.py:619] all done
 
============================  

[1_1.py:467] starting : test_7_Linear_Regression (time=20210413_141609)
[%s:%d] 'r' =>
-0.758591524376
[%s:%d] 'slope' =>
-1.75128771155
[%s:%d] 'p' =>
0.00264687392246
[1_1.py:556] save fig => done : ./data\plot_image_20210413_141610
[1_1.py:590] exec_prog => done

[1_1.py:625] all done
 
============================  

[1_1.py:467] starting : test_7_Linear_Regression (time=20210413_141800)
[%s:%d] 'r' =>
-0.758591524376
[%s:%d] 'slope' =>
-1.75128771155
[%s:%d] 'p' =>
0.00264687392246
[%s:%d] 'map' =>
<map object at 0x000000000F027E10>
[1_1.py:559] save fig => done : ./data\plot_image_20210413_141800
[1_1.py:593] exec_prog => done

[1_1.py:628] all done
 
============================  

[1_1.py:467] starting : test_7_Linear_Regression (time=20210413_142026)
[%s:%d] 'r' =>
-0.758591524376
[%s:%d] 'slope' =>
-1.75128771155
[%s:%d] 'p' =>
0.00264687392246
[%s:%d] 'map(myfunc, x)' =>
<map object at 0x000000001064D7F0>
[%s:%d] 'list(map(myfunc, x))' =>
[94.349521707137598, 90.846946284032384, 89.095658572479763, 90.846946284032384, 99.603384841795432, 73.334069168506261, 99.603384841795432, 87.344370860927157, 96.100809418690218, 83.841795437821929, 82.090507726269323, 87.344370860927157, 92.598233995584991]
[1_1.py:562] save fig => done : ./data\plot_image_20210413_142026
[1_1.py:596] exec_prog => done

[1_1.py:631] all done
 
============================  

[1_1.py:466] starting : test_7_Linear_Regression (time=20210414_150302)
[%s:%d] 'r' =>
-0.758591524376
[%s:%d] 'slope' =>
-1.75128771155
[%s:%d] 'p' =>
0.00264687392246
[%s:%d] 'map(myfunc, x)' =>
<map object at 0x000000001134F710>
[%s:%d] 'list(map(myfunc, x))' =>
[94.349521707137598, 90.846946284032384, 89.095658572479763, 90.846946284032384, 99.603384841795432, 73.334069168506261, 99.603384841795432, 87.344370860927157, 96.100809418690218, 83.841795437821929, 82.090507726269323, 87.344370860927157, 92.598233995584991]
[1_1.py:561] save fig => done : ./data\plot_image_20210414_150305
[1_1.py:669] exec_prog => done

[1_1.py:704] all done
 
============================  

[1_1.py:587] starting : test_8_Regression_Poly (time=20210414_150406)
[1_1.py:634] save fig => done : ./data\plot_image_20210414_150407
[1_1.py:670] exec_prog => done

[1_1.py:705] all done
 
============================  

[1_1.py:587] starting : test_8_Regression_Poly (time=20210414_150645)
[1_1.py:608] myline =>
[  1.           1.21212121   1.42424242   1.63636364   1.84848485
   2.06060606   2.27272727   2.48484848   2.6969697    2.90909091
   3.12121212   3.33333333   3.54545455   3.75757576   3.96969697
   4.18181818   4.39393939   4.60606061   4.81818182   5.03030303
   5.24242424   5.45454545   5.66666667   5.87878788   6.09090909
   6.3030303    6.51515152   6.72727273   6.93939394   7.15151515
   7.36363636   7.57575758   7.78787879   8.           8.21212121
   8.42424242   8.63636364   8.84848485   9.06060606   9.27272727
   9.48484848   9.6969697    9.90909091  10.12121212  10.33333333
  10.54545455  10.75757576  10.96969697  11.18181818  11.39393939
  11.60606061  11.81818182  12.03030303  12.24242424  12.45454545
  12.66666667  12.87878788  13.09090909  13.3030303   13.51515152
  13.72727273  13.93939394  14.15151515  14.36363636  14.57575758
  14.78787879  15.          15.21212121  15.42424242  15.63636364
  15.84848485  16.06060606  16.27272727  16.48484848  16.6969697
  16.90909091  17.12121212  17.33333333  17.54545455  17.75757576
  17.96969697  18.18181818  18.39393939  18.60606061  18.81818182
  19.03030303  19.24242424  19.45454545  19.66666667  19.87878788
  20.09090909  20.3030303   20.51515152  20.72727273  20.93939394
  21.15151515  21.36363636  21.57575758  21.78787879  22.        ]
[1_1.py:648] save fig => done : ./data\plot_image_20210414_150646
[1_1.py:684] exec_prog => done

[1_1.py:719] all done
 
============================  

[1_1.py:587] starting : test_8_Regression_Poly (time=20210414_152527)
[1_1.py:650] save fig => done : ./data\plot_image_20210414_152527
[1_1.py:686] exec_prog => done

[1_1.py:721] all done
 
============================  

[1_1.py:587] starting : test_8_Regression_Poly (time=20210414_152759)
[1_1.py:651] save fig => done : ./data\plot_image_20210414_152759
[1_1.py:687] exec_prog => done

[1_1.py:722] all done
 
============================  

[1_1.py:590] starting : test_8_Regression_Poly (time=20210414_153217)
[1_1.py:654] save fig => done : ./data\plot_image_20210414_153217
[1_1.py:690] exec_prog => done

[1_1.py:725] all done
 
============================  

[1_1.py:590] starting : test_8_Regression_Poly (time=20210414_153725)
[1_1.py:654] save fig => done : ./data\plot_image_20210414_153726
[1_1.py:770] exec_prog => done

[1_1.py:805] all done
 
============================  

[1_1.py:681] starting : test_9_R_Square (time=20210414_153800)
0.956846013989
[1_1.py:772] exec_prog => done

[1_1.py:807] all done
 
============================  

[1_1.py:771] starting : test_10_Predict (time=20210414_155013)
 
============================  

[1_1.py:771] starting : test_10_Predict (time=20210414_155224)
[1_1.py:842] save fig => done : ./data\plot_image_20210414_155224
[1_1.py:880] exec_prog => done

[1_1.py:915] all done
 
============================  

[1_1.py:773] starting : test_10_Predict (time=20210415_172315)
[1_1.py:846] save fig => done : ./data\plot_image_20210415_172316
[1_1.py:917] exec_prog => done

[1_1.py:952] all done
 
============================  

[1_1.py:773] starting : test_10_Predict (time=20210415_172445)
[1_1.py:846] save fig => done : ./data\plot_image_20210415_172445
[1_1.py:931] exec_prog => done

[1_1.py:966] all done
 
============================  

[1_1.py:872] starting : test_11_Regresson_Multiple (time=20210415_172519)
[1_1.py:891] df ==>
        Car \tModel \tVolume \tWeight \tCO2 \t
0              Toyota \tAygo \t1000 \t790 \t99
1   Mitsubishi \tSpace Star \t1200 \t1160 \t95
2             Skoda \tCitigo \t1000 \t929 \t95
3                  Fiat \t500 \t900 \t865 \t90
4            Mini \tCooper \t1500 \t1140 \t105
5                  VW \tUp! \t1000 \t929 \t105
6             Skoda \tFabia \t1400 \t1109 \t90
7        Mercedes \tA-Class \t1500 \t1365 \t92
8             Ford \tFiesta \t1500 \t1112 \t98
9                 Audi \tA1 \t1600 \t1150 \t99
10             Hyundai \tI20 \t1100 \t980 \t99
11           Suzuki \tSwift \t1300 \t990 \t101
12            Ford \tFiesta \t1000 \t1112 \t99
13            Honda \tCivic \t1600 \t1252 \t94
14             Hundai \tI30 \t1600 \t1326 \t97
15             Opel \tAstra \t1600 \t1330 \t97
16                  BMW \t1 \t1600 \t1365 \t99
17               Mazda \t3 \t2200 \t1280 \t104
18           Skoda \tRapid \t1600 \t1119 \t104
19            Ford \tFocus \t2000 \t1328 \t105
20            Ford \tMondeo \t1600 \t1584 \t94
21          Opel \tInsignia \t2000 \t1428 \t99
22       Mercedes \tC-Class \t2100 \t1365 \t99
23          Skoda \tOctavia \t1600 \t1415 \t99
24              Volvo \tS60 \t2000 \t1415 \t99
25          Mercedes \tCLA \t1500 \t1465 \t102
26               Audi \tA4 \t2000 \t1490 \t104
27               Audi \tA6 \t2000 \t1725 \t114
28             Volvo \tV70 \t1600 \t1523 \t109
29                 BMW \t5 \t2000 \t1705 \t114
30      Mercedes \tE-Class \t2100 \t1605 \t115
31            Volvo \tXC70 \t2000 \t1746 \t117
32            Ford \tB-Max \t1600 \t1235 \t104
33                 BMW \t2 \t1600 \t1390 \t108
34           Opel \tZafira \t1600 \t1405 \t109
35          Mercedes \tSLK \t2500 \t1395 \t120
[1_1.py:932] exec_prog => done

[1_1.py:967] all done
 
============================  

[1_1.py:872] starting : test_11_Regresson_Multiple (time=20210415_172705)
 
============================  

[1_1.py:872] starting : test_11_Regresson_Multiple (time=20210415_172933)
[1_1.py:915] regr ==>
LinearRegression(copy_X=True, fit_intercept=True, n_jobs=1, normalize=False)
[1_1.py:957] exec_prog => done

[1_1.py:992] all done
 
============================  

[1_1.py:872] starting : test_11_Regresson_Multiple (time=20210415_173123)
[1_1.py:915] regr ==>
LinearRegression(copy_X=True, fit_intercept=True, n_jobs=1, normalize=False)
[1_1.py:934] predictedCO2 ==>
[ 107.2087328]
[1_1.py:975] exec_prog => done

[1_1.py:1010] all done
 
============================  

[1_1.py:872] starting : test_11_Regresson_Multiple (time=20210415_173543)
[1_1.py:915] regr ==>
LinearRegression(copy_X=True, fit_intercept=True, n_jobs=1, normalize=False)
[1_1.py:934] predictedCO2 ==>
[ 107.2087328]
[1_1.py:1068] exec_prog => done

[1_1.py:1103] all done
 
============================  

[1_1.py:961] starting : test_12_Coefficient (time=20210415_173610)
[1_1.py:1008] valsOf_Coeffi ==>
[ 0.00755095  0.00780526]
[1_1.py:1027] predictedCO2 ==>
[ 107.2087328]
[1_1.py:1069] exec_prog => done

[1_1.py:1104] all done
 
============================  

[1_1.py:1054] starting : test_13_Scale (time=20210416_145832)
 
============================  

[1_1.py:1078] starting : test_13_Scale (time=20210416_150515)
[1_1.py:1115] scaledX ==>
[[-2.10389253 -1.59336644]
 [-0.55407235 -1.07190106]
 [-1.52166278 -1.59336644]
 [-1.78973979 -1.85409913]
 [-0.63784641 -0.28970299]
 [-1.52166278 -1.59336644]
 [-0.76769621 -0.55043568]
 [ 0.3046118  -0.28970299]
 [-0.7551301  -0.28970299]
 [-0.59595938 -0.0289703 ]
 [-1.30803892 -1.33263375]
 [-1.26615189 -0.81116837]
 [-0.7551301  -1.59336644]
 [-0.16871166 -0.0289703 ]
 [ 0.14125238 -0.0289703 ]
 [ 0.15800719 -0.0289703 ]
 [ 0.3046118  -0.0289703 ]
 [-0.05142797  1.53542584]
 [-0.72580918 -0.0289703 ]
 [ 0.14962979  1.01396046]
 [ 1.2219378  -0.0289703 ]
 [ 0.5685001   1.01396046]
 [ 0.3046118   1.27469315]
 [ 0.51404696 -0.0289703 ]
 [ 0.51404696  1.01396046]
 [ 0.72348212 -0.28970299]
 [ 0.8281997   1.01396046]
 [ 1.81254495  1.01396046]
 [ 0.96642691 -0.0289703 ]
 [ 1.72877089  1.01396046]
 [ 1.30990057  1.27469315]
 [ 1.90050772  1.01396046]
 [-0.23991961 -0.0289703 ]
 [ 0.40932938 -0.0289703 ]
 [ 0.47215993 -0.0289703 ]
 [ 0.4302729   2.31762392]]
[1_1.py:1155] exec_prog => done

[1_1.py:1190] all done
 
============================  

[1_1.py:1138] starting : test_14_Scale_Predict (time=20210416_152516)
[1_1.py:1179] scaled ==>
[[ 4.22104928 -0.81116837]]
[1_1.py:1220] exec_prog => done

[1_1.py:1255] all done
 
============================  

[1_1.py:1138] starting : test_14_Scale_Predict (time=20210416_152808)
[1_1.py:1192] scaled ==>
[[ 4.22104928 -0.81116837]]
[1_1.py:1201] predictedCO2 ==>
[ 107.2087328]
[1_1.py:1240] exec_prog => done

[1_1.py:1275] all done
 
============================  

[1_1.py:1138] starting : test_14_Scale_Predict (time=20210416_153026)
[1_1.py:1193] scaled ==>
[[ 4.22104928 -0.81116837]]
[1_1.py:1202] predictedCO2 ==>
[ 107.2087328]
[1_1.py:1241] exec_prog => done

[1_1.py:1276] all done
 
============================  

[1_1.py:1228] starting : test_15_Train_Test (time=20210417_141835)
[1_1.py:1255] x ==>
[ 2.58324215  2.94373317  0.8638039   4.64027081  1.20656441  2.15825263
  3.50288142  1.75471191  1.94204778  2.09099239  3.55145404  5.29220801
  3.04153939  1.88207455  3.53905832  2.4038403   2.9808695   4.17500122
  2.25212905  3.00902525  2.12189211  2.84356583  3.25657045  2.01122095
  2.66117803  2.76381597  2.36234499  1.81238771  1.57878277  2.8465048
  2.73094304  5.23136679  0.56523242  3.1127265   3.37044454  4.35963386
  3.50185721  2.1557863   3.00000976  3.54235257  2.6864918   3.77101174
  1.13190935  4.73118467  4.46767801  2.66432266  3.61134078  3.04797059
  2.17086471  3.08771022  4.00036589  2.61890748  2.62433058  2.92552924
  3.43349633  4.27837923  2.36532069  3.50839624  3.21611601  1.14138761
  2.58068352  2.8676711   2.96042976  3.32600343  0.95967695  3.04625552
  2.32232442  1.56056097  3.52429643  3.73527958  2.34674973  3.84245628
  2.61848352  3.06648901  1.90126105  4.58448706  0.34055054  2.90854738
  3.69511961  0.96653345  2.81053074  2.92278133  3.82470301  4.24821292
  2.59610773  1.61548133  4.36723542  4.21788563  2.53799465  3.35088849
  3.38186623  3.56627544  3.20420798  4.40669624  1.2620405   4.04082395
  3.38047197  2.78286473  4.1735315   0.65639681]
[1_1.py:1296] exec_prog => done

[1_1.py:1331] all done
 
============================  

[1_1.py:1228] starting : test_15_Train_Test (time=20210417_143137)
[1_1.py:1279] fig.savefig ==> ./data/s-7\plot_image_20210417_143139
[ 2.58324215  2.94373317  0.8638039   4.64027081  1.20656441  2.15825263
  3.50288142  1.75471191  1.94204778  2.09099239  3.55145404  5.29220801
  3.04153939  1.88207455  3.53905832  2.4038403   2.9808695   4.17500122
  2.25212905  3.00902525  2.12189211  2.84356583  3.25657045  2.01122095
  2.66117803  2.76381597  2.36234499  1.81238771  1.57878277  2.8465048
  2.73094304  5.23136679  0.56523242  3.1127265   3.37044454  4.35963386
  3.50185721  2.1557863   3.00000976  3.54235257  2.6864918   3.77101174
  1.13190935  4.73118467  4.46767801  2.66432266  3.61134078  3.04797059
  2.17086471  3.08771022  4.00036589  2.61890748  2.62433058  2.92552924
  3.43349633  4.27837923  2.36532069  3.50839624  3.21611601  1.14138761
  2.58068352  2.8676711   2.96042976  3.32600343  0.95967695  3.04625552
  2.32232442  1.56056097  3.52429643  3.73527958  2.34674973  3.84245628
  2.61848352  3.06648901  1.90126105  4.58448706  0.34055054  2.90854738
  3.69511961  0.96653345  2.81053074  2.92278133  3.82470301  4.24821292
  2.59610773  1.61548133  4.36723542  4.21788563  2.53799465  3.35088849
  3.38186623  3.56627544  3.20420798  4.40669624  1.2620405   4.04082395
  3.38047197  2.78286473  4.1735315   0.65639681]
[1_1.py:1321] exec_prog => done

[1_1.py:1356] all done
 
============================  

[1_1.py:1228] starting : test_15_Train_Test (time=20210417_143339)
[1_1.py:1283] fig.savefig ==> ./data/s-7\plot_image_20210417_143340
[ 3.44122749  2.66912985  5.43077119  2.74790787  3.10960984  4.58248112
  2.0907676   2.40836334  3.18760323  2.67013004  1.80723539  2.79512349
  2.64117105  3.6034716   1.33521147  2.29982096  4.15139101  4.85733101
  1.48882044  3.64484751  2.01939211  2.14314685  2.12812082  2.57749207
  3.99643983  3.71242127  3.05914424  2.63668912  3.00328884  2.89406956
  3.79305332  2.36842837  2.99380509  2.89893239  2.94769185  3.24921766
  3.19766009  4.33484857  2.91312439  4.56153229  2.69414698  2.52226858
  3.10073819  3.35543847  3.26961241  4.29196338  4.13934298  3.4944404
  2.66366374  2.89938565  4.41339802  3.22125412  1.68922687  2.31043477
  2.42248677  4.15220477  2.89283602  5.26010677  3.65661947  3.12480683
  2.56429608  3.97217931  2.75928886  2.17587655  3.56813272  3.01275832
  4.18906073  2.92640668  0.14031203  3.7893664   1.12225912  4.53875615
  4.82136474  2.57296861  1.83529809  1.60292598  3.87265462  2.79788182
  2.40164007  2.7565803   5.08851469  3.34691933  3.74572695  3.77690759
  4.01842113  4.06135144  2.28953355  2.7848122   2.23923969  2.28883677
  4.14150774  2.49824445  2.92084864  2.30717366  2.40659723  3.78823794
  2.55457001  2.51787981  3.49355766  3.50048733]
[1_1.py:1325] exec_prog => done

[1_1.py:1360] all done
 
============================  

[1_1.py:1228] starting : test_15_Train_Test (time=20210417_143705)
[1_1.py:1284] fig.savefig ==> ./data/s-7\plot_image_20210417_143705
[ 4.62434536  2.38824359  2.47182825  1.92703138  3.86540763  0.6984613
  4.74481176  2.2387931   3.3190391   2.75062962  4.46210794  0.93985929
  2.6775828   2.61594565  4.13376944  1.90010873  2.82757179  2.12214158
  3.04221375  3.58281521  1.89938082  4.14472371  3.90159072  3.50249434
  3.90085595  2.31627214  2.87710977  2.06423057  2.73211192  3.53035547
  2.30833925  2.60324647  2.3128273   2.15479436  2.32875387  2.9873354
  1.88268965  3.2344157   4.65980218  3.74204416  2.80816445  2.11237104
  2.25284171  4.6924546   3.05080775  2.36300435  3.19091548  5.10025514
  3.12015895  3.61720311  3.30017032  2.64775015  1.8574818   2.65065728
  2.79110577  3.58662319  3.83898341  3.93110208  3.28558733  3.88514116
  2.24560206  4.25286816  3.51292982  2.70190716  3.48851815  2.92442829
  4.13162939  4.51981682  5.18557541  1.60350366  1.55588619  2.49553414
  3.16003707  3.87616892  3.31563495  0.97779878  2.69379599  3.82797464
  3.23009474  3.76201118  2.77767186  2.79924193  3.18656139  3.41005165
  3.19829972  3.11900865  2.32933771  3.37756379  3.12182127  4.12948391
  4.19891788  3.18515642  2.62471505  2.36126959  3.42349435  3.07734007
  2.65614632  3.04359686  2.37999916  3.69803203]
[1_1.py:1326] exec_prog => done

[1_1.py:1361] all done
 
============================  

[1_1.py:1228] starting : test_15_Train_Test (time=20210417_143730)
[1_1.py:1284] fig.savefig ==> ./data/s-7\plot_image_20210417_143730
[ 4.62434536  2.38824359  2.47182825  1.92703138  3.86540763  0.6984613
  4.74481176  2.2387931   3.3190391   2.75062962  4.46210794  0.93985929
  2.6775828   2.61594565  4.13376944  1.90010873  2.82757179  2.12214158
  3.04221375  3.58281521  1.89938082  4.14472371  3.90159072  3.50249434
  3.90085595  2.31627214  2.87710977  2.06423057  2.73211192  3.53035547
  2.30833925  2.60324647  2.3128273   2.15479436  2.32875387  2.9873354
  1.88268965  3.2344157   4.65980218  3.74204416  2.80816445  2.11237104
  2.25284171  4.6924546   3.05080775  2.36300435  3.19091548  5.10025514
  3.12015895  3.61720311  3.30017032  2.64775015  1.8574818   2.65065728
  2.79110577  3.58662319  3.83898341  3.93110208  3.28558733  3.88514116
  2.24560206  4.25286816  3.51292982  2.70190716  3.48851815  2.92442829
  4.13162939  4.51981682  5.18557541  1.60350366  1.55588619  2.49553414
  3.16003707  3.87616892  3.31563495  0.97779878  2.69379599  3.82797464
  3.23009474  3.76201118  2.77767186  2.79924193  3.18656139  3.41005165
  3.19829972  3.11900865  2.32933771  3.37756379  3.12182127  4.12948391
  4.19891788  3.18515642  2.62471505  2.36126959  3.42349435  3.07734007
  2.65614632  3.04359686  2.37999916  3.69803203]
[1_1.py:1326] exec_prog => done

[1_1.py:1361] all done
 
============================  

[1_1.py:1228] starting : test_15_Train_Test (time=20210417_143918)
[1_1.py:1284] fig.savefig ==> ./data/s-7\plot_image_20210417_143918
[ 2.58324215  2.94373317  0.8638039   4.64027081  1.20656441  2.15825263
  3.50288142  1.75471191  1.94204778  2.09099239  3.55145404  5.29220801
  3.04153939  1.88207455  3.53905832  2.4038403   2.9808695   4.17500122
  2.25212905  3.00902525  2.12189211  2.84356583  3.25657045  2.01122095
  2.66117803  2.76381597  2.36234499  1.81238771  1.57878277  2.8465048
  2.73094304  5.23136679  0.56523242  3.1127265   3.37044454  4.35963386
  3.50185721  2.1557863   3.00000976  3.54235257  2.6864918   3.77101174
  1.13190935  4.73118467  4.46767801  2.66432266  3.61134078  3.04797059
  2.17086471  3.08771022  4.00036589  2.61890748  2.62433058  2.92552924
  3.43349633  4.27837923  2.36532069  3.50839624  3.21611601  1.14138761
  2.58068352  2.8676711   2.96042976  3.32600343  0.95967695  3.04625552
  2.32232442  1.56056097  3.52429643  3.73527958  2.34674973  3.84245628
  2.61848352  3.06648901  1.90126105  4.58448706  0.34055054  2.90854738
  3.69511961  0.96653345  2.81053074  2.92278133  3.82470301  4.24821292
  2.59610773  1.61548133  4.36723542  4.21788563  2.53799465  3.35088849
  3.38186623  3.56627544  3.20420798  4.40669624  1.2620405   4.04082395
  3.38047197  2.78286473  4.1735315   0.65639681]
[1_1.py:1326] exec_prog => done

[1_1.py:1361] all done
 
============================  

[1_1.py:1228] starting : test_15_Train_Test (time=20210417_145626)
[1_1.py:1323] fig.savefig ==> ./data/s-7\plot_image_20210417_145626_[train]
[ 3.05056171  3.49995133  2.00409107  3.69359851  2.58169848  1.41542276
  2.35229323  3.59857517  3.33225003  1.85252337  3.61866969  2.91201307
  3.4250724   3.33225315  1.84318374  3.35099715  2.39311272  4.54697933
  3.72334161  3.04613557  2.01700835  3.05443274  3.15989294  1.79105184
  5.22336022  3.39429521  4.69235772  1.88718785  4.63574754  1.63903441
  2.34877417  3.54245131  3.04800625  0.64192637  1.89441596  3.83783635
  5.08787087  3.91484096  2.72379665  3.7965119   1.85620143  3.50991978
  1.6525397   2.9906399   2.86929536  3.80208661  2.69703603  4.20200259
  2.80325472  3.8365287   3.78660228  1.15912413  3.03754749  3.03592805
  2.22126008  3.17941071  1.54446567  3.55618522  3.50977885  3.30044554
  5.47658416  3.3523434   3.067471    2.2677353   3.29714121  2.0382232
  4.27181862  2.35235547  3.15846954  4.99008302  4.16418756  3.24266016
  4.3799201   2.94544129  3.79523395  3.01908996  2.09456186  3.43027133
  3.93465006  2.65389813  1.90287812  2.47180393  0.62022473  2.39231631
  1.92470991  5.02240507  2.4351247   1.45707095  3.87084178  2.82478947
  3.04860301  3.1886462   3.20931349  2.62555508  3.9546986   3.52324766
  2.50418148  2.82853539  2.0556314   3.28086468]
[1_1.py:1365] exec_prog => done

[1_1.py:1400] all done
 
============================  

[1_1.py:1228] starting : test_15_Train_Test (time=20210417_150024)
[1_1.py:1347] fig.savefig ==> ./data/s-7\plot_image_20210417_150024_[test]
[ 4.62434536  2.38824359  2.47182825  1.92703138  3.86540763  0.6984613
  4.74481176  2.2387931   3.3190391   2.75062962  4.46210794  0.93985929
  2.6775828   2.61594565  4.13376944  1.90010873  2.82757179  2.12214158
  3.04221375  3.58281521  1.89938082  4.14472371  3.90159072  3.50249434
  3.90085595  2.31627214  2.87710977  2.06423057  2.73211192  3.53035547
  2.30833925  2.60324647  2.3128273   2.15479436  2.32875387  2.9873354
  1.88268965  3.2344157   4.65980218  3.74204416  2.80816445  2.11237104
  2.25284171  4.6924546   3.05080775  2.36300435  3.19091548  5.10025514
  3.12015895  3.61720311  3.30017032  2.64775015  1.8574818   2.65065728
  2.79110577  3.58662319  3.83898341  3.93110208  3.28558733  3.88514116
  2.24560206  4.25286816  3.51292982  2.70190716  3.48851815  2.92442829
  4.13162939  4.51981682  5.18557541  1.60350366  1.55588619  2.49553414
  3.16003707  3.87616892  3.31563495  0.97779878  2.69379599  3.82797464
  3.23009474  3.76201118  2.77767186  2.79924193  3.18656139  3.41005165
  3.19829972  3.11900865  2.32933771  3.37756379  3.12182127  4.12948391
  4.19891788  3.18515642  2.62471505  2.36126959  3.42349435  3.07734007
  2.65614632  3.04359686  2.37999916  3.69803203]
[1_1.py:1389] exec_prog => done

[1_1.py:1424] all done
 
============================  

[1_1.py:1228] starting : test_15_Train_Test (time=20210417_150132)
[1_1.py:1348] fig.savefig ==> ./data/s-7\plot_image_20210417_150132_[test]
[ 2.58324215  2.94373317  0.8638039   4.64027081  1.20656441  2.15825263
  3.50288142  1.75471191  1.94204778  2.09099239  3.55145404  5.29220801
  3.04153939  1.88207455  3.53905832  2.4038403   2.9808695   4.17500122
  2.25212905  3.00902525  2.12189211  2.84356583  3.25657045  2.01122095
  2.66117803  2.76381597  2.36234499  1.81238771  1.57878277  2.8465048
  2.73094304  5.23136679  0.56523242  3.1127265   3.37044454  4.35963386
  3.50185721  2.1557863   3.00000976  3.54235257  2.6864918   3.77101174
  1.13190935  4.73118467  4.46767801  2.66432266  3.61134078  3.04797059
  2.17086471  3.08771022  4.00036589  2.61890748  2.62433058  2.92552924
  3.43349633  4.27837923  2.36532069  3.50839624  3.21611601  1.14138761
  2.58068352  2.8676711   2.96042976  3.32600343  0.95967695  3.04625552
  2.32232442  1.56056097  3.52429643  3.73527958  2.34674973  3.84245628
  2.61848352  3.06648901  1.90126105  4.58448706  0.34055054  2.90854738
  3.69511961  0.96653345  2.81053074  2.92278133  3.82470301  4.24821292
  2.59610773  1.61548133  4.36723542  4.21788563  2.53799465  3.35088849
  3.38186623  3.56627544  3.20420798  4.40669624  1.2620405   4.04082395
  3.38047197  2.78286473  4.1735315   0.65639681]
[1_1.py:1390] exec_prog => done

[1_1.py:1425] all done
 
============================  

[1_1.py:1228] starting : test_15_Train_Test (time=20210417_150657)
[1_1.py:1367] fig.savefig ==> ./data/s-7\plot_image_20210417_150657_[test]
[ 2.58324215  2.94373317  0.8638039   4.64027081  1.20656441  2.15825263
  3.50288142  1.75471191  1.94204778  2.09099239  3.55145404  5.29220801
  3.04153939  1.88207455  3.53905832  2.4038403   2.9808695   4.17500122
  2.25212905  3.00902525  2.12189211  2.84356583  3.25657045  2.01122095
  2.66117803  2.76381597  2.36234499  1.81238771  1.57878277  2.8465048
  2.73094304  5.23136679  0.56523242  3.1127265   3.37044454  4.35963386
  3.50185721  2.1557863   3.00000976  3.54235257  2.6864918   3.77101174
  1.13190935  4.73118467  4.46767801  2.66432266  3.61134078  3.04797059
  2.17086471  3.08771022  4.00036589  2.61890748  2.62433058  2.92552924
  3.43349633  4.27837923  2.36532069  3.50839624  3.21611601  1.14138761
  2.58068352  2.8676711   2.96042976  3.32600343  0.95967695  3.04625552
  2.32232442  1.56056097  3.52429643  3.73527958  2.34674973  3.84245628
  2.61848352  3.06648901  1.90126105  4.58448706  0.34055054  2.90854738
  3.69511961  0.96653345  2.81053074  2.92278133  3.82470301  4.24821292
  2.59610773  1.61548133  4.36723542  4.21788563  2.53799465  3.35088849
  3.38186623  3.56627544  3.20420798  4.40669624  1.2620405   4.04082395
  3.38047197  2.78286473  4.1735315   0.65639681]
[1_1.py:1409] exec_prog => done

[1_1.py:1444] all done
 
============================  

[1_1.py:1228] starting : test_15_Train_Test (time=20210417_150736)
[1_1.py:1368] fig.savefig ==> ./data/s-7\plot_image_20210417_150736_[test]
[ 2.58324215  2.94373317  0.8638039   4.64027081  1.20656441  2.15825263
  3.50288142  1.75471191  1.94204778  2.09099239  3.55145404  5.29220801
  3.04153939  1.88207455  3.53905832  2.4038403   2.9808695   4.17500122
  2.25212905  3.00902525  2.12189211  2.84356583  3.25657045  2.01122095
  2.66117803  2.76381597  2.36234499  1.81238771  1.57878277  2.8465048
  2.73094304  5.23136679  0.56523242  3.1127265   3.37044454  4.35963386
  3.50185721  2.1557863   3.00000976  3.54235257  2.6864918   3.77101174
  1.13190935  4.73118467  4.46767801  2.66432266  3.61134078  3.04797059
  2.17086471  3.08771022  4.00036589  2.61890748  2.62433058  2.92552924
  3.43349633  4.27837923  2.36532069  3.50839624  3.21611601  1.14138761
  2.58068352  2.8676711   2.96042976  3.32600343  0.95967695  3.04625552
  2.32232442  1.56056097  3.52429643  3.73527958  2.34674973  3.84245628
  2.61848352  3.06648901  1.90126105  4.58448706  0.34055054  2.90854738
  3.69511961  0.96653345  2.81053074  2.92278133  3.82470301  4.24821292
  2.59610773  1.61548133  4.36723542  4.21788563  2.53799465  3.35088849
  3.38186623  3.56627544  3.20420798  4.40669624  1.2620405   4.04082395
  3.38047197  2.78286473  4.1735315   0.65639681]
[1_1.py:1410] exec_prog => done

[1_1.py:1445] all done
 
============================  

[1_1.py:1228] starting : test_15_Train_Test (time=20210417_151040)
 
============================  

[1_1.py:1228] starting : test_15_Train_Test (time=20210417_151104)
[1_1.py:1277] r2 ==>
0.798864554463
 
============================  

[1_1.py:1228] starting : test_15_Train_Test (time=20210417_151137)
[1_1.py:1277] r2 ==>
0.798864554463
[1_1.py:1423] exec_prog => done

[1_1.py:1458] all done
 
============================  

[1_1.py:1228] starting : test_15_Train_Test (time=20210418_124830)
[1_1.py:1280] r2 (model=train, param=test ==>
0.808692146034
[1_1.py:1427] exec_prog => done

[1_1.py:1462] all done
 
============================  

[1_1.py:1228] starting : test_15_Train_Test (time=20210418_125023)
[1_1.py:1282] r2 (model=train, param=test ==>
0.808692146034
[1_1.py:1291] r2 (model=train, param=train ==>
0.798864554463
[1_1.py:1438] exec_prog => done

[1_1.py:1473] all done
 
============================  

[1_1.py:1228] starting : test_15_Train_Test (time=20210418_125426)
[1_1.py:1282] r2 (model=train, param=test ==>
0.808692146034
[1_1.py:1291] r2 (model=train, param=train ==>
0.798864554463
[1_1.py:1311] valOf_Mymodel(param = 22.88) ==>
22.8796259181
[1_1.py:1459] exec_prog => done

[1_1.py:1494] all done
 
============================  

[1_1.py:1228] starting : test_15_Train_Test (time=20210418_125643)
[1_1.py:1282] r2 (model=train, param=test ==>
0.808692146034
[1_1.py:1291] r2 (model=train, param=train ==>
0.798864554463
[1_1.py:1312] valOf_Mymodel(param = 5.00) ==>
22.8796259181
[1_1.py:1460] exec_prog => done

[1_1.py:1495] all done
 
============================  

[1_1.py:1228] starting : test_15_Train_Test (time=20210418_130028)
[1_1.py:1282] r2 (model=train, param=test ==>
0.808692146034
[1_1.py:1291] r2 (model=train, param=train ==>
0.798864554463
[1_1.py:1312] valOf_Mymodel(param = 5.00) ==>
22.8796259181
[1_1.py:1464] exec_prog => done

[1_1.py:1499] all done
 
============================  

[1_1.py:1228] starting : test_15_Train_Test (time=20210418_130329)
[1_1.py:1282] r2 (model=train, param=test ==>
0.808692146034
[1_1.py:1291] r2 (model=train, param=train ==>
0.798864554463
[1_1.py:1312] valOf_Mymodel(param = 5.00) ==>
22.8796259181
[1_1.py:1467] exec_prog => done

[1_1.py:1502] all done
 
============================  

[1_1.py:1228] starting : test_15_Train_Test (time=20210418_130414)
[1_1.py:1282] r2 (model=train, param=test ==>
0.808692146034
[1_1.py:1291] r2 (model=train, param=train ==>
0.798864554463
[1_1.py:1312] valOf_Mymodel(param = 5.00) ==>
22.8796259181
[1_1.py:1467] exec_prog => done

[1_1.py:1502] all done
 
============================  

[1_1.py:1228] starting : test_15_Train_Test (time=20210418_130836)
[1_1.py:1282] r2 (model=train, param=test ==>
0.808692146034
[1_1.py:1291] r2 (model=train, param=train ==>
0.798864554463
[1_1.py:1312] valOf_Mymodel(param = 5.00) ==>
22.8796259181
 
============================  

[1_1.py:1228] starting : test_15_Train_Test (time=20210418_131005)
[1_1.py:1282] r2 (model=train, param=test ==>
0.808692146034
[1_1.py:1291] r2 (model=train, param=train ==>
0.798864554463
[1_1.py:1312] valOf_Mymodel(param = 5.00) ==>
22.8796259181
 
============================  

[1_1.py:1228] starting : test_15_Train_Test (time=20210418_131517)
[1_1.py:1282] r2 (model=train, param=test ==>
0.808692146034
[1_1.py:1291] r2 (model=train, param=train ==>
0.798864554463
[1_1.py:1312] valOf_Mymodel(param = 5.00) ==>
22.8796259181
[1_1.py:1469] exec_prog => done

[1_1.py:1504] all done
 
============================  

[1_1.py:1451] starting : test_16_Tree (time=20210418_164712)
[1_1.py:1539] exec_prog => done

[1_1.py:1574] all done
 
============================  

[1_1.py:1459] starting : test_16_Tree (time=20210418_165058)
[1_1.py:1547] exec_prog => done

[1_1.py:1582] all done
 
============================  

[1_1.py:1459] starting : test_16_Tree (time=20210418_165315)
 
============================  

[1_1.py:1459] starting : test_16_Tree (time=20210418_165337)
[1_1.py:1478] df ==> 
    Age  Experience  Rank Nationality   Go
0    36          10     9          UK   NO
1    42          12     4         USA   NO
2    23           4     6           N   NO
3    52           4     4         USA   NO
4    43          21     8         USA  YES
5    44          14     5          UK   NO
6    66           3     7           N  YES
7    35          14     9          UK  YES
8    52          13     7           N  YES
9    35           5     9           N  YES
10   24           3     5         USA   NO
11   18           3     7          UK  YES
12   45           9     9          UK  YES
[1_1.py:1541] exec_prog => done

[1_1.py:1576] all done
 
============================  

[1_1.py:1459] starting : test_16_Tree (time=20210418_165714)
[1_1.py:1477] df ==> 
    Age  Experience  Rank Nationality   Go
0    36          10     9          UK   NO
1    42          12     4         USA   NO
2    23           4     6           N   NO
3    52           4     4         USA   NO
4    43          21     8         USA  YES
5    44          14     5          UK   NO
6    66           3     7           N  YES
7    35          14     9          UK  YES
8    52          13     7           N  YES
9    35           5     9           N  YES
10   24           3     5         USA   NO
11   18           3     7          UK  YES
12   45           9     9          UK  YES
[1_1.py:1494] df (mapped) ==> 
    Age  Experience  Rank  Nationality  Go
0    36          10     9            0   0
1    42          12     4            1   0
2    23           4     6            2   0
3    52           4     4            1   0
4    43          21     8            1   1
5    44          14     5            0   0
6    66           3     7            2   1
7    35          14     9            0   1
8    52          13     7            2   1
9    35           5     9            2   1
10   24           3     5            1   0
11   18           3     7            0   1
12   45           9     9            0   1
[1_1.py:1556] exec_prog => done

[1_1.py:1591] all done
 
============================  

[1_1.py:1459] starting : test_16_Tree (time=20210418_170041)
[1_1.py:1477] df ==> 
    Age  Experience  Rank Nationality   Go
0    36          10     9          UK   NO
1    42          12     4         USA   NO
2    23           4     6           N   NO
3    52           4     4         USA   NO
4    43          21     8         USA  YES
5    44          14     5          UK   NO
6    66           3     7           N  YES
7    35          14     9          UK  YES
8    52          13     7           N  YES
9    35           5     9           N  YES
10   24           3     5         USA   NO
11   18           3     7          UK  YES
12   45           9     9          UK  YES
[1_1.py:1494] df (mapped) ==> 
    Age  Experience  Rank  Nationality  Go
0    36          10     9            0   0
1    42          12     4            1   0
2    23           4     6            2   0
3    52           4     4            1   0
4    43          21     8            1   1
5    44          14     5            0   0
6    66           3     7            2   1
7    35          14     9            0   1
8    52          13     7            2   1
9    35           5     9            2   1
10   24           3     5            1   0
11   18           3     7            0   1
12   45           9     9            0   1
[1_1.py:1511] feature, column ==> 
    Age  Experience  Rank  Nationality
0    36          10     9            0
1    42          12     4            1
2    23           4     6            2
3    52           4     4            1
4    43          21     8            1
5    44          14     5            0
6    66           3     7            2
7    35          14     9            0
8    52          13     7            2
9    35           5     9            2
10   24           3     5            1
11   18           3     7            0
12   45           9     9            0
0     0
1     0
2     0
3     0
4     1
5     0
6     1
7     1
8     1
9     1
10    0
11    1
12    1
Name: Go, dtype: int64
[1_1.py:1575] exec_prog => done

[1_1.py:1610] all done
 
============================  

[1_1.py:1459] starting : test_16_Tree (time=20210418_170420)
[1_1.py:1477] df ==> 
    Age  Experience  Rank Nationality   Go
0    36          10     9          UK   NO
1    42          12     4         USA   NO
2    23           4     6           N   NO
3    52           4     4         USA   NO
4    43          21     8         USA  YES
5    44          14     5          UK   NO
6    66           3     7           N  YES
7    35          14     9          UK  YES
8    52          13     7           N  YES
9    35           5     9           N  YES
10   24           3     5         USA   NO
11   18           3     7          UK  YES
12   45           9     9          UK  YES
[1_1.py:1494] df (mapped) ==> 
    Age  Experience  Rank  Nationality  Go
0    36          10     9            0   0
1    42          12     4            1   0
2    23           4     6            2   0
3    52           4     4            1   0
4    43          21     8            1   1
5    44          14     5            0   0
6    66           3     7            2   1
7    35          14     9            0   1
8    52          13     7            2   1
9    35           5     9            2   1
10   24           3     5            1   0
11   18           3     7            0   1
12   45           9     9            0   1
[1_1.py:1511] feature, column ==> 
    Age  Experience  Rank  Nationality
0    36          10     9            0
1    42          12     4            1
2    23           4     6            2
3    52           4     4            1
4    43          21     8            1
5    44          14     5            0
6    66           3     7            2
7    35          14     9            0
8    52          13     7            2
9    35           5     9            2
10   24           3     5            1
11   18           3     7            0
12   45           9     9            0
0     0
1     0
2     0
3     0
4     1
5     0
6     1
7     1
8     1
9     1
10    0
11    1
12    1
Name: Go, dtype: int64
[1_1.py:1527] dtree ==> 
DecisionTreeClassifier(class_weight=None, criterion='gini', max_depth=None,
            max_features=None, max_leaf_nodes=None,
            min_impurity_decrease=0.0, min_impurity_split=None,
            min_samples_leaf=1, min_samples_split=2,
            min_weight_fraction_leaf=0.0, presort=False, random_state=None,
            splitter='best')
[1_1.py:1590] exec_prog => done

[1_1.py:1625] all done
 
============================  

[1_1.py:1459] starting : test_16_Tree (time=20210418_170733)
[1_1.py:1477] df ==> 
    Age  Experience  Rank Nationality   Go
0    36          10     9          UK   NO
1    42          12     4         USA   NO
2    23           4     6           N   NO
3    52           4     4         USA   NO
4    43          21     8         USA  YES
5    44          14     5          UK   NO
6    66           3     7           N  YES
7    35          14     9          UK  YES
8    52          13     7           N  YES
9    35           5     9           N  YES
10   24           3     5         USA   NO
11   18           3     7          UK  YES
12   45           9     9          UK  YES
[1_1.py:1494] df (mapped) ==> 
    Age  Experience  Rank  Nationality  Go
0    36          10     9            0   0
1    42          12     4            1   0
2    23           4     6            2   0
3    52           4     4            1   0
4    43          21     8            1   1
5    44          14     5            0   0
6    66           3     7            2   1
7    35          14     9            0   1
8    52          13     7            2   1
9    35           5     9            2   1
10   24           3     5            1   0
11   18           3     7            0   1
12   45           9     9            0   1
 
============================  

[1_1.py:1460] starting : test_16_Tree (time=20210418_170906)
[1_1.py:1478] df ==> 
    Age  Experience  Rank Nationality   Go
0    36          10     9          UK   NO
1    42          12     4         USA   NO
2    23           4     6           N   NO
3    52           4     4         USA   NO
4    43          21     8         USA  YES
5    44          14     5          UK   NO
6    66           3     7           N  YES
7    35          14     9          UK  YES
8    52          13     7           N  YES
9    35           5     9           N  YES
10   24           3     5         USA   NO
11   18           3     7          UK  YES
12   45           9     9          UK  YES
[1_1.py:1495] df (mapped) ==> 
    Age  Experience  Rank  Nationality  Go
0    36          10     9            0   0
1    42          12     4            1   0
2    23           4     6            2   0
3    52           4     4            1   0
4    43          21     8            1   1
5    44          14     5            0   0
6    66           3     7            2   1
7    35          14     9            0   1
8    52          13     7            2   1
9    35           5     9            2   1
10   24           3     5            1   0
11   18           3     7            0   1
12   45           9     9            0   1
[1_1.py:1539] data ==> 
digraph Tree {
node [shape=box] ;
0 [label="Rank <= 6.5\ngini = 0.497\nsamples = 13\nvalue = [6, 7]"] ;
1 [label="gini = 0.0\nsamples = 5\nvalue = [5, 0]"] ;
0 -> 1 [labeldistance=2.5, labelangle=45, headlabel="True"] ;
2 [label="Age <= 39.5\ngini = 0.219\nsamples = 8\nvalue = [1, 7]"] ;
0 -> 2 [labeldistance=2.5, labelangle=-45, headlabel="False"] ;
3 [label="Age <= 35.5\ngini = 0.375\nsamples = 4\nvalue = [1, 3]"] ;
2 -> 3 ;
4 [label="gini = 0.0\nsamples = 3\nvalue = [0, 3]"] ;
3 -> 4 ;
5 [label="gini = 0.0\nsamples = 1\nvalue = [1, 0]"] ;
3 -> 5 ;
6 [label="gini = 0.0\nsamples = 4\nvalue = [0, 4]"] ;
2 -> 6 ;
}
[1_1.py:1601] exec_prog => done

[1_1.py:1636] all done
 
============================  

[1_1.py:1460] starting : test_16_Tree (time=20210418_171128)
[1_1.py:1549] graph ==> 
<pydotplus.graphviz.Dot object at 0x00000000120BF5C0>
[1_1.py:1611] exec_prog => done

[1_1.py:1646] all done
 
============================  

[1_1.py:1460] starting : test_16_Tree (time=20210418_171715)
 
============================  

[1_1.py:1460] starting : test_16_Tree (time=20210418_171738)
 
============================  

[1_1.py:1460] starting : test_16_Tree (time=20210418_172511)
 
============================  
 
============================  

[1_1.py:1462] starting : test_16_Tree (time=20210418_173622)
 
============================  

[1_1.py:1462] starting : test_16_Tree (time=20210419_103319)
 
============================  

[1_1.py:1462] starting : test_16_Tree (time=20210419_103810)

 
============================  

[1_1.py:1462] starting : test_16_Tree (time=20210419_103840)

[1_1.py:1473] sys.path ==>
['C:\\WORKS_2\\WS\\WS_Others.JVEMV6\\JVEMV6\\73_ai\\1_start', 'C:\\WORKS_2\\Programs\\Python\\Python_3.5.1\\python35.zip', 'C:\\WORKS_2\\Programs\\Python\\Python_3.5.1\\DLLs', 'C:\\WORKS_2\\Programs\\Python\\Python_3.5.1\\lib', 'C:\\WORKS_2\\Programs\\Python\\Python_3.5.1', 'C:\\WORKS_2\\Programs\\Python\\Python_3.5.1\\lib\\site-packages', '.', '..', 'C:/WORKS_2/WS/WS_Others/free/fx/82_']
 
============================  

[1_1.py:1462] starting : test_16_Tree (time=20210419_104018)

[1_1.py:1473] sys.path ==>
['C:\\WORKS_2\\WS\\WS_Others.JVEMV6\\JVEMV6\\73_ai\\1_start', 'C:\\WORKS_2\\Programs\\Python\\Python_3.5.1\\python35.zip', 'C:\\WORKS_2\\Programs\\Python\\Python_3.5.1\\DLLs', 'C:\\WORKS_2\\Programs\\Python\\Python_3.5.1\\lib', 'C:\\WORKS_2\\Programs\\Python\\Python_3.5.1', 'C:\\WORKS_2\\Programs\\Python\\Python_3.5.1\\lib\\site-packages', '.', '..', 'C:/WORKS_2/WS/WS_Others/free/fx/82_']

[1_1.py:1484] os.environ["PATH"] ==>
C:\WORKS_2\Programs\Java\jdk1.8.0_144\bin;C:\Program Files (x86)\Common Files\Oracle\Java\javapath;C:\ProgramData\Oracle\Java\javapath;C:\Program Files\Common Files\Microsoft Shared\Windows Live;C:\Program Files (x86)\Common Files\Microsoft Shared\Windows Live;C:\Windows\system32;C:\Windows;C:\Windows\System32\Wbem;C:\Windows\System32\WindowsPowerShell\v1.0\;C:\Program Files (x86)\Windows Live\Shared;C:\Program Files (x86)\ATI Technologies\ATI.ACE\Core-Static;C:\Program Files (x86)\AMD\ATI.ACE\Core-Static;XYZZYHOME;C:\WORKS_2\Programs\Git_2.14.1\cmd;C:\Program Files (x86)\OpenMPI_v1.6.1-x64\bin;C:\WORKS_2\Programs\putty_0.70\;C:\Program Files (x86)\Pico Technology\PicoScope6\;C:\WORKS_2\Programs\Ruby24-x64\bin;C:\Program Files\Microsoft VS Code\bin;C:\Program Files\Docker Toolbox;C:\WORKS_2;;C:\WORKS_2\batches;;C:\WORKS_2\Programs\sakura;;;C:\WORKS_2\Utils\commands;;"C:\WORKS_2\Programs\Git_2.14.1\bin";;C:\WORKS_2\Programs\sqlite-tools-win32-x86-3140200;;C:\xampp_5.6\php;;C:\WORKS_2\Programs\Ruby24-x64\bin;;C:\mingw-w64\x86_64-6.2.0-posix-seh-rt_v5-rev1\mingw64\bin;;C:\WORKS_2\Programs\Python\Python_3.5.1;;C:/WORKS_2/Programs/Python/Python_3.5.1/lib_additional/;C:\WORKS_2\Programs\Python\Python_3.5.1\lib\site-packages\scipy\extra-dll
 
============================  

[1_1.py:1462] starting : test_16_Tree (time=20210419_110313)

[1_1.py:1473] sys.path ==>
['C:\\WORKS_2\\WS\\WS_Others.JVEMV6\\JVEMV6\\73_ai\\1_start', 'C:\\WORKS_2\\Programs\\Python\\Python_3.5.1\\python35.zip', 'C:\\WORKS_2\\Programs\\Python\\Python_3.5.1\\DLLs', 'C:\\WORKS_2\\Programs\\Python\\Python_3.5.1\\lib', 'C:\\WORKS_2\\Programs\\Python\\Python_3.5.1', 'C:\\WORKS_2\\Programs\\Python\\Python_3.5.1\\lib\\site-packages', '.', '..', 'C:/WORKS_2/WS/WS_Others/free/fx/82_']

[1_1.py:1484] os.environ["PATH"] ==>
C:\WORKS_2\Programs\Java\jdk1.8.0_144\bin;C:\Program Files (x86)\Common Files\Oracle\Java\javapath;C:\ProgramData\Oracle\Java\javapath;C:\Program Files\Common Files\Microsoft Shared\Windows Live;C:\Program Files (x86)\Common Files\Microsoft Shared\Windows Live;C:\Windows\system32;C:\Windows;C:\Windows\System32\Wbem;C:\Windows\System32\WindowsPowerShell\v1.0\;C:\Program Files (x86)\Windows Live\Shared;C:\Program Files (x86)\ATI Technologies\ATI.ACE\Core-Static;C:\Program Files (x86)\AMD\ATI.ACE\Core-Static;XYZZYHOME;C:\WORKS_2\Programs\Git_2.14.1\cmd;C:\Program Files (x86)\OpenMPI_v1.6.1-x64\bin;C:\WORKS_2\Programs\putty_0.70\;C:\Program Files (x86)\Pico Technology\PicoScope6\;C:\WORKS_2\Programs\Ruby24-x64\bin;C:\Program Files\Microsoft VS Code\bin;C:\Program Files\Docker Toolbox;C:\WORKS_2;;C:\WORKS_2\batches;;C:\WORKS_2\Programs\sakura;;;C:\WORKS_2\Utils\commands;;"C:\WORKS_2\Programs\Git_2.14.1\bin";;C:\WORKS_2\Programs\sqlite-tools-win32-x86-3140200;;C:\xampp_5.6\php;;C:\WORKS_2\Programs\Ruby24-x64\bin;;C:\mingw-w64\x86_64-6.2.0-posix-seh-rt_v5-rev1\mingw64\bin;;C:\WORKS_2\Programs\Python\Python_3.5.1;;C:/WORKS_2/Programs/Python/Python_3.5.1/lib_additional/;C:\WORKS_2\Programs\Python\Python_3.5.1\lib\site-packages\scipy\extra-dll
 
============================  
 
============================  

[1_1.py:1462] starting : test_16_Tree (time=20210419_110910)

[1_1.py:1473] sys.path ==>
['C:\\WORKS_2\\WS\\WS_Others.JVEMV6\\JVEMV6\\73_ai\\1_start', 'C:\\WORKS_2\\Programs\\Python\\Python_3.5.1\\python35.zip', 'C:\\WORKS_2\\Programs\\Python\\Python_3.5.1\\DLLs', 'C:\\WORKS_2\\Programs\\Python\\Python_3.5.1\\lib', 'C:\\WORKS_2\\Programs\\Python\\Python_3.5.1', 'C:\\WORKS_2\\Programs\\Python\\Python_3.5.1\\lib\\site-packages', '.', '..', 'C:/WORKS_2/WS/WS_Others/free/fx/82_']

[1_1.py:1484] os.environ["PATH"] ==>
C:\WORKS_2\Programs\Java\jdk1.8.0_144\bin;C:\Program Files (x86)\Common Files\Oracle\Java\javapath;C:\ProgramData\Oracle\Java\javapath;C:\Program Files\Common Files\Microsoft Shared\Windows Live;C:\Program Files (x86)\Common Files\Microsoft Shared\Windows Live;C:\Windows\system32;C:\Windows;C:\Windows\System32\Wbem;C:\Windows\System32\WindowsPowerShell\v1.0\;C:\Program Files (x86)\Windows Live\Shared;C:\Program Files (x86)\ATI Technologies\ATI.ACE\Core-Static;C:\Program Files (x86)\AMD\ATI.ACE\Core-Static;XYZZYHOME;C:\WORKS_2\Programs\Git_2.14.1\cmd;C:\Program Files (x86)\OpenMPI_v1.6.1-x64\bin;C:\WORKS_2\Programs\putty_0.70\;C:\Program Files (x86)\Pico Technology\PicoScope6\;C:\WORKS_2\Programs\Ruby24-x64\bin;C:\Program Files\Microsoft VS Code\bin;C:\Program Files\Docker Toolbox;C:\WORKS_2;;C:\WORKS_2\batches;;C:\WORKS_2\Programs\sakura;;;C:\WORKS_2\Utils\commands;;"C:\WORKS_2\Programs\Git_2.14.1\bin";;C:\WORKS_2\Programs\sqlite-tools-win32-x86-3140200;;C:\xampp_5.6\php;;C:\WORKS_2\Programs\Ruby24-x64\bin;;C:\mingw-w64\x86_64-6.2.0-posix-seh-rt_v5-rev1\mingw64\bin;;C:\WORKS_2\Programs\Python\Python_3.5.1;;C:/WORKS_2/Programs/Python/Python_3.5.1/lib_additional/;C:\WORKS_2\Programs\Python\Python_3.5.1\lib\site-packages\scipy\extra-dll

 
============================  
 
============================  

[1_1.py:1462] starting : test_16_Tree (time=20210419_111259)

[1_1.py:1473] sys.path ==>
['C:\\WORKS_2\\WS\\WS_Others.JVEMV6\\JVEMV6\\73_ai\\1_start', 'C:\\WORKS_2\\Programs\\Python\\Python_3.5.1\\python35.zip', 'C:\\WORKS_2\\Programs\\Python\\Python_3.5.1\\DLLs', 'C:\\WORKS_2\\Programs\\Python\\Python_3.5.1\\lib', 'C:\\WORKS_2\\Programs\\Python\\Python_3.5.1', 'C:\\WORKS_2\\Programs\\Python\\Python_3.5.1\\lib\\site-packages', '.', '..', 'C:/WORKS_2/WS/WS_Others/free/fx/82_', 'C:/WORKS_2/WS/WS_Others/free/fx/82_']

[1_1.py:1484] os.environ["PATH"] ==>
C:\WORKS_2\Programs\Java\jdk1.8.0_144\bin;C:\Program Files (x86)\Common Files\Oracle\Java\javapath;C:\ProgramData\Oracle\Java\javapath;C:\Program Files\Common Files\Microsoft Shared\Windows Live;C:\Program Files (x86)\Common Files\Microsoft Shared\Windows Live;C:\Windows\system32;C:\Windows;C:\Windows\System32\Wbem;C:\Windows\System32\WindowsPowerShell\v1.0\;C:\Program Files (x86)\Windows Live\Shared;C:\Program Files (x86)\ATI Technologies\ATI.ACE\Core-Static;C:\Program Files (x86)\AMD\ATI.ACE\Core-Static;XYZZYHOME;C:\WORKS_2\Programs\Git_2.14.1\cmd;C:\Program Files (x86)\OpenMPI_v1.6.1-x64\bin;C:\WORKS_2\Programs\putty_0.70\;C:\Program Files (x86)\Pico Technology\PicoScope6\;C:\WORKS_2\Programs\Ruby24-x64\bin;C:\Program Files\Microsoft VS Code\bin;C:\Program Files\Docker Toolbox;C:\WORKS_2;;C:\WORKS_2\batches;;C:\WORKS_2\Programs\sakura;;;C:\WORKS_2\Utils\commands;;"C:\WORKS_2\Programs\Git_2.14.1\bin";;C:\WORKS_2\Programs\sqlite-tools-win32-x86-3140200;;C:\xampp_5.6\php;;C:\WORKS_2\Programs\Ruby24-x64\bin;;C:\mingw-w64\x86_64-6.2.0-posix-seh-rt_v5-rev1\mingw64\bin;;C:\WORKS_2\Programs\Python\Python_3.5.1;;C:/WORKS_2/Programs/Python/Python_3.5.1/lib_additional/;C:\WORKS_2\Programs\Python\Python_3.5.1\lib\site-packages\scipy\extra-dll

##mark:20210419_111844

[graphviz.py:495] path : C:\WORKS_2\Programs\Java\jdk1.8.0_144\bin ==> result : False

[graphviz.py:495] path : C:\Program Files (x86)\Common Files\Oracle\Java\javapath ==> result : False

[graphviz.py:495] path : C:\ProgramData\Oracle\Java\javapath ==> result : False

[graphviz.py:495] path : C:\Program Files\Common Files\Microsoft Shared\Windows Live ==> result : False

[graphviz.py:495] path : C:\Program Files (x86)\Common Files\Microsoft Shared\Windows Live ==> result : False

[graphviz.py:495] path : C:\Windows\system32 ==> result : False

[graphviz.py:495] path : C:\Windows ==> result : False

[graphviz.py:495] path : C:\Windows\System32\Wbem ==> result : False

[graphviz.py:495] path : C:\Windows\System32\WindowsPowerShell\v1.0\ ==> result : False

[graphviz.py:495] path : C:\Program Files (x86)\Windows Live\Shared ==> result : False

[graphviz.py:495] path : C:\Program Files (x86)\ATI Technologies\ATI.ACE\Core-Static ==> result : False

[graphviz.py:495] path : C:\Program Files (x86)\AMD\ATI.ACE\Core-Static ==> result : False

[graphviz.py:495] path : XYZZYHOME ==> result : False

[graphviz.py:495] path : C:\WORKS_2\Programs\Git_2.14.1\cmd ==> result : False

[graphviz.py:495] path : C:\Program Files (x86)\OpenMPI_v1.6.1-x64\bin ==> result : False

[graphviz.py:495] path : C:\WORKS_2\Programs\putty_0.70\ ==> result : False

[graphviz.py:495] path : C:\Program Files (x86)\Pico Technology\PicoScope6\ ==> result : False

[graphviz.py:495] path : C:\WORKS_2\Programs\Ruby24-x64\bin ==> result : False

[graphviz.py:495] path : C:\Program Files\Microsoft VS Code\bin ==> result : False

[graphviz.py:495] path : C:\Program Files\Docker Toolbox ==> result : False

[graphviz.py:495] path : C:\WORKS_2 ==> result : False

[graphviz.py:495] path :  ==> result : False

[graphviz.py:495] path : C:\WORKS_2\batches ==> result : False

[graphviz.py:495] path :  ==> result : False

[graphviz.py:495] path : C:\WORKS_2\Programs\sakura ==> result : False

[graphviz.py:495] path :  ==> result : False

[graphviz.py:495] path :  ==> result : False

[graphviz.py:495] path : C:\WORKS_2\Utils\commands ==> result : False

[graphviz.py:495] path :  ==> result : False

[graphviz.py:495] path : C:\WORKS_2\Programs\Git_2.14.1\bin ==> result : False

[graphviz.py:495] path :  ==> result : False

[graphviz.py:495] path : C:\WORKS_2\Programs\sqlite-tools-win32-x86-3140200 ==> result : False

[graphviz.py:495] path :  ==> result : False

[graphviz.py:495] path : C:\xampp_5.6\php ==> result : False

[graphviz.py:495] path :  ==> result : False

[graphviz.py:495] path : C:\WORKS_2\Programs\Ruby24-x64\bin ==> result : False

[graphviz.py:495] path :  ==> result : False

[graphviz.py:495] path : C:\mingw-w64\x86_64-6.2.0-posix-seh-rt_v5-rev1\mingw64\bin ==> result : False

[graphviz.py:495] path :  ==> result : False

[graphviz.py:495] path : C:\WORKS_2\Programs\Python\Python_3.5.1 ==> result : False

[graphviz.py:495] path :  ==> result : False

[graphviz.py:495] path : C:/WORKS_2/Programs/Python/Python_3.5.1/lib_additional/ ==> result : False

[graphviz.py:495] path : C:\WORKS_2\Programs\Python\Python_3.5.1\lib\site-packages\scipy\extra-dll ==> result : False

[graphviz.py:495] path : C:\Program Files\ATT\GraphViz\bin ==> result : False

[graphviz.py:495] path : /usr/bin ==> result : False

[graphviz.py:495] path : /usr/local/bin ==> result : False

[graphviz.py:495] path : /opt/local/bin ==> result : False

[graphviz.py:495] path : /opt/bin ==> result : False

[graphviz.py:495] path : /sw/bin ==> result : False

[graphviz.py:495] path : /usr/share ==> result : False

[graphviz.py:495] path : /Applications/Graphviz.app/Contents/MacOS/ ==> result : False
 
============================  

[1_1.py:1462] starting : test_16_Tree (time=20210419_113037)

[1_1.py:1473] sys.path ==>
['C:\\WORKS_2\\WS\\WS_Others.JVEMV6\\JVEMV6\\73_ai\\1_start', 'C:\\WORKS_2\\Programs\\Python\\Python_3.5.1\\python35.zip', 'C:\\WORKS_2\\Programs\\Python\\Python_3.5.1\\DLLs', 'C:\\WORKS_2\\Programs\\Python\\Python_3.5.1\\lib', 'C:\\WORKS_2\\Programs\\Python\\Python_3.5.1', 'C:\\WORKS_2\\Programs\\Python\\Python_3.5.1\\lib\\site-packages', '.', '..', 'C:/WORKS_2/WS/WS_Others/free/fx/82_', 'C:/WORKS_2/WS/WS_Others/free/fx/82_']

[1_1.py:1484] os.environ["PATH"] ==>
C:\WORKS_2\Programs\Java\jdk1.8.0_144\bin;C:\Program Files (x86)\Common Files\Oracle\Java\javapath;C:\ProgramData\Oracle\Java\javapath;C:\Program Files\Common Files\Microsoft Shared\Windows Live;C:\Program Files (x86)\Common Files\Microsoft Shared\Windows Live;C:\Windows\system32;C:\Windows;C:\Windows\System32\Wbem;C:\Windows\System32\WindowsPowerShell\v1.0\;C:\Program Files (x86)\Windows Live\Shared;C:\Program Files (x86)\ATI Technologies\ATI.ACE\Core-Static;C:\Program Files (x86)\AMD\ATI.ACE\Core-Static;XYZZYHOME;C:\WORKS_2\Programs\Git_2.14.1\cmd;C:\Program Files (x86)\OpenMPI_v1.6.1-x64\bin;C:\WORKS_2\Programs\putty_0.70\;C:\Program Files (x86)\Pico Technology\PicoScope6\;C:\WORKS_2\Programs\Ruby24-x64\bin;C:\Program Files\Microsoft VS Code\bin;C:\Program Files\Docker Toolbox;C:\WORKS_2;;C:\WORKS_2\batches;;C:\WORKS_2\Programs\sakura;;;C:\WORKS_2\Utils\commands;;"C:\WORKS_2\Programs\Git_2.14.1\bin";;C:\WORKS_2\Programs\sqlite-tools-win32-x86-3140200;;C:\xampp_5.6\php;;C:\WORKS_2\Programs\Ruby24-x64\bin;;C:\mingw-w64\x86_64-6.2.0-posix-seh-rt_v5-rev1\mingw64\bin;;C:\WORKS_2\Programs\Python\Python_3.5.1;;C:/WORKS_2/Programs/Python/Python_3.5.1/lib_additional/;C:\WORKS_2\Programs\Python\Python_3.5.1\lib\site-packages\scipy\extra-dll;C:/WORKS_2/Programs/Python/Python_3.5.1/Lib/

[graphviz.py:501] path : C:\WORKS_2\Programs\Java\jdk1.8.0_144\bin ==> result : False

[graphviz.py:501] path : C:\Program Files (x86)\Common Files\Oracle\Java\javapath ==> result : False

[graphviz.py:501] path : C:\ProgramData\Oracle\Java\javapath ==> result : False

[graphviz.py:501] path : C:\Program Files\Common Files\Microsoft Shared\Windows Live ==> result : False

[graphviz.py:501] path : C:\Program Files (x86)\Common Files\Microsoft Shared\Windows Live ==> result : False

[graphviz.py:501] path : C:\Windows\system32 ==> result : False

[graphviz.py:501] path : C:\Windows ==> result : False

[graphviz.py:501] path : C:\Windows\System32\Wbem ==> result : False

[graphviz.py:501] path : C:\Windows\System32\WindowsPowerShell\v1.0\ ==> result : False

[graphviz.py:501] path : C:\Program Files (x86)\Windows Live\Shared ==> result : False

[graphviz.py:501] path : C:\Program Files (x86)\ATI Technologies\ATI.ACE\Core-Static ==> result : False

[graphviz.py:501] path : C:\Program Files (x86)\AMD\ATI.ACE\Core-Static ==> result : False

[graphviz.py:501] path : XYZZYHOME ==> result : False

[graphviz.py:501] path : C:\WORKS_2\Programs\Git_2.14.1\cmd ==> result : False

[graphviz.py:501] path : C:\Program Files (x86)\OpenMPI_v1.6.1-x64\bin ==> result : False

[graphviz.py:501] path : C:\WORKS_2\Programs\putty_0.70\ ==> result : False

[graphviz.py:501] path : C:\Program Files (x86)\Pico Technology\PicoScope6\ ==> result : False

[graphviz.py:501] path : C:\WORKS_2\Programs\Ruby24-x64\bin ==> result : False

[graphviz.py:501] path : C:\Program Files\Microsoft VS Code\bin ==> result : False

[graphviz.py:501] path : C:\Program Files\Docker Toolbox ==> result : False

[graphviz.py:501] path : C:\WORKS_2 ==> result : False

[graphviz.py:501] path :  ==> result : False

[graphviz.py:501] path : C:\WORKS_2\batches ==> result : False

[graphviz.py:501] path :  ==> result : False

[graphviz.py:501] path : C:\WORKS_2\Programs\sakura ==> result : False

[graphviz.py:501] path :  ==> result : False

[graphviz.py:501] path :  ==> result : False

[graphviz.py:501] path : C:\WORKS_2\Utils\commands ==> result : False

[graphviz.py:501] path :  ==> result : False

[graphviz.py:501] path : C:\WORKS_2\Programs\Git_2.14.1\bin ==> result : False

[graphviz.py:501] path :  ==> result : False

[graphviz.py:501] path : C:\WORKS_2\Programs\sqlite-tools-win32-x86-3140200 ==> result : False

[graphviz.py:501] path :  ==> result : False

[graphviz.py:501] path : C:\xampp_5.6\php ==> result : False

[graphviz.py:501] path :  ==> result : False

[graphviz.py:501] path : C:\WORKS_2\Programs\Ruby24-x64\bin ==> result : False

[graphviz.py:501] path :  ==> result : False

[graphviz.py:501] path : C:\mingw-w64\x86_64-6.2.0-posix-seh-rt_v5-rev1\mingw64\bin ==> result : False

[graphviz.py:501] path :  ==> result : False

[graphviz.py:501] path : C:\WORKS_2\Programs\Python\Python_3.5.1 ==> result : False

[graphviz.py:501] path :  ==> result : False

[graphviz.py:501] path : C:/WORKS_2/Programs/Python/Python_3.5.1/lib_additional/ ==> result : False

[graphviz.py:501] path : C:\WORKS_2\Programs\Python\Python_3.5.1\lib\site-packages\scipy\extra-dll ==> result : False

##mark:20210419_113303
[graphviz.py:501] path : C:/WORKS_2/Programs/Python/Python_3.5.1/Lib/ ==> result : True
 
============================  

[1_1.py:1462] starting : test_16_Tree (time=20210419_113845)

[1_1.py:1473] sys.path ==>
['C:\\WORKS_2\\WS\\WS_Others.JVEMV6\\JVEMV6\\73_ai\\1_start', 'C:\\WORKS_2\\Programs\\Python\\Python_3.5.1\\python35.zip', 'C:\\WORKS_2\\Programs\\Python\\Python_3.5.1\\DLLs', 'C:\\WORKS_2\\Programs\\Python\\Python_3.5.1\\lib', 'C:\\WORKS_2\\Programs\\Python\\Python_3.5.1', 'C:\\WORKS_2\\Programs\\Python\\Python_3.5.1\\lib\\site-packages', '.', '..', 'C:/WORKS_2/WS/WS_Others/free/fx/82_', 'C:/WORKS_2/WS/WS_Others/free/fx/82_']

[1_1.py:1484] os.environ["PATH"] ==>
C:\WORKS_2\Programs\Java\jdk1.8.0_144\bin;C:\Program Files (x86)\Common Files\Oracle\Java\javapath;C:\ProgramData\Oracle\Java\javapath;C:\Program Files\Common Files\Microsoft Shared\Windows Live;C:\Program Files (x86)\Common Files\Microsoft Shared\Windows Live;C:\Windows\system32;C:\Windows;C:\Windows\System32\Wbem;C:\Windows\System32\WindowsPowerShell\v1.0\;C:\Program Files (x86)\Windows Live\Shared;C:\Program Files (x86)\ATI Technologies\ATI.ACE\Core-Static;C:\Program Files (x86)\AMD\ATI.ACE\Core-Static;XYZZYHOME;C:\WORKS_2\Programs\Git_2.14.1\cmd;C:\Program Files (x86)\OpenMPI_v1.6.1-x64\bin;C:\WORKS_2\Programs\putty_0.70\;C:\Program Files (x86)\Pico Technology\PicoScope6\;C:\WORKS_2\Programs\Ruby24-x64\bin;C:\Program Files\Microsoft VS Code\bin;C:\Program Files\Docker Toolbox;C:\WORKS_2;;C:\WORKS_2\batches;;C:\WORKS_2\Programs\sakura;;;C:\WORKS_2\Utils\commands;;"C:\WORKS_2\Programs\Git_2.14.1\bin";;C:\WORKS_2\Programs\sqlite-tools-win32-x86-3140200;;C:\xampp_5.6\php;;C:\WORKS_2\Programs\Ruby24-x64\bin;;C:\mingw-w64\x86_64-6.2.0-posix-seh-rt_v5-rev1\mingw64\bin;;C:\WORKS_2\Programs\Python\Python_3.5.1;;C:/WORKS_2/Programs/Python/Python_3.5.1/lib_additional/;C:\WORKS_2\Programs\Python\Python_3.5.1\lib\site-packages\scipy\extra-dll;C:/WORKS_2/Programs/Python/Python_3.5.1/Lib/

[graphviz.py:501] path : C:\WORKS_2\Programs\Java\jdk1.8.0_144\bin ==> result : False

[graphviz.py:501] path : C:\Program Files (x86)\Common Files\Oracle\Java\javapath ==> result : False

[graphviz.py:501] path : C:\ProgramData\Oracle\Java\javapath ==> result : False

[graphviz.py:501] path : C:\Program Files\Common Files\Microsoft Shared\Windows Live ==> result : False

[graphviz.py:501] path : C:\Program Files (x86)\Common Files\Microsoft Shared\Windows Live ==> result : False

[graphviz.py:501] path : C:\Windows\system32 ==> result : False

[graphviz.py:501] path : C:\Windows ==> result : False

[graphviz.py:501] path : C:\Windows\System32\Wbem ==> result : False

[graphviz.py:501] path : C:\Windows\System32\WindowsPowerShell\v1.0\ ==> result : False

[graphviz.py:501] path : C:\Program Files (x86)\Windows Live\Shared ==> result : False

[graphviz.py:501] path : C:\Program Files (x86)\ATI Technologies\ATI.ACE\Core-Static ==> result : False

[graphviz.py:501] path : C:\Program Files (x86)\AMD\ATI.ACE\Core-Static ==> result : False

[graphviz.py:501] path : XYZZYHOME ==> result : False

[graphviz.py:501] path : C:\WORKS_2\Programs\Git_2.14.1\cmd ==> result : False

[graphviz.py:501] path : C:\Program Files (x86)\OpenMPI_v1.6.1-x64\bin ==> result : False

[graphviz.py:501] path : C:\WORKS_2\Programs\putty_0.70\ ==> result : False

[graphviz.py:501] path : C:\Program Files (x86)\Pico Technology\PicoScope6\ ==> result : False

[graphviz.py:501] path : C:\WORKS_2\Programs\Ruby24-x64\bin ==> result : False

[graphviz.py:501] path : C:\Program Files\Microsoft VS Code\bin ==> result : False

[graphviz.py:501] path : C:\Program Files\Docker Toolbox ==> result : False

[graphviz.py:501] path : C:\WORKS_2 ==> result : False

[graphviz.py:501] path :  ==> result : False

[graphviz.py:501] path : C:\WORKS_2\batches ==> result : False

[graphviz.py:501] path :  ==> result : False

[graphviz.py:501] path : C:\WORKS_2\Programs\sakura ==> result : False

[graphviz.py:501] path :  ==> result : False

[graphviz.py:501] path :  ==> result : False

[graphviz.py:501] path : C:\WORKS_2\Utils\commands ==> result : False

[graphviz.py:501] path :  ==> result : False

[graphviz.py:501] path : C:\WORKS_2\Programs\Git_2.14.1\bin ==> result : False

[graphviz.py:501] path :  ==> result : False

[graphviz.py:501] path : C:\WORKS_2\Programs\sqlite-tools-win32-x86-3140200 ==> result : False

[graphviz.py:501] path :  ==> result : False

[graphviz.py:501] path : C:\xampp_5.6\php ==> result : False

[graphviz.py:501] path :  ==> result : False

[graphviz.py:501] path : C:\WORKS_2\Programs\Ruby24-x64\bin ==> result : False

[graphviz.py:501] path :  ==> result : False

[graphviz.py:501] path : C:\mingw-w64\x86_64-6.2.0-posix-seh-rt_v5-rev1\mingw64\bin ==> result : False

[graphviz.py:501] path :  ==> result : False

[graphviz.py:501] path : C:\WORKS_2\Programs\Python\Python_3.5.1 ==> result : False

[graphviz.py:501] path :  ==> result : False

[graphviz.py:501] path : C:/WORKS_2/Programs/Python/Python_3.5.1/lib_additional/ ==> result : False

[graphviz.py:501] path : C:\WORKS_2\Programs\Python\Python_3.5.1\lib\site-packages\scipy\extra-dll ==> result : False

[graphviz.py:501] path : C:/WORKS_2/Programs/Python/Python_3.5.1/Lib/ ==> result : True

[graphviz.py:2025] cmdline ==> '['C:/WORKS_2/Programs/Python/Python_3.5.1/Lib/dot.exe', '-Tpng', 'C:\\Users\\IWABUC~1\\AppData\\Local\\Temp\\tmprfknlrcr']'
 
============================  

[1_1.py:1462] starting : test_16_Tree (time=20210419_115110)

[1_1.py:1473] sys.path ==>
['C:\\WORKS_2\\WS\\WS_Others.JVEMV6\\JVEMV6\\73_ai\\1_start', 'C:\\WORKS_2\\Programs\\Python\\Python_3.5.1\\python35.zip', 'C:\\WORKS_2\\Programs\\Python\\Python_3.5.1\\DLLs', 'C:\\WORKS_2\\Programs\\Python\\Python_3.5.1\\lib', 'C:\\WORKS_2\\Programs\\Python\\Python_3.5.1', 'C:\\WORKS_2\\Programs\\Python\\Python_3.5.1\\lib\\site-packages', 'C:/WORKS_2/WS/WS_Others/free/fx/82_', '.', '..', 'C:/WORKS_2/WS/WS_Others/free/fx/82_', 'C:/WORKS_2/WS/WS_Others/free/fx/82_']

[1_1.py:1484] os.environ["PATH"] ==>
C:\WORKS_2\Programs\Java\jdk1.8.0_144\bin;C:\Program Files (x86)\Common Files\Oracle\Java\javapath;C:\ProgramData\Oracle\Java\javapath;C:\Program Files\Common Files\Microsoft Shared\Windows Live;C:\Program Files (x86)\Common Files\Microsoft Shared\Windows Live;C:\Windows\system32;C:\Windows;C:\Windows\System32\Wbem;C:\Windows\System32\WindowsPowerShell\v1.0\;C:\Program Files (x86)\Windows Live\Shared;C:\Program Files (x86)\ATI Technologies\ATI.ACE\Core-Static;C:\Program Files (x86)\AMD\ATI.ACE\Core-Static;XYZZYHOME;C:\WORKS_2\Programs\Git_2.14.1\cmd;C:\Program Files (x86)\OpenMPI_v1.6.1-x64\bin;C:\WORKS_2\Programs\putty_0.70\;C:\Program Files (x86)\Pico Technology\PicoScope6\;C:\WORKS_2\Programs\Ruby24-x64\bin;C:\Program Files\Microsoft VS Code\bin;C:\Program Files\Docker Toolbox;C:\WORKS_2;;C:\WORKS_2\batches;;C:\WORKS_2\Programs\sakura;;;C:\WORKS_2\Utils\commands;;"C:\WORKS_2\Programs\Git_2.14.1\bin";;C:\WORKS_2\Programs\sqlite-tools-win32-x86-3140200;;C:\xampp_5.6\php;;C:\WORKS_2\Programs\Ruby24-x64\bin;;C:\mingw-w64\x86_64-6.2.0-posix-seh-rt_v5-rev1\mingw64\bin;;C:\WORKS_2\Programs\Python\Python_3.5.1;;C:/WORKS_2/Programs/Python/Python_3.5.1/lib_additional/;C:\WORKS_2\Programs\Python\Python_3.5.1\lib\site-packages\scipy\extra-dll;C:/WORKS_2/Programs/Python/Python_3.5.1/Lib/

[graphviz.py:2025] cmdline ==> '['C:/WORKS_2/Programs/Python/Python_3.5.1/Lib/dot.exe', '-Tpng', 'C:\\Users\\IWABUC~1\\AppData\\Local\\Temp\\tmp1wrgb6pr']'

 
============================  

[1_1.py:1462] starting : test_16_Tree (time=20210419_115127)

[1_1.py:1473] sys.path ==>
['C:\\WORKS_2\\WS\\WS_Others.JVEMV6\\JVEMV6\\73_ai\\1_start', 'C:\\WORKS_2\\Programs\\Python\\Python_3.5.1\\python35.zip', 'C:\\WORKS_2\\Programs\\Python\\Python_3.5.1\\DLLs', 'C:\\WORKS_2\\Programs\\Python\\Python_3.5.1\\lib', 'C:\\WORKS_2\\Programs\\Python\\Python_3.5.1', 'C:\\WORKS_2\\Programs\\Python\\Python_3.5.1\\lib\\site-packages', 'C:/WORKS_2/WS/WS_Others/free/fx/82_', '.', '..', 'C:/WORKS_2/WS/WS_Others/free/fx/82_', 'C:/WORKS_2/WS/WS_Others/free/fx/82_']

[1_1.py:1484] os.environ["PATH"] ==>
C:\WORKS_2\Programs\Java\jdk1.8.0_144\bin;C:\Program Files (x86)\Common Files\Oracle\Java\javapath;C:\ProgramData\Oracle\Java\javapath;C:\Program Files\Common Files\Microsoft Shared\Windows Live;C:\Program Files (x86)\Common Files\Microsoft Shared\Windows Live;C:\Windows\system32;C:\Windows;C:\Windows\System32\Wbem;C:\Windows\System32\WindowsPowerShell\v1.0\;C:\Program Files (x86)\Windows Live\Shared;C:\Program Files (x86)\ATI Technologies\ATI.ACE\Core-Static;C:\Program Files (x86)\AMD\ATI.ACE\Core-Static;XYZZYHOME;C:\WORKS_2\Programs\Git_2.14.1\cmd;C:\Program Files (x86)\OpenMPI_v1.6.1-x64\bin;C:\WORKS_2\Programs\putty_0.70\;C:\Program Files (x86)\Pico Technology\PicoScope6\;C:\WORKS_2\Programs\Ruby24-x64\bin;C:\Program Files\Microsoft VS Code\bin;C:\Program Files\Docker Toolbox;C:\WORKS_2;;C:\WORKS_2\batches;;C:\WORKS_2\Programs\sakura;;;C:\WORKS_2\Utils\commands;;"C:\WORKS_2\Programs\Git_2.14.1\bin";;C:\WORKS_2\Programs\sqlite-tools-win32-x86-3140200;;C:\xampp_5.6\php;;C:\WORKS_2\Programs\Ruby24-x64\bin;;C:\mingw-w64\x86_64-6.2.0-posix-seh-rt_v5-rev1\mingw64\bin;;C:\WORKS_2\Programs\Python\Python_3.5.1;;C:/WORKS_2/Programs/Python/Python_3.5.1/lib_additional/;C:\WORKS_2\Programs\Python\Python_3.5.1\lib\site-packages\scipy\extra-dll;C:/WORKS_2/Programs/Python/Python_3.5.1/Lib/

[graphviz.py:2025] cmdline ==> '['C:/WORKS_2/Programs/Python/Python_3.5.1/Lib/dot.exe', '-Tpng', 'C:\\Users\\IWABUC~1\\AppData\\Local\\Temp\\tmp73gsl4hy']'

[subprocess.py:1227] executable = 'None', args = 'C:/WORKS_2/Programs/Python/Python_3.5.1/Lib/dot.exe -Tpng C:\Users\IWABUC~1\AppData\Local\Temp\tmp73gsl4hy'
 
============================  
 
============================  

[1_1.py:1462] starting : test_16_Tree (time=20210419_135357)

[1_1.py:1473] sys.path ==>
['C:\\WORKS_2\\WS\\WS_Others.JVEMV6\\JVEMV6\\73_ai\\1_start', 'C:\\WORKS_2\\Programs\\Python\\Python_3.5.1\\python35.zip', 'C:\\WORKS_2\\Programs\\Python\\Python_3.5.1\\DLLs', 'C:\\WORKS_2\\Programs\\Python\\Python_3.5.1\\lib', 'C:\\WORKS_2\\Programs\\Python\\Python_3.5.1', 'C:\\WORKS_2\\Programs\\Python\\Python_3.5.1\\lib\\site-packages', 'C:/WORKS_2/WS/WS_Others/free/fx/82_', '.', '..', 'C:/WORKS_2/WS/WS_Others/free/fx/82_', 'C:/WORKS_2/WS/WS_Others/free/fx/82_']

[1_1.py:1484] os.environ["PATH"] ==>
C:\WORKS_2\Programs\Java\jdk1.8.0_144\bin;C:\Program Files (x86)\Common Files\Oracle\Java\javapath;C:\ProgramData\Oracle\Java\javapath;C:\Program Files\Common Files\Microsoft Shared\Windows Live;C:\Program Files (x86)\Common Files\Microsoft Shared\Windows Live;C:\Windows\system32;C:\Windows;C:\Windows\System32\Wbem;C:\Windows\System32\WindowsPowerShell\v1.0\;C:\Program Files (x86)\Windows Live\Shared;C:\Program Files (x86)\ATI Technologies\ATI.ACE\Core-Static;C:\Program Files (x86)\AMD\ATI.ACE\Core-Static;XYZZYHOME;C:\WORKS_2\Programs\Git_2.14.1\cmd;C:\Program Files (x86)\OpenMPI_v1.6.1-x64\bin;C:\WORKS_2\Programs\putty_0.70\;C:\Program Files (x86)\Pico Technology\PicoScope6\;C:\WORKS_2\Programs\Ruby24-x64\bin;C:\Program Files\Microsoft VS Code\bin;C:\Program Files\Docker Toolbox;C:\WORKS_2;;C:\WORKS_2\batches;;C:\WORKS_2\Programs\sakura;;;C:\WORKS_2\Utils\commands;;"C:\WORKS_2\Programs\Git_2.14.1\bin";;C:\WORKS_2\Programs\sqlite-tools-win32-x86-3140200;;C:\xampp_5.6\php;;C:\WORKS_2\Programs\Ruby24-x64\bin;;C:\mingw-w64\x86_64-6.2.0-posix-seh-rt_v5-rev1\mingw64\bin;;C:\WORKS_2\Programs\Python\Python_3.5.1;;C:/WORKS_2/Programs/Python/Python_3.5.1/lib_additional/;C:\WORKS_2\Programs\Python\Python_3.5.1\lib\site-packages\scipy\extra-dll;C:/WORKS_2/Programs/Graphviz/bin

[graphviz.py:503] path : C:\WORKS_2\Programs\Java\jdk1.8.0_144\bin ==> result : False

[graphviz.py:503] path : C:\Program Files (x86)\Common Files\Oracle\Java\javapath ==> result : False

[graphviz.py:503] path : C:\ProgramData\Oracle\Java\javapath ==> result : False

[graphviz.py:503] path : C:\Program Files\Common Files\Microsoft Shared\Windows Live ==> result : False

[graphviz.py:503] path : C:\Program Files (x86)\Common Files\Microsoft Shared\Windows Live ==> result : False

[graphviz.py:503] path : C:\Windows\system32 ==> result : False

[graphviz.py:503] path : C:\Windows ==> result : False

[graphviz.py:503] path : C:\Windows\System32\Wbem ==> result : False

[graphviz.py:503] path : C:\Windows\System32\WindowsPowerShell\v1.0\ ==> result : False

[graphviz.py:503] path : C:\Program Files (x86)\Windows Live\Shared ==> result : False

[graphviz.py:503] path : C:\Program Files (x86)\ATI Technologies\ATI.ACE\Core-Static ==> result : False

[graphviz.py:503] path : C:\Program Files (x86)\AMD\ATI.ACE\Core-Static ==> result : False

[graphviz.py:503] path : XYZZYHOME ==> result : False

[graphviz.py:503] path : C:\WORKS_2\Programs\Git_2.14.1\cmd ==> result : False

[graphviz.py:503] path : C:\Program Files (x86)\OpenMPI_v1.6.1-x64\bin ==> result : False

[graphviz.py:503] path : C:\WORKS_2\Programs\putty_0.70\ ==> result : False

[graphviz.py:503] path : C:\Program Files (x86)\Pico Technology\PicoScope6\ ==> result : False

[graphviz.py:503] path : C:\WORKS_2\Programs\Ruby24-x64\bin ==> result : False

[graphviz.py:503] path : C:\Program Files\Microsoft VS Code\bin ==> result : False

[graphviz.py:503] path : C:\Program Files\Docker Toolbox ==> result : False

[graphviz.py:503] path : C:\WORKS_2 ==> result : False

[graphviz.py:503] path :  ==> result : False

[graphviz.py:503] path : C:\WORKS_2\batches ==> result : False

[graphviz.py:503] path :  ==> result : False

[graphviz.py:503] path : C:\WORKS_2\Programs\sakura ==> result : False

[graphviz.py:503] path :  ==> result : False

[graphviz.py:503] path :  ==> result : False

[graphviz.py:503] path : C:\WORKS_2\Utils\commands ==> result : False

[graphviz.py:503] path :  ==> result : False

[graphviz.py:503] path : C:\WORKS_2\Programs\Git_2.14.1\bin ==> result : False

[graphviz.py:503] path :  ==> result : False

[graphviz.py:503] path : C:\WORKS_2\Programs\sqlite-tools-win32-x86-3140200 ==> result : False

[graphviz.py:503] path :  ==> result : False

[graphviz.py:503] path : C:\xampp_5.6\php ==> result : False

[graphviz.py:503] path :  ==> result : False

[graphviz.py:503] path : C:\WORKS_2\Programs\Ruby24-x64\bin ==> result : False

[graphviz.py:503] path :  ==> result : False

[graphviz.py:503] path : C:\mingw-w64\x86_64-6.2.0-posix-seh-rt_v5-rev1\mingw64\bin ==> result : False

[graphviz.py:503] path :  ==> result : False

[graphviz.py:503] path : C:\WORKS_2\Programs\Python\Python_3.5.1 ==> result : False

[graphviz.py:503] path :  ==> result : False

[graphviz.py:503] path : C:/WORKS_2/Programs/Python/Python_3.5.1/lib_additional/ ==> result : False

[graphviz.py:503] path : C:\WORKS_2\Programs\Python\Python_3.5.1\lib\site-packages\scipy\extra-dll ==> result : False

[graphviz.py:503] path : C:/WORKS_2/Programs/Graphviz/bin ==> result : True

[graphviz.py:2027] cmdline ==> '['C:/WORKS_2/Programs/Graphviz/bin\\dot.exe', '-Tpng', 'C:\\Users\\IWABUC~1\\AppData\\Local\\Temp\\tmph1r0d5_0']'

[subprocess.py:1227] executable = 'None', args = 'C:/WORKS_2/Programs/Graphviz/bin\dot.exe -Tpng C:\Users\IWABUC~1\AppData\Local\Temp\tmph1r0d5_0'
[1_1.py:1596] graph.write_png ==> ./data/s-9\mydecisiontree.20210419_135358.png
[1_1.py:1658] exec_prog => done

[1_1.py:1693] all done
 
============================  

[1_1.py:1462] starting : test_16_Tree (time=20210419_141744)

[1_1.py:1473] sys.path ==>
['C:\\WORKS_2\\WS\\WS_Others.JVEMV6\\JVEMV6\\73_ai\\1_start', 'C:\\WORKS_2\\Programs\\Python\\Python_3.5.1\\python35.zip', 'C:\\WORKS_2\\Programs\\Python\\Python_3.5.1\\DLLs', 'C:\\WORKS_2\\Programs\\Python\\Python_3.5.1\\lib', 'C:\\WORKS_2\\Programs\\Python\\Python_3.5.1', 'C:\\WORKS_2\\Programs\\Python\\Python_3.5.1\\lib\\site-packages', 'C:/WORKS_2/WS/WS_Others/free/fx/82_', '.', '..', 'C:/WORKS_2/WS/WS_Others/free/fx/82_', 'C:/WORKS_2/WS/WS_Others/free/fx/82_']

[1_1.py:1484] os.environ["PATH"] ==>
C:\WORKS_2\Programs\Java\jdk1.8.0_144\bin;C:\Program Files (x86)\Common Files\Oracle\Java\javapath;C:\ProgramData\Oracle\Java\javapath;C:\Program Files\Common Files\Microsoft Shared\Windows Live;C:\Program Files (x86)\Common Files\Microsoft Shared\Windows Live;C:\Windows\system32;C:\Windows;C:\Windows\System32\Wbem;C:\Windows\System32\WindowsPowerShell\v1.0\;C:\Program Files (x86)\Windows Live\Shared;C:\Program Files (x86)\ATI Technologies\ATI.ACE\Core-Static;C:\Program Files (x86)\AMD\ATI.ACE\Core-Static;XYZZYHOME;C:\WORKS_2\Programs\Git_2.14.1\cmd;C:\Program Files (x86)\OpenMPI_v1.6.1-x64\bin;C:\WORKS_2\Programs\putty_0.70\;C:\Program Files (x86)\Pico Technology\PicoScope6\;C:\WORKS_2\Programs\Ruby24-x64\bin;C:\Program Files\Microsoft VS Code\bin;C:\Program Files\Docker Toolbox;C:\WORKS_2;;C:\WORKS_2\batches;;C:\WORKS_2\Programs\sakura;;;C:\WORKS_2\Utils\commands;;"C:\WORKS_2\Programs\Git_2.14.1\bin";;C:\WORKS_2\Programs\sqlite-tools-win32-x86-3140200;;C:\xampp_5.6\php;;C:\WORKS_2\Programs\Ruby24-x64\bin;;C:\mingw-w64\x86_64-6.2.0-posix-seh-rt_v5-rev1\mingw64\bin;;C:\WORKS_2\Programs\Python\Python_3.5.1;;C:/WORKS_2/Programs/Python/Python_3.5.1/lib_additional/;C:\WORKS_2\Programs\Python\Python_3.5.1\lib\site-packages\scipy\extra-dll;C:/WORKS_2/Programs/Graphviz/bin
[1_1.py:1600] graph.write_png ==> ./data/s-9\mydecisiontree.20210419_141747.png
[1_1.py:1662] exec_prog => done

[1_1.py:1697] all done
 
============================  

[1_1.py:1462] starting : test_16_Tree (time=20210419_152259)

[1_1.py:1473] sys.path ==>
['C:\\WORKS_2\\WS\\WS_Others.JVEMV6\\JVEMV6\\73_ai\\1_start', 'C:\\WORKS_2\\Programs\\Python\\Python_3.5.1\\python35.zip', 'C:\\WORKS_2\\Programs\\Python\\Python_3.5.1\\DLLs', 'C:\\WORKS_2\\Programs\\Python\\Python_3.5.1\\lib', 'C:\\WORKS_2\\Programs\\Python\\Python_3.5.1', 'C:\\WORKS_2\\Programs\\Python\\Python_3.5.1\\lib\\site-packages', 'C:/WORKS_2/WS/WS_Others/free/fx/82_', '.', '..', 'C:/WORKS_2/WS/WS_Others/free/fx/82_', 'C:/WORKS_2/WS/WS_Others/free/fx/82_']

[1_1.py:1484] os.environ["PATH"] ==>
C:\WORKS_2\Programs\Java\jdk1.8.0_144\bin;C:\Program Files (x86)\Common Files\Oracle\Java\javapath;C:\ProgramData\Oracle\Java\javapath;C:\Program Files\Common Files\Microsoft Shared\Windows Live;C:\Program Files (x86)\Common Files\Microsoft Shared\Windows Live;C:\Windows\system32;C:\Windows;C:\Windows\System32\Wbem;C:\Windows\System32\WindowsPowerShell\v1.0\;C:\Program Files (x86)\Windows Live\Shared;C:\Program Files (x86)\ATI Technologies\ATI.ACE\Core-Static;C:\Program Files (x86)\AMD\ATI.ACE\Core-Static;XYZZYHOME;C:\WORKS_2\Programs\Git_2.14.1\cmd;C:\Program Files (x86)\OpenMPI_v1.6.1-x64\bin;C:\WORKS_2\Programs\putty_0.70\;C:\Program Files (x86)\Pico Technology\PicoScope6\;C:\WORKS_2\Programs\Ruby24-x64\bin;C:\Program Files\Microsoft VS Code\bin;C:\Program Files\Docker Toolbox;C:\WORKS_2;;C:\WORKS_2\batches;;C:\WORKS_2\Programs\sakura;;;C:\WORKS_2\Utils\commands;;"C:\WORKS_2\Programs\Git_2.14.1\bin";;C:\WORKS_2\Programs\sqlite-tools-win32-x86-3140200;;C:\xampp_5.6\php;;C:\WORKS_2\Programs\Ruby24-x64\bin;;C:\mingw-w64\x86_64-6.2.0-posix-seh-rt_v5-rev1\mingw64\bin;;C:\WORKS_2\Programs\Python\Python_3.5.1;;C:/WORKS_2/Programs/Python/Python_3.5.1/lib_additional/;C:\WORKS_2\Programs\Python\Python_3.5.1\lib\site-packages\scipy\extra-dll;C:/WORKS_2/Programs/Graphviz/bin
[1_1.py:1595] graph.write_png ==> ./data/s-10\mydecisiontree.20210419_152259.png
[1_1.py:1663] exec_prog => done

[1_1.py:1698] all done
 
============================  

[1_1.py:1462] starting : test_16_Tree (time=20210419_152407)

[1_1.py:1473] sys.path ==>
['C:\\WORKS_2\\WS\\WS_Others.JVEMV6\\JVEMV6\\73_ai\\1_start', 'C:\\WORKS_2\\Programs\\Python\\Python_3.5.1\\python35.zip', 'C:\\WORKS_2\\Programs\\Python\\Python_3.5.1\\DLLs', 'C:\\WORKS_2\\Programs\\Python\\Python_3.5.1\\lib', 'C:\\WORKS_2\\Programs\\Python\\Python_3.5.1', 'C:\\WORKS_2\\Programs\\Python\\Python_3.5.1\\lib\\site-packages', 'C:/WORKS_2/WS/WS_Others/free/fx/82_', '.', '..', 'C:/WORKS_2/WS/WS_Others/free/fx/82_', 'C:/WORKS_2/WS/WS_Others/free/fx/82_']

[1_1.py:1484] os.environ["PATH"] ==>
C:\WORKS_2\Programs\Java\jdk1.8.0_144\bin;C:\Program Files (x86)\Common Files\Oracle\Java\javapath;C:\ProgramData\Oracle\Java\javapath;C:\Program Files\Common Files\Microsoft Shared\Windows Live;C:\Program Files (x86)\Common Files\Microsoft Shared\Windows Live;C:\Windows\system32;C:\Windows;C:\Windows\System32\Wbem;C:\Windows\System32\WindowsPowerShell\v1.0\;C:\Program Files (x86)\Windows Live\Shared;C:\Program Files (x86)\ATI Technologies\ATI.ACE\Core-Static;C:\Program Files (x86)\AMD\ATI.ACE\Core-Static;XYZZYHOME;C:\WORKS_2\Programs\Git_2.14.1\cmd;C:\Program Files (x86)\OpenMPI_v1.6.1-x64\bin;C:\WORKS_2\Programs\putty_0.70\;C:\Program Files (x86)\Pico Technology\PicoScope6\;C:\WORKS_2\Programs\Ruby24-x64\bin;C:\Program Files\Microsoft VS Code\bin;C:\Program Files\Docker Toolbox;C:\WORKS_2;;C:\WORKS_2\batches;;C:\WORKS_2\Programs\sakura;;;C:\WORKS_2\Utils\commands;;"C:\WORKS_2\Programs\Git_2.14.1\bin";;C:\WORKS_2\Programs\sqlite-tools-win32-x86-3140200;;C:\xampp_5.6\php;;C:\WORKS_2\Programs\Ruby24-x64\bin;;C:\mingw-w64\x86_64-6.2.0-posix-seh-rt_v5-rev1\mingw64\bin;;C:\WORKS_2\Programs\Python\Python_3.5.1;;C:/WORKS_2/Programs/Python/Python_3.5.1/lib_additional/;C:\WORKS_2\Programs\Python\Python_3.5.1\lib\site-packages\scipy\extra-dll;C:/WORKS_2/Programs/Graphviz/bin
[1_1.py:1595] graph.write_png ==> ./data/s-10\mydecisiontree.20210419_152407.png
[1_1.py:1663] exec_prog => done

[1_1.py:1698] all done
 
============================  

[1_1.py:1462] starting : test_16_Tree (time=20210419_153030)

[1_1.py:1473] sys.path ==>
['C:\\WORKS_2\\WS\\WS_Others.JVEMV6\\JVEMV6\\73_ai\\1_start', 'C:\\WORKS_2\\Programs\\Python\\Python_3.5.1\\python35.zip', 'C:\\WORKS_2\\Programs\\Python\\Python_3.5.1\\DLLs', 'C:\\WORKS_2\\Programs\\Python\\Python_3.5.1\\lib', 'C:\\WORKS_2\\Programs\\Python\\Python_3.5.1', 'C:\\WORKS_2\\Programs\\Python\\Python_3.5.1\\lib\\site-packages', 'C:/WORKS_2/WS/WS_Others/free/fx/82_', '.', '..', 'C:/WORKS_2/WS/WS_Others/free/fx/82_', 'C:/WORKS_2/WS/WS_Others/free/fx/82_']

[1_1.py:1484] os.environ["PATH"] ==>
C:\WORKS_2\Programs\Java\jdk1.8.0_144\bin;C:\Program Files (x86)\Common Files\Oracle\Java\javapath;C:\ProgramData\Oracle\Java\javapath;C:\Program Files\Common Files\Microsoft Shared\Windows Live;C:\Program Files (x86)\Common Files\Microsoft Shared\Windows Live;C:\Windows\system32;C:\Windows;C:\Windows\System32\Wbem;C:\Windows\System32\WindowsPowerShell\v1.0\;C:\Program Files (x86)\Windows Live\Shared;C:\Program Files (x86)\ATI Technologies\ATI.ACE\Core-Static;C:\Program Files (x86)\AMD\ATI.ACE\Core-Static;XYZZYHOME;C:\WORKS_2\Programs\Git_2.14.1\cmd;C:\Program Files (x86)\OpenMPI_v1.6.1-x64\bin;C:\WORKS_2\Programs\putty_0.70\;C:\Program Files (x86)\Pico Technology\PicoScope6\;C:\WORKS_2\Programs\Ruby24-x64\bin;C:\Program Files\Microsoft VS Code\bin;C:\Program Files\Docker Toolbox;C:\WORKS_2;;C:\WORKS_2\batches;;C:\WORKS_2\Programs\sakura;;;C:\WORKS_2\Utils\commands;;"C:\WORKS_2\Programs\Git_2.14.1\bin";;C:\WORKS_2\Programs\sqlite-tools-win32-x86-3140200;;C:\xampp_5.6\php;;C:\WORKS_2\Programs\Ruby24-x64\bin;;C:\mingw-w64\x86_64-6.2.0-posix-seh-rt_v5-rev1\mingw64\bin;;C:\WORKS_2\Programs\Python\Python_3.5.1;;C:/WORKS_2/Programs/Python/Python_3.5.1/lib_additional/;C:\WORKS_2\Programs\Python\Python_3.5.1\lib\site-packages\scipy\extra-dll;C:/WORKS_2/Programs/Graphviz/bin
[1_1.py:1595] graph.write_png ==> ./data/s-10\mydecisiontree.20210419_153030.png
[1_1.py:1616] litOf_Predict_Conditions ==>
[40, 10, 7, 1]
[0]
[1_1.py:1684] exec_prog => done

[1_1.py:1719] all done
 
============================  

[1_1.py:1462] starting : test_16_Tree (time=20210419_153128)

[1_1.py:1473] sys.path ==>
['C:\\WORKS_2\\WS\\WS_Others.JVEMV6\\JVEMV6\\73_ai\\1_start', 'C:\\WORKS_2\\Programs\\Python\\Python_3.5.1\\python35.zip', 'C:\\WORKS_2\\Programs\\Python\\Python_3.5.1\\DLLs', 'C:\\WORKS_2\\Programs\\Python\\Python_3.5.1\\lib', 'C:\\WORKS_2\\Programs\\Python\\Python_3.5.1', 'C:\\WORKS_2\\Programs\\Python\\Python_3.5.1\\lib\\site-packages', 'C:/WORKS_2/WS/WS_Others/free/fx/82_', '.', '..', 'C:/WORKS_2/WS/WS_Others/free/fx/82_', 'C:/WORKS_2/WS/WS_Others/free/fx/82_']

[1_1.py:1484] os.environ["PATH"] ==>
C:\WORKS_2\Programs\Java\jdk1.8.0_144\bin;C:\Program Files (x86)\Common Files\Oracle\Java\javapath;C:\ProgramData\Oracle\Java\javapath;C:\Program Files\Common Files\Microsoft Shared\Windows Live;C:\Program Files (x86)\Common Files\Microsoft Shared\Windows Live;C:\Windows\system32;C:\Windows;C:\Windows\System32\Wbem;C:\Windows\System32\WindowsPowerShell\v1.0\;C:\Program Files (x86)\Windows Live\Shared;C:\Program Files (x86)\ATI Technologies\ATI.ACE\Core-Static;C:\Program Files (x86)\AMD\ATI.ACE\Core-Static;XYZZYHOME;C:\WORKS_2\Programs\Git_2.14.1\cmd;C:\Program Files (x86)\OpenMPI_v1.6.1-x64\bin;C:\WORKS_2\Programs\putty_0.70\;C:\Program Files (x86)\Pico Technology\PicoScope6\;C:\WORKS_2\Programs\Ruby24-x64\bin;C:\Program Files\Microsoft VS Code\bin;C:\Program Files\Docker Toolbox;C:\WORKS_2;;C:\WORKS_2\batches;;C:\WORKS_2\Programs\sakura;;;C:\WORKS_2\Utils\commands;;"C:\WORKS_2\Programs\Git_2.14.1\bin";;C:\WORKS_2\Programs\sqlite-tools-win32-x86-3140200;;C:\xampp_5.6\php;;C:\WORKS_2\Programs\Ruby24-x64\bin;;C:\mingw-w64\x86_64-6.2.0-posix-seh-rt_v5-rev1\mingw64\bin;;C:\WORKS_2\Programs\Python\Python_3.5.1;;C:/WORKS_2/Programs/Python/Python_3.5.1/lib_additional/;C:\WORKS_2\Programs\Python\Python_3.5.1\lib\site-packages\scipy\extra-dll;C:/WORKS_2/Programs/Graphviz/bin
[1_1.py:1595] graph.write_png ==> ./data/s-10\mydecisiontree.20210419_153128.png
[1_1.py:1616] litOf_Predict_Conditions ==>
[40, 10, 7, 1]
[0]
[1_1.py:1684] exec_prog => done

[1_1.py:1719] all done
 
============================  

[1_1.py:1462] starting : test_16_Tree (time=20210419_153415)

[1_1.py:1473] sys.path ==>
['C:\\WORKS_2\\WS\\WS_Others.JVEMV6\\JVEMV6\\73_ai\\1_start', 'C:\\WORKS_2\\Programs\\Python\\Python_3.5.1\\python35.zip', 'C:\\WORKS_2\\Programs\\Python\\Python_3.5.1\\DLLs', 'C:\\WORKS_2\\Programs\\Python\\Python_3.5.1\\lib', 'C:\\WORKS_2\\Programs\\Python\\Python_3.5.1', 'C:\\WORKS_2\\Programs\\Python\\Python_3.5.1\\lib\\site-packages', 'C:/WORKS_2/WS/WS_Others/free/fx/82_', '.', '..', 'C:/WORKS_2/WS/WS_Others/free/fx/82_', 'C:/WORKS_2/WS/WS_Others/free/fx/82_']

[1_1.py:1484] os.environ["PATH"] ==>
C:\WORKS_2\Programs\Java\jdk1.8.0_144\bin;C:\Program Files (x86)\Common Files\Oracle\Java\javapath;C:\ProgramData\Oracle\Java\javapath;C:\Program Files\Common Files\Microsoft Shared\Windows Live;C:\Program Files (x86)\Common Files\Microsoft Shared\Windows Live;C:\Windows\system32;C:\Windows;C:\Windows\System32\Wbem;C:\Windows\System32\WindowsPowerShell\v1.0\;C:\Program Files (x86)\Windows Live\Shared;C:\Program Files (x86)\ATI Technologies\ATI.ACE\Core-Static;C:\Program Files (x86)\AMD\ATI.ACE\Core-Static;XYZZYHOME;C:\WORKS_2\Programs\Git_2.14.1\cmd;C:\Program Files (x86)\OpenMPI_v1.6.1-x64\bin;C:\WORKS_2\Programs\putty_0.70\;C:\Program Files (x86)\Pico Technology\PicoScope6\;C:\WORKS_2\Programs\Ruby24-x64\bin;C:\Program Files\Microsoft VS Code\bin;C:\Program Files\Docker Toolbox;C:\WORKS_2;;C:\WORKS_2\batches;;C:\WORKS_2\Programs\sakura;;;C:\WORKS_2\Utils\commands;;"C:\WORKS_2\Programs\Git_2.14.1\bin";;C:\WORKS_2\Programs\sqlite-tools-win32-x86-3140200;;C:\xampp_5.6\php;;C:\WORKS_2\Programs\Ruby24-x64\bin;;C:\mingw-w64\x86_64-6.2.0-posix-seh-rt_v5-rev1\mingw64\bin;;C:\WORKS_2\Programs\Python\Python_3.5.1;;C:/WORKS_2/Programs/Python/Python_3.5.1/lib_additional/;C:\WORKS_2\Programs\Python\Python_3.5.1\lib\site-packages\scipy\extra-dll;C:/WORKS_2/Programs/Graphviz/bin
[1_1.py:1595] graph.write_png ==> ./data/s-10\mydecisiontree.20210419_153415.png
[1_1.py:1617] litOf_Predict_Conditions ==>
[40, 10, 6, 1]
[0]
[1_1.py:1685] exec_prog => done

[1_1.py:1720] all done
