 
============================  
['C:\\WORKS_2\\WS\\WS_Others.JVEMV6\\JVEMV6\\57.2_physics-engine\\s-1', 'C:\\WORKS_2\\Programs\\panda3d\\Panda3D-1.10.9-x64\\python\\python37.zip', 'C:\\WORKS_2\\Programs\\panda3d\\Panda3D-1.10.9-x64', 'C:\\WORKS_2\\Programs\\panda3d\\Panda3D-1.10.9-x64\\python\\DLLs', 'C:\\WORKS_2\\Programs\\panda3d\\Panda3D-1.10.9-x64\\python\\lib', 'C:\\WORKS_2\\Programs\\panda3d\\Panda3D-1.10.9-x64\\python', 'C:\\WORKS_2\\Programs\\panda3d\\Panda3D-1.10.9-x64\\bin', 'C:\\WORKS_2\\Programs\\panda3d\\Panda3D-1.10.9-x64\\python\\lib\\site-packages', '.', '..', 'C:/WORKS_2/WS/WS_Others/free/fx/82_']

[s_1.py:73] 'from libs import libs' ==> comp.

[s_1.py:135] 'MyApp' ==> defined

[s_1.py:155] starting : task_1_ShowBase (time=20210709_161100)

[s_1.py:198] 'MyApp' ==> instantiated
 
============================  
['C:\\WORKS_2\\WS\\WS_Others.JVEMV6\\JVEMV6\\57.2_physics-engine\\s-1', 'C:\\WORKS_2\\Programs\\panda3d\\Panda3D-1.10.9-x64\\python\\python37.zip', 'C:\\WORKS_2\\Programs\\panda3d\\Panda3D-1.10.9-x64', 'C:\\WORKS_2\\Programs\\panda3d\\Panda3D-1.10.9-x64\\python\\DLLs', 'C:\\WORKS_2\\Programs\\panda3d\\Panda3D-1.10.9-x64\\python\\lib', 'C:\\WORKS_2\\Programs\\panda3d\\Panda3D-1.10.9-x64\\python', 'C:\\WORKS_2\\Programs\\panda3d\\Panda3D-1.10.9-x64\\bin', 'C:\\WORKS_2\\Programs\\panda3d\\Panda3D-1.10.9-x64\\python\\lib\\site-packages', '.', '..', 'C:/WORKS_2/WS/WS_Others/free/fx/82_']

[s_1.py:73] 'from libs import libs' ==> comp.

[s_1.py:135] 'MyApp' ==> defined

[s_1.py:155] starting : task_1_ShowBase (time=20210709_161528)

[s_1.py:198] 'MyApp' ==> instantiated
 
============================  
['C:\\WORKS_2\\WS\\WS_Others.JVEMV6\\JVEMV6\\57.2_physics-engine\\s-1', 'C:\\WORKS_2\\Programs\\panda3d\\Panda3D-1.10.9-x64\\python\\python37.zip', 'C:\\WORKS_2\\Programs\\panda3d\\Panda3D-1.10.9-x64', 'C:\\WORKS_2\\Programs\\panda3d\\Panda3D-1.10.9-x64\\python\\DLLs', 'C:\\WORKS_2\\Programs\\panda3d\\Panda3D-1.10.9-x64\\python\\lib', 'C:\\WORKS_2\\Programs\\panda3d\\Panda3D-1.10.9-x64\\python', 'C:\\WORKS_2\\Programs\\panda3d\\Panda3D-1.10.9-x64\\bin', 'C:\\WORKS_2\\Programs\\panda3d\\Panda3D-1.10.9-x64\\python\\lib\\site-packages', '.', '..', 'C:/WORKS_2/WS/WS_Others/free/fx/82_']

[s_2.py:73] 'from libs import libs' ==> comp.

[s_2.py:108] 'direct.task import Task' ==> comp.

[s_2.py:144] 'MyApp' ==> defined

[s_2.py:164] starting : task_1_ShowBase (time=20210709_161631)

[s_2.py:207] 'MyApp' ==> instantiated
 
============================  
['C:\\WORKS_2\\WS\\WS_Others.JVEMV6\\JVEMV6\\57.2_physics-engine\\s-1', 'C:\\WORKS_2\\Programs\\panda3d\\Panda3D-1.10.9-x64\\python\\python37.zip', 'C:\\WORKS_2\\Programs\\panda3d\\Panda3D-1.10.9-x64', 'C:\\WORKS_2\\Programs\\panda3d\\Panda3D-1.10.9-x64\\python\\DLLs', 'C:\\WORKS_2\\Programs\\panda3d\\Panda3D-1.10.9-x64\\python\\lib', 'C:\\WORKS_2\\Programs\\panda3d\\Panda3D-1.10.9-x64\\python', 'C:\\WORKS_2\\Programs\\panda3d\\Panda3D-1.10.9-x64\\bin', 'C:\\WORKS_2\\Programs\\panda3d\\Panda3D-1.10.9-x64\\python\\lib\\site-packages', '.', '..', 'C:/WORKS_2/WS/WS_Others/free/fx/82_']

[s_2.py:73] 'from libs import libs' ==> comp.

[s_2.py:108] 'direct.task import Task' ==> comp.

[s_2.py:144] 'MyApp' ==> defined

[s_2.py:164] starting : task_1_ShowBase (time=20210709_161725)

[s_2.py:207] 'MyApp' ==> instantiated
 
============================  
['C:\\WORKS_2\\WS\\WS_Others.JVEMV6\\JVEMV6\\57.2_physics-engine\\s-1', 'C:\\WORKS_2\\Programs\\panda3d\\Panda3D-1.10.9-x64\\python\\python37.zip', 'C:\\WORKS_2\\Programs\\panda3d\\Panda3D-1.10.9-x64', 'C:\\WORKS_2\\Programs\\panda3d\\Panda3D-1.10.9-x64\\python\\DLLs', 'C:\\WORKS_2\\Programs\\panda3d\\Panda3D-1.10.9-x64\\python\\lib', 'C:\\WORKS_2\\Programs\\panda3d\\Panda3D-1.10.9-x64\\python', 'C:\\WORKS_2\\Programs\\panda3d\\Panda3D-1.10.9-x64\\bin', 'C:\\WORKS_2\\Programs\\panda3d\\Panda3D-1.10.9-x64\\python\\lib\\site-packages', '.', '..', 'C:/WORKS_2/WS/WS_Others/free/fx/82_']

[s_2.py:73] 'from libs import libs' ==> comp.

[s_2.py:108] 'direct.task import Task' ==> comp.

[s_2.py:169] 'MyApp' ==> defined

[s_2.py:189] starting : task_1_ShowBase (time=20210709_162116)

[s_2.py:232] 'MyApp' ==> instantiated
 
============================  
['C:\\WORKS_2\\WS\\WS_Others.JVEMV6\\JVEMV6\\57.2_physics-engine\\s-1', 'C:\\WORKS_2\\Programs\\panda3d\\Panda3D-1.10.9-x64\\python\\python37.zip', 'C:\\WORKS_2\\Programs\\panda3d\\Panda3D-1.10.9-x64', 'C:\\WORKS_2\\Programs\\panda3d\\Panda3D-1.10.9-x64\\python\\DLLs', 'C:\\WORKS_2\\Programs\\panda3d\\Panda3D-1.10.9-x64\\python\\lib', 'C:\\WORKS_2\\Programs\\panda3d\\Panda3D-1.10.9-x64\\python', 'C:\\WORKS_2\\Programs\\panda3d\\Panda3D-1.10.9-x64\\bin', 'C:\\WORKS_2\\Programs\\panda3d\\Panda3D-1.10.9-x64\\python\\lib\\site-packages', '.', '..', 'C:/WORKS_2/WS/WS_Others/free/fx/82_']

[s_2.py:73] 'from libs import libs' ==> comp.

[s_2.py:108] 'direct.task import Task' ==> comp.

[s_2.py:187] 'MyApp' ==> defined

[s_2.py:207] starting : task_1_ShowBase (time=20210709_162355)

[s_2.py:250] 'MyApp' ==> instantiated
 
============================  
['C:\\WORKS_2\\WS\\WS_Others.JVEMV6\\JVEMV6\\57.2_physics-engine\\s-1', 'C:\\WORKS_2\\Programs\\panda3d\\Panda3D-1.10.9-x64\\python\\python37.zip', 'C:\\WORKS_2\\Programs\\panda3d\\Panda3D-1.10.9-x64', 'C:\\WORKS_2\\Programs\\panda3d\\Panda3D-1.10.9-x64\\python\\DLLs', 'C:\\WORKS_2\\Programs\\panda3d\\Panda3D-1.10.9-x64\\python\\lib', 'C:\\WORKS_2\\Programs\\panda3d\\Panda3D-1.10.9-x64\\python', 'C:\\WORKS_2\\Programs\\panda3d\\Panda3D-1.10.9-x64\\bin', 'C:\\WORKS_2\\Programs\\panda3d\\Panda3D-1.10.9-x64\\python\\lib\\site-packages', '.', '..', 'C:/WORKS_2/WS/WS_Others/free/fx/82_']

[s_2.py:73] 'from libs import libs' ==> comp.

[s_2.py:93] 'direct.task import Task' ==> comp.

[s_2.py:172] 'MyApp' ==> defined

[s_2.py:192] starting : task_1_ShowBase (time=20210709_162451)

[s_2.py:235] 'MyApp' ==> instantiated
 
============================  
['C:\\WORKS_2\\WS\\WS_Others.JVEMV6\\JVEMV6\\57.2_physics-engine\\s-1', 'C:\\WORKS_2\\Programs\\panda3d\\Panda3D-1.10.9-x64\\python\\python37.zip', 'C:\\WORKS_2\\Programs\\panda3d\\Panda3D-1.10.9-x64', 'C:\\WORKS_2\\Programs\\panda3d\\Panda3D-1.10.9-x64\\python\\DLLs', 'C:\\WORKS_2\\Programs\\panda3d\\Panda3D-1.10.9-x64\\python\\lib', 'C:\\WORKS_2\\Programs\\panda3d\\Panda3D-1.10.9-x64\\python', 'C:\\WORKS_2\\Programs\\panda3d\\Panda3D-1.10.9-x64\\bin', 'C:\\WORKS_2\\Programs\\panda3d\\Panda3D-1.10.9-x64\\python\\lib\\site-packages', '.', '..', 'C:/WORKS_2/WS/WS_Others/free/fx/82_']

[s_2.py:73] 'from libs import libs' ==> comp.

[s_2.py:93] 'direct.task import Task' ==> comp.

[s_2.py:178] 'MyApp' ==> defined

[s_2.py:198] starting : task_1_ShowBase (time=20210709_162859)

[s_2.py:241] 'MyApp' ==> instantiated
 
============================  
['C:\\WORKS_2\\WS\\WS_Others.JVEMV6\\JVEMV6\\57.2_physics-engine\\s-1', 'C:\\WORKS_2\\Programs\\panda3d\\Panda3D-1.10.9-x64\\python\\python37.zip', 'C:\\WORKS_2\\Programs\\panda3d\\Panda3D-1.10.9-x64', 'C:\\WORKS_2\\Programs\\panda3d\\Panda3D-1.10.9-x64\\python\\DLLs', 'C:\\WORKS_2\\Programs\\panda3d\\Panda3D-1.10.9-x64\\python\\lib', 'C:\\WORKS_2\\Programs\\panda3d\\Panda3D-1.10.9-x64\\python', 'C:\\WORKS_2\\Programs\\panda3d\\Panda3D-1.10.9-x64\\bin', 'C:\\WORKS_2\\Programs\\panda3d\\Panda3D-1.10.9-x64\\python\\lib\\site-packages', '.', '..', 'C:/WORKS_2/WS/WS_Others/free/fx/82_']

[s_2.py:73] 'from libs import libs' ==> comp.

[s_2.py:93] 'direct.task import Task' ==> comp.

[s_2.py:187] 'MyApp' ==> defined

[s_2.py:207] starting : task_1_ShowBase (time=20210709_163202)

[s_2.py:250] 'MyApp' ==> instantiated
 
============================  
['C:\\WORKS_2\\WS\\WS_Others.JVEMV6\\JVEMV6\\57.2_physics-engine\\s-1', 'C:\\WORKS_2\\Programs\\panda3d\\Panda3D-1.10.9-x64\\python\\python37.zip', 'C:\\WORKS_2\\Programs\\panda3d\\Panda3D-1.10.9-x64', 'C:\\WORKS_2\\Programs\\panda3d\\Panda3D-1.10.9-x64\\python\\DLLs', 'C:\\WORKS_2\\Programs\\panda3d\\Panda3D-1.10.9-x64\\python\\lib', 'C:\\WORKS_2\\Programs\\panda3d\\Panda3D-1.10.9-x64\\python', 'C:\\WORKS_2\\Programs\\panda3d\\Panda3D-1.10.9-x64\\bin', 'C:\\WORKS_2\\Programs\\panda3d\\Panda3D-1.10.9-x64\\python\\lib\\site-packages', '.', '..', 'C:/WORKS_2/WS/WS_Others/free/fx/82_']

[s_2.py:73] 'from libs import libs' ==> comp.

[s_2.py:93] 'direct.task import Task' ==> comp.

[s_2.py:189] 'MyApp' ==> defined

[s_2.py:209] starting : task_1_ShowBase (time=20210709_163232)

[s_2.py:252] 'MyApp' ==> instantiated
