============================  
['C:\\WORKS_2\\WS\\WS_Others.JVEMV6\\JVEMV6\\57_programming\\57.3_ip\\s-1', 'C:\\WORKS_2\\Programs\\Python\\Python_3.5.1\\python35.zip', 'C:\\WORKS_2\\Programs\\panda3d\\Panda3D-1.10.9-x64', 'C:\\WORKS_2\\Programs\\Python\\Python_3.5.1\\DLLs', 'C:\\WORKS_2\\Programs\\Python\\Python_3.5.1\\lib', 'C:\\WORKS_2\\Programs\\Python\\Python_3.5.1', 'C:\\WORKS_2\\Programs\\Python\\Python_3.5.1\\lib\\site-packages', '.', '..', 'C:/WORKS_2/WS/WS_Others/free/fx/82_']

[g-3_s-1.py:48] 'from libs import libs' ==> comp.

[g-3_s-1.py:94] starting : func : test_1 (time=20211114_160343)
[g-3_s-1.py:131] exec_prog => done

[g-3_s-1.py:162] all done
 
============================  
['C:\\WORKS_2\\WS\\WS_Others.JVEMV6\\JVEMV6\\57_programming\\57.3_ip\\s-1', 'C:\\WORKS_2\\Programs\\Python\\Python_3.5.1\\python35.zip', 'C:\\WORKS_2\\Programs\\panda3d\\Panda3D-1.10.9-x64', 'C:\\WORKS_2\\Programs\\Python\\Python_3.5.1\\DLLs', 'C:\\WORKS_2\\Programs\\Python\\Python_3.5.1\\lib', 'C:\\WORKS_2\\Programs\\Python\\Python_3.5.1', 'C:\\WORKS_2\\Programs\\Python\\Python_3.5.1\\lib\\site-packages', '.', '..', 'C:/WORKS_2/WS/WS_Others/free/fx/82_']

[g-3_s-1.py:48] 'from libs import libs' ==> comp.

[g-3_s-1.py:94] starting : func : test_1 (time=20211114_160401)
[g-3_s-1.py:131] exec_prog => done

[g-3_s-1.py:162] all done
 
============================  
['C:\\WORKS_2\\WS\\WS_Others.JVEMV6\\JVEMV6\\57_programming\\57.3_ip\\s-1', 'C:\\WORKS_2\\Programs\\Python\\Python_3.5.1\\python35.zip', 'C:\\WORKS_2\\Programs\\panda3d\\Panda3D-1.10.9-x64', 'C:\\WORKS_2\\Programs\\Python\\Python_3.5.1\\DLLs', 'C:\\WORKS_2\\Programs\\Python\\Python_3.5.1\\lib', 'C:\\WORKS_2\\Programs\\Python\\Python_3.5.1', 'C:\\WORKS_2\\Programs\\Python\\Python_3.5.1\\lib\\site-packages', '.', '..', 'C:/WORKS_2/WS/WS_Others/free/fx/82_']

[g-3_s-1.py:48] 'from libs import libs' ==> comp.
[g-3_s-1.py:76] 'from PIL import Image' => done

[g-3_s-1.py:97] starting : func : test_1 (time=20211114_162606)
[g-3_s-1.py:134] exec_prog => done

[g-3_s-1.py:165] all done
 
============================  
['C:\\WORKS_2\\WS\\WS_Others.JVEMV6\\JVEMV6\\57_programming\\57.3_ip\\s-1', 'C:\\WORKS_2\\Programs\\Python\\Python_3.5.1\\python35.zip', 'C:\\WORKS_2\\Programs\\panda3d\\Panda3D-1.10.9-x64', 'C:\\WORKS_2\\Programs\\Python\\Python_3.5.1\\DLLs', 'C:\\WORKS_2\\Programs\\Python\\Python_3.5.1\\lib', 'C:\\WORKS_2\\Programs\\Python\\Python_3.5.1', 'C:\\WORKS_2\\Programs\\Python\\Python_3.5.1\\lib\\site-packages', '.', '..', 'C:/WORKS_2/WS/WS_Others/free/fx/82_']

[g-3_s-1.py:48] 'from libs import libs' ==> comp.
[g-3_s-1.py:76] 'from PIL import Image' => done

[g-3_s-1.py:139] starting : func : test_2 (time=20211114_163702)
[g-3_s-1.py:172] exec_prog => done

[g-3_s-1.py:203] all done
 
============================  
['C:\\WORKS_2\\WS\\WS_Others.JVEMV6\\JVEMV6\\57_programming\\57.3_ip\\s-1', 'C:\\WORKS_2\\Programs\\Python\\Python_3.5.1\\python35.zip', 'C:\\WORKS_2\\Programs\\panda3d\\Panda3D-1.10.9-x64', 'C:\\WORKS_2\\Programs\\Python\\Python_3.5.1\\DLLs', 'C:\\WORKS_2\\Programs\\Python\\Python_3.5.1\\lib', 'C:\\WORKS_2\\Programs\\Python\\Python_3.5.1', 'C:\\WORKS_2\\Programs\\Python\\Python_3.5.1\\lib\\site-packages', '.', '..', 'C:/WORKS_2/WS/WS_Others/free/fx/82_']

[g-3_s-1.py:48] 'from libs import libs' ==> comp.
[g-3_s-1.py:76] 'from PIL import Image' => done

[g-3_s-1.py:139] starting : func : test_2 (time=20211114_163723)
[g-3_s-1.py:172] exec_prog => done

[g-3_s-1.py:203] all done
 
============================  
['C:\\WORKS_2\\WS\\WS_Others.JVEMV6\\JVEMV6\\57_programming\\57.3_ip\\s-1', 'C:\\WORKS_2\\Programs\\Python\\Python_3.5.1\\python35.zip', 'C:\\WORKS_2\\Programs\\panda3d\\Panda3D-1.10.9-x64', 'C:\\WORKS_2\\Programs\\Python\\Python_3.5.1\\DLLs', 'C:\\WORKS_2\\Programs\\Python\\Python_3.5.1\\lib', 'C:\\WORKS_2\\Programs\\Python\\Python_3.5.1', 'C:\\WORKS_2\\Programs\\Python\\Python_3.5.1\\lib\\site-packages', '.', '..', 'C:/WORKS_2/WS/WS_Others/free/fx/82_']

[g-3_s-1.py:48] 'from libs import libs' ==> comp.
[g-3_s-1.py:76] 'from PIL import Image' => done

[g-3_s-1.py:139] starting : func : test_2 (time=20211114_163843)
[g-3_s-1.py:176] exec_prog => done

[g-3_s-1.py:207] all done
 
============================  
['C:\\WORKS_2\\WS\\WS_Others.JVEMV6\\JVEMV6\\57_programming\\57.3_ip\\s-1', 'C:\\WORKS_2\\Programs\\Python\\Python_3.5.1\\python35.zip', 'C:\\WORKS_2\\Programs\\panda3d\\Panda3D-1.10.9-x64', 'C:\\WORKS_2\\Programs\\Python\\Python_3.5.1\\DLLs', 'C:\\WORKS_2\\Programs\\Python\\Python_3.5.1\\lib', 'C:\\WORKS_2\\Programs\\Python\\Python_3.5.1', 'C:\\WORKS_2\\Programs\\Python\\Python_3.5.1\\lib\\site-packages', '.', '..', 'C:/WORKS_2/WS/WS_Others/free/fx/82_']

[g-3_s-1.py:48] 'from libs import libs' ==> comp.
[g-3_s-1.py:76] 'from PIL import Image' => done

[g-3_s-1.py:139] starting : func : test_2 (time=20211114_164333)

[g-3_s-1.py:175] img_Size :
(1408, 1056)
[g-3_s-1.py:183] img_Format :
JPEG
[g-3_s-1.py:206] exec_prog => done

[g-3_s-1.py:237] all done
 
============================  
['C:\\WORKS_2\\WS\\WS_Others.JVEMV6\\JVEMV6\\57_programming\\57.3_ip\\s-1', 'C:\\WORKS_2\\Programs\\Python\\Python_3.5.1\\python35.zip', 'C:\\WORKS_2\\Programs\\panda3d\\Panda3D-1.10.9-x64', 'C:\\WORKS_2\\Programs\\Python\\Python_3.5.1\\DLLs', 'C:\\WORKS_2\\Programs\\Python\\Python_3.5.1\\lib', 'C:\\WORKS_2\\Programs\\Python\\Python_3.5.1', 'C:\\WORKS_2\\Programs\\Python\\Python_3.5.1\\lib\\site-packages', '.', '..', 'C:/WORKS_2/WS/WS_Others/free/fx/82_']

[g-3_s-1.py:48] 'from libs import libs' ==> comp.
[g-3_s-1.py:76] 'from PIL import Image' => done

[g-3_s-1.py:139] starting : func : test_2 (time=20211114_164455)

[g-3_s-1.py:175] img_Size :
(1408, 1056) data type :  <class 'tuple'>
[g-3_s-1.py:183] img_Format :
JPEG
[g-3_s-1.py:206] exec_prog => done

[g-3_s-1.py:237] all done
