 
============================ 
 
============================  
param is ''
20221025_110755
 
============================  
param is ''
20221025_111934
 
============================  
param is ''
20221025_112033
 
 
============================  
param is ''
20221025_112112
 
yes[C:\WORKS_2\WS\WS_Others.JVEMV6\JVEMV6\57_programming\57.4_change_file_name\s-6\jve_57_g-5_s-6.php : 51] yes
[jve_57_g-5_s-6.php : 54] yeeeees
[jve_57_g-5_s-6.php : 25] starting : read_lines[jve_57_g-5_s-6.php : 44] file closed : G:\images\2022\chage_file_names.txt 
============================  
param is ''
20221025_112226
 
yes[C:\WORKS_2\WS\WS_Others.JVEMV6\JVEMV6\57_programming\57.4_change_file_name\s-6\jve_57_g-5_s-6.php : 62] yes
[jve_57_g-5_s-6.php : 65] yeeeees
[jve_57_g-5_s-6.php : 25] starting : read_lines[jve_57_g-5_s-6.php : 44] file closed : G:\images\2022\chage_file_names.txt
 
============================  
param is ''
20221025_112306
 
[jve_57_g-5_s-6.php : 65] yeeeees
[jve_57_g-5_s-6.php : 25] starting : read_lines[jve_57_g-5_s-6.php : 44] file closed : G:\images\2022\chage_file_names.txt 
============================  
param is ''
20221025_112337
 
[jve_57_g-5_s-6.php : 67] yeeeees
[jve_57_g-5_s-6.php : 25] starting : read_lines
[jve_57_g-5_s-6.php : 46] file closed : G:\images\2022\chage_file_names.txt 
============================  
param is ''
20221025_112544
 
[jve_57_g-5_s-6.php : 72] yeeeees
[jve_57_g-5_s-6.php : 25] starting : read_lines
[jve_57_g-5_s-6.php : 46] file closed : G:\images\2022\chage_file_names.txt
[jve_57_g-5_s-6.php : 50] file content
Array
(
    [0] => program file path = G:/images/2022/get_folder_list.[v.2].20190210_091405.rb

    [1] => version = 1.0

    [2] => list file created at = 20221025_104240

    [3] => dir path = G:/images/2022

    [4] => dirs = 11

    [5] => files = 2

    [6] => 

    [7] => <directories> 11 =========================

    [8] => 1	2022-01~06

    [9] => 2	2022-07~12

    [10] => 3	2022-10-01~10

    [11] => 4	2022-10-11~20

    [12] => 5	2022-10-21~31

    [13] => 6	2022-11-01~10 - 繧ｳ繝斐ｼ

    [14] => 7	2022-11-11~20 - 繧ｳ繝斐ｼ

    [15] => 8	2022-11-21~31 - 繧ｳ繝斐ｼ

    [16] => 9	2022-12-01~10 - 繧ｳ繝斐ｼ - 繧ｳ繝斐ｼ

    [17] => 10	2022-12-11~20 - 繧ｳ繝斐ｼ - 繧ｳ繝斐ｼ

    [18] => 11	2022-12-21~31 - 繧ｳ繝斐ｼ - 繧ｳ繝斐ｼ

    [19] => 

    [20] => 

    [21] => <files> 2 =========================

    [22] => 1	get_folder_list.[v.2].20190210_091405.rb

    [23] => 2	iphone_upload_done - 繧ｷ繝ｧ繝ｼ繝医き繝繝.lnk

)
 
============================  
param is ''
20221025_113019
 
[jve_57_g-5_s-6.php : 74] yeeeees
[jve_57_g-5_s-6.php : 25] starting : read_lines
 
============================  
param is ''
20221025_113101
 
[jve_57_g-5_s-6.php : 79] yeeeees
[jve_57_g-5_s-6.php : 25] starting : read_lines
[jve_57_g-5_s-6.php : 36] $contentOf_File :
 
============================  
param is ''
20221025_113118
 
[jve_57_g-5_s-6.php : 80] yeeeees
[jve_57_g-5_s-6.php : 25] starting : read_lines
[jve_57_g-5_s-6.php : 36] $contentOf_File :
program file path = G:/images/2022/get_folder_list.[v.2].20190210_091405.rb
version = 1.0
list file created at = 20221025_104240
dir path = G:/images/2022
dirs = 11
files = 2

<directories> 11 =========================
1	2022-01~06
2	2022-07~12
3	2022-10-01~10
4	2022-10-11~20
5	2022-10-21~31
6	2022-11-01~10 - 繧ｳ繝斐ｼ
7	2022-11-11~20 - 繧ｳ繝斐ｼ
8	2022-11-21~31 - 繧ｳ繝斐ｼ
9	2022-12-01~10 - 繧ｳ繝斐ｼ - 繧ｳ繝斐ｼ
10	2022-12-11~20 - 繧ｳ繝斐ｼ - 繧ｳ繝斐ｼ
11	2022-12-21~31 - 繧ｳ繝斐ｼ - 繧ｳ繝斐ｼ


<files> 2 =========================
1	get_folder_list.[v.2].20190210_091405.rb
2	iphone_upload_done - 繧ｷ繝ｧ繝ｼ繝医き繝繝.lnk
 
============================  
param is ''
20221025_113244
 
[jve_57_g-5_s-6.php : 80] yeeeees
[jve_57_g-5_s-6.php : 25] starting : read_lines
[jve_57_g-5_s-6.php : 36] $contentOf_File :
2022-11-01~10 - 繧ｳ繝斐ｼ
2022-11-11~20 - 繧ｳ繝斐ｼ
2022-11-21~31 - 繧ｳ繝斐ｼ
2022-12-01~10 - 繧ｳ繝斐ｼ - 繧ｳ繝斐ｼ
2022-12-11~20 - 繧ｳ繝斐ｼ - 繧ｳ繝斐ｼ
2022-12-21~31 - 繧ｳ繝斐ｼ - 繧ｳ繝斐ｼ
 
============================  
param is ''
20221025_113327
 
[jve_57_g-5_s-6.php : 80] yeeeees
[jve_57_g-5_s-6.php : 25] starting : read_lines
[jve_57_g-5_s-6.php : 54] file closed : G:\images\2022\chage_file_names.txt
[jve_57_g-5_s-6.php : 58] file content
Array
(
    [0] => 2022-11-01~10 - 繧ｳ繝斐ｼ

    [1] => 2022-11-11~20 - 繧ｳ繝斐ｼ

    [2] => 2022-11-21~31 - 繧ｳ繝斐ｼ

    [3] => 2022-12-01~10 - 繧ｳ繝斐ｼ - 繧ｳ繝斐ｼ

    [4] => 2022-12-11~20 - 繧ｳ繝斐ｼ - 繧ｳ繝斐ｼ

    [5] => 2022-12-21~31 - 繧ｳ繝斐ｼ - 繧ｳ繝斐ｼ

)
 
============================  
param is ''
20221025_114146
 
[jve_57_g-5_s-6.php : 124] yeeeees
[jve_57_g-5_s-6.php : 31] starting : read_lines
[jve_57_g-5_s-6.php : 61] file closed : G:\images\2022\chage_file_names.txt
[jve_57_g-5_s-6.php : 65] file content
Array
(
    [0] => 2022-11-01~10 - 繧ｳ繝斐ｼ

    [1] => 2022-11-11~20 - 繧ｳ繝斐ｼ

    [2] => 2022-11-21~31 - 繧ｳ繝斐ｼ

    [3] => 2022-12-01~10 - 繧ｳ繝斐ｼ - 繧ｳ繝斐ｼ

    [4] => 2022-12-11~20 - 繧ｳ繝斐ｼ - 繧ｳ繝斐ｼ

    [5] => 2022-12-21~31 - 繧ｳ繝斐ｼ - 繧ｳ繝斐ｼ

)
[jve_57_g-5_s-6.php : 102] replacing...
[jve_57_g-5_s-6.php : 107] orig : 2022-11-01~10 - 繧ｳ繝斐ｼ
 / new : 2022-11-01~10


[jve_57_g-5_s-6.php : 102] replacing...
[jve_57_g-5_s-6.php : 107] orig : 2022-11-11~20 - 繧ｳ繝斐ｼ
 / new : 2022-11-11~20


[jve_57_g-5_s-6.php : 102] replacing...
[jve_57_g-5_s-6.php : 107] orig : 2022-11-21~31 - 繧ｳ繝斐ｼ
 / new : 2022-11-21~31


[jve_57_g-5_s-6.php : 102] replacing...
[jve_57_g-5_s-6.php : 107] orig : 2022-12-01~10 - 繧ｳ繝斐ｼ - 繧ｳ繝斐ｼ
 / new : 2022-12-01~10


[jve_57_g-5_s-6.php : 102] replacing...
[jve_57_g-5_s-6.php : 107] orig : 2022-12-11~20 - 繧ｳ繝斐ｼ - 繧ｳ繝斐ｼ
 / new : 2022-12-11~20


[jve_57_g-5_s-6.php : 102] replacing...
[jve_57_g-5_s-6.php : 107] orig : 2022-12-21~31 - 繧ｳ繝斐ｼ - 繧ｳ繝斐ｼ
 / new : 2022-12-21~31


 
============================  
param is ''
20221025_114707
 
[jve_57_g-5_s-6.php : 177] yeeeees
[jve_57_g-5_s-6.php : 31] starting : read_lines
[jve_57_g-5_s-6.php : 61] file closed : G:\images\2022\chage_file_names.txt
[jve_57_g-5_s-6.php : 65] file content
Array
(
    [0] => 2022-11-01~10 - 繧ｳ繝斐ｼ

    [1] => 2022-11-11~20 - 繧ｳ繝斐ｼ

    [2] => 2022-11-21~31 - 繧ｳ繝斐ｼ

    [3] => 2022-12-01~10 - 繧ｳ繝斐ｼ - 繧ｳ繝斐ｼ

    [4] => 2022-12-11~20 - 繧ｳ繝斐ｼ - 繧ｳ繝斐ｼ

    [5] => 2022-12-21~31 - 繧ｳ繝斐ｼ - 繧ｳ繝斐ｼ

)
[jve_57_g-5_s-6.php : 98] replacing...
[jve_57_g-5_s-6.php : 103] orig : 2022-11-01~10 - 繧ｳ繝斐ｼ
 / new : 2022-11-01~10


[jve_57_g-5_s-6.php : 98] replacing...
[jve_57_g-5_s-6.php : 103] orig : 2022-11-11~20 - 繧ｳ繝斐ｼ
 / new : 2022-11-11~20


[jve_57_g-5_s-6.php : 98] replacing...
[jve_57_g-5_s-6.php : 103] orig : 2022-11-21~31 - 繧ｳ繝斐ｼ
 / new : 2022-11-21~31


[jve_57_g-5_s-6.php : 98] replacing...
[jve_57_g-5_s-6.php : 103] orig : 2022-12-01~10 - 繧ｳ繝斐ｼ - 繧ｳ繝斐ｼ
 / new : 2022-12-01~10


[jve_57_g-5_s-6.php : 98] replacing...
[jve_57_g-5_s-6.php : 103] orig : 2022-12-11~20 - 繧ｳ繝斐ｼ - 繧ｳ繝斐ｼ
 / new : 2022-12-11~20


[jve_57_g-5_s-6.php : 98] replacing...
[jve_57_g-5_s-6.php : 103] orig : 2022-12-21~31 - 繧ｳ繝斐ｼ - 繧ｳ繝斐ｼ
 / new : 2022-12-21~31


 
============================  
param is ''
20221025_115044
 
[jve_57_g-5_s-6.php : 192] yeeeees
[jve_57_g-5_s-6.php : 31] starting : read_lines
[jve_57_g-5_s-6.php : 61] file closed : G:\images\2022\chage_file_names.txt
[jve_57_g-5_s-6.php : 65] file content
Array
(
    [0] => 2022-11-01~10 - 繧ｳ繝斐ｼ

    [1] => 2022-11-11~20 - 繧ｳ繝斐ｼ

    [2] => 2022-11-21~31 - 繧ｳ繝斐ｼ

    [3] => 2022-12-01~10 - 繧ｳ繝斐ｼ - 繧ｳ繝斐ｼ

    [4] => 2022-12-11~20 - 繧ｳ繝斐ｼ - 繧ｳ繝斐ｼ

    [5] => 2022-12-21~31 - 繧ｳ繝斐ｼ - 繧ｳ繝斐ｼ

)
[jve_57_g-5_s-6.php : 98] replacing...
[jve_57_g-5_s-6.php : 103] orig : 2022-11-01~10 - 繧ｳ繝斐ｼ
 / new : 2022-11-01~10


[jve_57_g-5_s-6.php : 98] replacing...
[jve_57_g-5_s-6.php : 103] orig : 2022-11-11~20 - 繧ｳ繝斐ｼ
 / new : 2022-11-11~20


[jve_57_g-5_s-6.php : 98] replacing...
[jve_57_g-5_s-6.php : 103] orig : 2022-11-21~31 - 繧ｳ繝斐ｼ
 / new : 2022-11-21~31


[jve_57_g-5_s-6.php : 98] replacing...
[jve_57_g-5_s-6.php : 103] orig : 2022-12-01~10 - 繧ｳ繝斐ｼ - 繧ｳ繝斐ｼ
 / new : 2022-12-01~10


[jve_57_g-5_s-6.php : 98] replacing...
[jve_57_g-5_s-6.php : 103] orig : 2022-12-11~20 - 繧ｳ繝斐ｼ - 繧ｳ繝斐ｼ
 / new : 2022-12-11~20


[jve_57_g-5_s-6.php : 98] replacing...
[jve_57_g-5_s-6.php : 103] orig : 2022-12-21~31 - 繧ｳ繝斐ｼ - 繧ｳ繝斐ｼ
 / new : 2022-12-21~31


[jve_57_g-5_s-6.php : 147] $linesOf_FileContent__Replaced ==> 
Array
(
    [0] => 2022-11-01~10

    [1] => 2022-11-11~20

    [2] => 2022-11-21~31

    [3] => 2022-12-01~10

    [4] => 2022-12-11~20

    [5] => 2022-12-21~31

)
 
============================  
param is ''
20221025_115402
 

Parse error: syntax error, unexpected '}' in C:\WORKS_2\WS\WS_Others.JVEMV6\JVEMV6\57_programming\57.4_change_file_name\s-6\jve_57_g-5_s-6.php on line 195
 
============================  
param is ''
20221025_115425
 
[jve_57_g-5_s-6.php : 201] yeeeees
[jve_57_g-5_s-6.php : 31] starting : read_lines
[jve_57_g-5_s-6.php : 61] file closed : G:\images\2022\chage_file_names.txt
[jve_57_g-5_s-6.php : 65] file content
Array
(
    [0] => 2022-11-01~10 - 繧ｳ繝斐ｼ

    [1] => 2022-11-11~20 - 繧ｳ繝斐ｼ

    [2] => 2022-11-21~31 - 繧ｳ繝斐ｼ

    [3] => 2022-12-01~10 - 繧ｳ繝斐ｼ - 繧ｳ繝斐ｼ

    [4] => 2022-12-11~20 - 繧ｳ繝斐ｼ - 繧ｳ繝斐ｼ

    [5] => 2022-12-21~31 - 繧ｳ繝斐ｼ - 繧ｳ繝斐ｼ

)
[jve_57_g-5_s-6.php : 98] replacing...
[jve_57_g-5_s-6.php : 103] orig : 2022-11-01~10 - 繧ｳ繝斐ｼ
 / new : 2022-11-01~10


[jve_57_g-5_s-6.php : 98] replacing...
[jve_57_g-5_s-6.php : 103] orig : 2022-11-11~20 - 繧ｳ繝斐ｼ
 / new : 2022-11-11~20


[jve_57_g-5_s-6.php : 98] replacing...
[jve_57_g-5_s-6.php : 103] orig : 2022-11-21~31 - 繧ｳ繝斐ｼ
 / new : 2022-11-21~31


[jve_57_g-5_s-6.php : 98] replacing...
[jve_57_g-5_s-6.php : 103] orig : 2022-12-01~10 - 繧ｳ繝斐ｼ - 繧ｳ繝斐ｼ
 / new : 2022-12-01~10


[jve_57_g-5_s-6.php : 98] replacing...
[jve_57_g-5_s-6.php : 103] orig : 2022-12-11~20 - 繧ｳ繝斐ｼ - 繧ｳ繝斐ｼ
 / new : 2022-12-11~20


[jve_57_g-5_s-6.php : 98] replacing...
[jve_57_g-5_s-6.php : 103] orig : 2022-12-21~31 - 繧ｳ繝斐ｼ - 繧ｳ繝斐ｼ
 / new : 2022-12-21~31


[jve_57_g-5_s-6.php : 151] $linesOf_FileContent__Replaced ==> 
Array
(
    [0] => 2022-11-01~10

    [1] => 2022-11-11~20

    [2] => 2022-11-21~31

    [3] => 2022-12-01~10

    [4] => 2022-12-11~20

    [5] => 2022-12-21~31

)
 
============================  
param is ''
20221025_120504
 
[jve_57_g-5_s-6.php : 228] yeeeees
[jve_57_g-5_s-6.php : 31] starting : read_lines
[jve_57_g-5_s-6.php : 61] file closed : G:\images\2022\chage_file_names.txt
[jve_57_g-5_s-6.php : 65] file content
Array
(
    [0] => 2022-11-01~10 - 繧ｳ繝斐ｼ

    [1] => 2022-11-11~20 - 繧ｳ繝斐ｼ

    [2] => 2022-11-21~31 - 繧ｳ繝斐ｼ

    [3] => 2022-12-01~10 - 繧ｳ繝斐ｼ - 繧ｳ繝斐ｼ

    [4] => 2022-12-11~20 - 繧ｳ繝斐ｼ - 繧ｳ繝斐ｼ

    [5] => 2022-12-21~31 - 繧ｳ繝斐ｼ - 繧ｳ繝斐ｼ

)
[jve_57_g-5_s-6.php : 98] replacing...
[jve_57_g-5_s-6.php : 103] orig : 2022-11-01~10 - 繧ｳ繝斐ｼ
 / new : 2022-11-01~10


[jve_57_g-5_s-6.php : 98] replacing...
[jve_57_g-5_s-6.php : 103] orig : 2022-11-11~20 - 繧ｳ繝斐ｼ
 / new : 2022-11-11~20


[jve_57_g-5_s-6.php : 98] replacing...
[jve_57_g-5_s-6.php : 103] orig : 2022-11-21~31 - 繧ｳ繝斐ｼ
 / new : 2022-11-21~31


[jve_57_g-5_s-6.php : 98] replacing...
[jve_57_g-5_s-6.php : 103] orig : 2022-12-01~10 - 繧ｳ繝斐ｼ - 繧ｳ繝斐ｼ
 / new : 2022-12-01~10


[jve_57_g-5_s-6.php : 98] replacing...
[jve_57_g-5_s-6.php : 103] orig : 2022-12-11~20 - 繧ｳ繝斐ｼ - 繧ｳ繝斐ｼ
 / new : 2022-12-11~20


[jve_57_g-5_s-6.php : 98] replacing...
[jve_57_g-5_s-6.php : 103] orig : 2022-12-21~31 - 繧ｳ繝斐ｼ - 繧ｳ繝斐ｼ
 / new : 2022-12-21~31


[jve_57_g-5_s-6.php : 175] $linesOf_FileContent__Replaced ==> 
Array
(
    [0] => 2022-11-01~10

    [1] => 2022-11-11~20

    [2] => 2022-11-21~31

    [3] => 2022-12-01~10

    [4] => 2022-12-11~20

    [5] => 2022-12-21~31

)
[jve_57_g-5_s-6.php : 138] $fpath_Orig : G:\images\2022\2022-11-01~10 - 繧ｳ繝斐ｼ

[jve_57_g-5_s-6.php : 140] $fpath_New : G:\images\2022\2022-11-01~10


[jve_57_g-5_s-6.php : 138] $fpath_Orig : G:\images\2022\2022-11-11~20 - 繧ｳ繝斐ｼ

[jve_57_g-5_s-6.php : 140] $fpath_New : G:\images\2022\2022-11-11~20


[jve_57_g-5_s-6.php : 138] $fpath_Orig : G:\images\2022\2022-11-21~31 - 繧ｳ繝斐ｼ

[jve_57_g-5_s-6.php : 140] $fpath_New : G:\images\2022\2022-11-21~31


[jve_57_g-5_s-6.php : 138] $fpath_Orig : G:\images\2022\2022-12-01~10 - 繧ｳ繝斐ｼ - 繧ｳ繝斐ｼ

[jve_57_g-5_s-6.php : 140] $fpath_New : G:\images\2022\2022-12-01~10


[jve_57_g-5_s-6.php : 138] $fpath_Orig : G:\images\2022\2022-12-11~20 - 繧ｳ繝斐ｼ - 繧ｳ繝斐ｼ

[jve_57_g-5_s-6.php : 140] $fpath_New : G:\images\2022\2022-12-11~20


[jve_57_g-5_s-6.php : 138] $fpath_Orig : G:\images\2022\2022-12-21~31 - 繧ｳ繝斐ｼ - 繧ｳ繝斐ｼ

[jve_57_g-5_s-6.php : 140] $fpath_New : G:\images\2022\2022-12-21~31


 
============================  
param is ''
20221025_120742
 
[jve_57_g-5_s-6.php : 241] yeeeees
[jve_57_g-5_s-6.php : 31] starting : read_lines
[jve_57_g-5_s-6.php : 61] file closed : G:\images\2022\chage_file_names.txt
[jve_57_g-5_s-6.php : 65] file content
Array
(
    [0] => 2022-11-01~10 - 繧ｳ繝斐ｼ

    [1] => 2022-11-11~20 - 繧ｳ繝斐ｼ

    [2] => 2022-11-21~31 - 繧ｳ繝斐ｼ

    [3] => 2022-12-01~10 - 繧ｳ繝斐ｼ - 繧ｳ繝斐ｼ

    [4] => 2022-12-11~20 - 繧ｳ繝斐ｼ - 繧ｳ繝斐ｼ

    [5] => 2022-12-21~31 - 繧ｳ繝斐ｼ - 繧ｳ繝斐ｼ

)
[jve_57_g-5_s-6.php : 98] replacing...
[jve_57_g-5_s-6.php : 103] orig : 2022-11-01~10 - 繧ｳ繝斐ｼ
 / new : 2022-11-01~10


[jve_57_g-5_s-6.php : 98] replacing...
[jve_57_g-5_s-6.php : 103] orig : 2022-11-11~20 - 繧ｳ繝斐ｼ
 / new : 2022-11-11~20


[jve_57_g-5_s-6.php : 98] replacing...
[jve_57_g-5_s-6.php : 103] orig : 2022-11-21~31 - 繧ｳ繝斐ｼ
 / new : 2022-11-21~31


[jve_57_g-5_s-6.php : 98] replacing...
[jve_57_g-5_s-6.php : 103] orig : 2022-12-01~10 - 繧ｳ繝斐ｼ - 繧ｳ繝斐ｼ
 / new : 2022-12-01~10


[jve_57_g-5_s-6.php : 98] replacing...
[jve_57_g-5_s-6.php : 103] orig : 2022-12-11~20 - 繧ｳ繝斐ｼ - 繧ｳ繝斐ｼ
 / new : 2022-12-11~20


[jve_57_g-5_s-6.php : 98] replacing...
[jve_57_g-5_s-6.php : 103] orig : 2022-12-21~31 - 繧ｳ繝斐ｼ - 繧ｳ繝斐ｼ
 / new : 2022-12-21~31


[jve_57_g-5_s-6.php : 188] $linesOf_FileContent__Replaced ==> 
Array
(
    [0] => 2022-11-01~10

    [1] => 2022-11-11~20

    [2] => 2022-11-21~31

    [3] => 2022-12-01~10

    [4] => 2022-12-11~20

    [5] => 2022-12-21~31

)
[jve_57_g-5_s-6.php : 140] $fpath_Orig : G:\images\2022\2022-11-01~10 - 繧ｳ繝斐ｼ

[jve_57_g-5_s-6.php : 142] $fpath_New : G:\images\2022\2022-11-01~10



Warning: rename(G:\images\2022\2022-11-01~10 - 繧ｳ繝斐ｼ
,2022-11-01~10
): ファイル名、ディレクトリ名、またはボリューム ラベルの構文が間違っています。 (code: 123) in C:\WORKS_2\WS\WS_Others.JVEMV6\JVEMV6\57_programming\57.4_change_file_name\s-6\jve_57_g-5_s-6.php on line 149
[jve_57_g-5_s-6.php : 151] rename result => 0

[jve_57_g-5_s-6.php : 140] $fpath_Orig : G:\images\2022\2022-11-11~20 - 繧ｳ繝斐ｼ

[jve_57_g-5_s-6.php : 142] $fpath_New : G:\images\2022\2022-11-11~20



Warning: rename(G:\images\2022\2022-11-11~20 - 繧ｳ繝斐ｼ
,2022-11-11~20
): ファイル名、ディレクトリ名、またはボリューム ラベルの構文が間違っています。 (code: 123) in C:\WORKS_2\WS\WS_Others.JVEMV6\JVEMV6\57_programming\57.4_change_file_name\s-6\jve_57_g-5_s-6.php on line 149
[jve_57_g-5_s-6.php : 151] rename result => 0

[jve_57_g-5_s-6.php : 140] $fpath_Orig : G:\images\2022\2022-11-21~31 - 繧ｳ繝斐ｼ

[jve_57_g-5_s-6.php : 142] $fpath_New : G:\images\2022\2022-11-21~31



Warning: rename(G:\images\2022\2022-11-21~31 - 繧ｳ繝斐ｼ
,2022-11-21~31
): ファイル名、ディレクトリ名、またはボリューム ラベルの構文が間違っています。 (code: 123) in C:\WORKS_2\WS\WS_Others.JVEMV6\JVEMV6\57_programming\57.4_change_file_name\s-6\jve_57_g-5_s-6.php on line 149
[jve_57_g-5_s-6.php : 151] rename result => 0

[jve_57_g-5_s-6.php : 140] $fpath_Orig : G:\images\2022\2022-12-01~10 - 繧ｳ繝斐ｼ - 繧ｳ繝斐ｼ

[jve_57_g-5_s-6.php : 142] $fpath_New : G:\images\2022\2022-12-01~10



Warning: rename(G:\images\2022\2022-12-01~10 - 繧ｳ繝斐ｼ - 繧ｳ繝斐ｼ
,2022-12-01~10
): ファイル名、ディレクトリ名、またはボリューム ラベルの構文が間違っています。 (code: 123) in C:\WORKS_2\WS\WS_Others.JVEMV6\JVEMV6\57_programming\57.4_change_file_name\s-6\jve_57_g-5_s-6.php on line 149
[jve_57_g-5_s-6.php : 151] rename result => 0

[jve_57_g-5_s-6.php : 140] $fpath_Orig : G:\images\2022\2022-12-11~20 - 繧ｳ繝斐ｼ - 繧ｳ繝斐ｼ

[jve_57_g-5_s-6.php : 142] $fpath_New : G:\images\2022\2022-12-11~20



Warning: rename(G:\images\2022\2022-12-11~20 - 繧ｳ繝斐ｼ - 繧ｳ繝斐ｼ
,2022-12-11~20
): ファイル名、ディレクトリ名、またはボリューム ラベルの構文が間違っています。 (code: 123) in C:\WORKS_2\WS\WS_Others.JVEMV6\JVEMV6\57_programming\57.4_change_file_name\s-6\jve_57_g-5_s-6.php on line 149
[jve_57_g-5_s-6.php : 151] rename result => 0

[jve_57_g-5_s-6.php : 140] $fpath_Orig : G:\images\2022\2022-12-21~31 - 繧ｳ繝斐ｼ - 繧ｳ繝斐ｼ

[jve_57_g-5_s-6.php : 142] $fpath_New : G:\images\2022\2022-12-21~31



Warning: rename(G:\images\2022\2022-12-21~31 - 繧ｳ繝斐ｼ - 繧ｳ繝斐ｼ
,2022-12-21~31
): ファイル名、ディレクトリ名、またはボリューム ラベルの構文が間違っています。 (code: 123) in C:\WORKS_2\WS\WS_Others.JVEMV6\JVEMV6\57_programming\57.4_change_file_name\s-6\jve_57_g-5_s-6.php on line 149
[jve_57_g-5_s-6.php : 151] rename result => 0

 
============================  
param is ''
20221025_121130
 
[jve_57_g-5_s-6.php : 251] yeeeees
[jve_57_g-5_s-6.php : 31] starting : read_lines
[jve_57_g-5_s-6.php : 61] file closed : G:\images\2022\chage_file_names.txt
[jve_57_g-5_s-6.php : 65] file content
Array
(
    [0] => 2022-11-01~10 - 繧ｳ繝斐ｼ

    [1] => 2022-11-11~20 - 繧ｳ繝斐ｼ

    [2] => 2022-11-21~31 - 繧ｳ繝斐ｼ

    [3] => 2022-12-01~10 - 繧ｳ繝斐ｼ - 繧ｳ繝斐ｼ

    [4] => 2022-12-11~20 - 繧ｳ繝斐ｼ - 繧ｳ繝斐ｼ

    [5] => 2022-12-21~31 - 繧ｳ繝斐ｼ - 繧ｳ繝斐ｼ

)
[jve_57_g-5_s-6.php : 98] replacing...
[jve_57_g-5_s-6.php : 103] orig : 2022-11-01~10 - 繧ｳ繝斐ｼ
 / new : 2022-11-01~10


[jve_57_g-5_s-6.php : 98] replacing...
[jve_57_g-5_s-6.php : 103] orig : 2022-11-11~20 - 繧ｳ繝斐ｼ
 / new : 2022-11-11~20


[jve_57_g-5_s-6.php : 98] replacing...
[jve_57_g-5_s-6.php : 103] orig : 2022-11-21~31 - 繧ｳ繝斐ｼ
 / new : 2022-11-21~31


[jve_57_g-5_s-6.php : 98] replacing...
[jve_57_g-5_s-6.php : 103] orig : 2022-12-01~10 - 繧ｳ繝斐ｼ - 繧ｳ繝斐ｼ
 / new : 2022-12-01~10


[jve_57_g-5_s-6.php : 98] replacing...
[jve_57_g-5_s-6.php : 103] orig : 2022-12-11~20 - 繧ｳ繝斐ｼ - 繧ｳ繝斐ｼ
 / new : 2022-12-11~20


[jve_57_g-5_s-6.php : 98] replacing...
[jve_57_g-5_s-6.php : 103] orig : 2022-12-21~31 - 繧ｳ繝斐ｼ - 繧ｳ繝斐ｼ
 / new : 2022-12-21~31


[jve_57_g-5_s-6.php : 198] $linesOf_FileContent__Replaced ==> 
Array
(
    [0] => 2022-11-01~10

    [1] => 2022-11-11~20

    [2] => 2022-11-21~31

    [3] => 2022-12-01~10

    [4] => 2022-12-11~20

    [5] => 2022-12-21~31

)

Warning: rename(G:\images\2022\2022-12-21~31 - 繧ｳ繝斐ｼ - 繧ｳ繝斐ｼ,2022-12-21~31): 指定されたファイルが見つかりません。 (code: 2) in C:\WORKS_2\WS\WS_Others.JVEMV6\JVEMV6\57_programming\57.4_change_file_name\s-6\jve_57_g-5_s-6.php on line 133
 
============================  
param is ''
20221025_121726
 
[jve_57_g-5_s-6.php : 256] yeeeees
[jve_57_g-5_s-6.php : 31] starting : read_lines
[jve_57_g-5_s-6.php : 61] file closed : G:\images\2022\chage_file_names.txt
[jve_57_g-5_s-6.php : 65] file content
Array
(
    [0] => 2022-11-01~10 - 繧ｳ繝斐ｼ

    [1] => 2022-11-11~20 - 繧ｳ繝斐ｼ

    [2] => 2022-11-21~31 - 繧ｳ繝斐ｼ

    [3] => 2022-12-01~10 - 繧ｳ繝斐ｼ - 繧ｳ繝斐ｼ

    [4] => 2022-12-11~20 - 繧ｳ繝斐ｼ - 繧ｳ繝斐ｼ

    [5] => 2022-12-21~31 - 繧ｳ繝斐ｼ - 繧ｳ繝斐ｼ

)
[jve_57_g-5_s-6.php : 98] replacing...
[jve_57_g-5_s-6.php : 103] orig : 2022-11-01~10 - 繧ｳ繝斐ｼ
 / new : 2022-11-01~10


[jve_57_g-5_s-6.php : 98] replacing...
[jve_57_g-5_s-6.php : 103] orig : 2022-11-11~20 - 繧ｳ繝斐ｼ
 / new : 2022-11-11~20


[jve_57_g-5_s-6.php : 98] replacing...
[jve_57_g-5_s-6.php : 103] orig : 2022-11-21~31 - 繧ｳ繝斐ｼ
 / new : 2022-11-21~31


[jve_57_g-5_s-6.php : 98] replacing...
[jve_57_g-5_s-6.php : 103] orig : 2022-12-01~10 - 繧ｳ繝斐ｼ - 繧ｳ繝斐ｼ
 / new : 2022-12-01~10


[jve_57_g-5_s-6.php : 98] replacing...
[jve_57_g-5_s-6.php : 103] orig : 2022-12-11~20 - 繧ｳ繝斐ｼ - 繧ｳ繝斐ｼ
 / new : 2022-12-11~20


[jve_57_g-5_s-6.php : 98] replacing...
[jve_57_g-5_s-6.php : 103] orig : 2022-12-21~31 - 繧ｳ繝斐ｼ - 繧ｳ繝斐ｼ
 / new : 2022-12-21~31


[jve_57_g-5_s-6.php : 203] $linesOf_FileContent__Replaced ==> 
Array
(
    [0] => 2022-11-01~10

    [1] => 2022-11-11~20

    [2] => 2022-11-21~31

    [3] => 2022-12-01~10

    [4] => 2022-12-11~20

    [5] => 2022-12-21~31

)

Warning: rename(G:\images\2022\2022-12-21~31 - コピー - コピー,2022-12-21~31): アクセスが拒否されました。 (code: 5) in C:\WORKS_2\WS\WS_Others.JVEMV6\JVEMV6\57_programming\57.4_change_file_name\s-6\jve_57_g-5_s-6.php on line 136
 
============================  
param is ''
20221025_121926
 
[jve_57_g-5_s-6.php : 258] yeeeees
[jve_57_g-5_s-6.php : 31] starting : read_lines
[jve_57_g-5_s-6.php : 61] file closed : G:\images\2022\chage_file_names.txt
[jve_57_g-5_s-6.php : 65] file content
Array
(
    [0] => 2022-11-01~10 - 繧ｳ繝斐ｼ

    [1] => 2022-11-11~20 - 繧ｳ繝斐ｼ

    [2] => 2022-11-21~31 - 繧ｳ繝斐ｼ

    [3] => 2022-12-01~10 - 繧ｳ繝斐ｼ - 繧ｳ繝斐ｼ

    [4] => 2022-12-11~20 - 繧ｳ繝斐ｼ - 繧ｳ繝斐ｼ

    [5] => 2022-12-21~31 - 繧ｳ繝斐ｼ - 繧ｳ繝斐ｼ

)
[jve_57_g-5_s-6.php : 98] replacing...
[jve_57_g-5_s-6.php : 103] orig : 2022-11-01~10 - 繧ｳ繝斐ｼ
 / new : 2022-11-01~10


[jve_57_g-5_s-6.php : 98] replacing...
[jve_57_g-5_s-6.php : 103] orig : 2022-11-11~20 - 繧ｳ繝斐ｼ
 / new : 2022-11-11~20


[jve_57_g-5_s-6.php : 98] replacing...
[jve_57_g-5_s-6.php : 103] orig : 2022-11-21~31 - 繧ｳ繝斐ｼ
 / new : 2022-11-21~31


[jve_57_g-5_s-6.php : 98] replacing...
[jve_57_g-5_s-6.php : 103] orig : 2022-12-01~10 - 繧ｳ繝斐ｼ - 繧ｳ繝斐ｼ
 / new : 2022-12-01~10


[jve_57_g-5_s-6.php : 98] replacing...
[jve_57_g-5_s-6.php : 103] orig : 2022-12-11~20 - 繧ｳ繝斐ｼ - 繧ｳ繝斐ｼ
 / new : 2022-12-11~20


[jve_57_g-5_s-6.php : 98] replacing...
[jve_57_g-5_s-6.php : 103] orig : 2022-12-21~31 - 繧ｳ繝斐ｼ - 繧ｳ繝斐ｼ
 / new : 2022-12-21~31


[jve_57_g-5_s-6.php : 205] $linesOf_FileContent__Replaced ==> 
Array
(
    [0] => 2022-11-01~10

    [1] => 2022-11-11~20

    [2] => 2022-11-21~31

    [3] => 2022-12-01~10

    [4] => 2022-12-11~20

    [5] => 2022-12-21~31

)

Warning: rename(G:\images\2022\2022-12-21~31 - コピー - コピー,2022-12-21~31): アクセスが拒否されました。 (code: 5) in C:\WORKS_2\WS\WS_Others.JVEMV6\JVEMV6\57_programming\57.4_change_file_name\s-6\jve_57_g-5_s-6.php on line 137
 
============================  
param is ''
20221025_122055
 
[jve_57_g-5_s-6.php : 259] yeeeees
[jve_57_g-5_s-6.php : 31] starting : read_lines
[jve_57_g-5_s-6.php : 61] file closed : G:\images\2022\chage_file_names.txt
[jve_57_g-5_s-6.php : 65] file content
Array
(
    [0] => 2022-11-01~10 - 繧ｳ繝斐ｼ

    [1] => 2022-11-11~20 - 繧ｳ繝斐ｼ

    [2] => 2022-11-21~31 - 繧ｳ繝斐ｼ

    [3] => 2022-12-01~10 - 繧ｳ繝斐ｼ - 繧ｳ繝斐ｼ

    [4] => 2022-12-11~20 - 繧ｳ繝斐ｼ - 繧ｳ繝斐ｼ

    [5] => 2022-12-21~31 - 繧ｳ繝斐ｼ - 繧ｳ繝斐ｼ

)
[jve_57_g-5_s-6.php : 98] replacing...
[jve_57_g-5_s-6.php : 103] orig : 2022-11-01~10 - 繧ｳ繝斐ｼ
 / new : 2022-11-01~10


[jve_57_g-5_s-6.php : 98] replacing...
[jve_57_g-5_s-6.php : 103] orig : 2022-11-11~20 - 繧ｳ繝斐ｼ
 / new : 2022-11-11~20


[jve_57_g-5_s-6.php : 98] replacing...
[jve_57_g-5_s-6.php : 103] orig : 2022-11-21~31 - 繧ｳ繝斐ｼ
 / new : 2022-11-21~31


[jve_57_g-5_s-6.php : 98] replacing...
[jve_57_g-5_s-6.php : 103] orig : 2022-12-01~10 - 繧ｳ繝斐ｼ - 繧ｳ繝斐ｼ
 / new : 2022-12-01~10


[jve_57_g-5_s-6.php : 98] replacing...
[jve_57_g-5_s-6.php : 103] orig : 2022-12-11~20 - 繧ｳ繝斐ｼ - 繧ｳ繝斐ｼ
 / new : 2022-12-11~20


[jve_57_g-5_s-6.php : 98] replacing...
[jve_57_g-5_s-6.php : 103] orig : 2022-12-21~31 - 繧ｳ繝斐ｼ - 繧ｳ繝斐ｼ
 / new : 2022-12-21~31


[jve_57_g-5_s-6.php : 206] $linesOf_FileContent__Replaced ==> 
Array
(
    [0] => 2022-11-01~10

    [1] => 2022-11-11~20

    [2] => 2022-11-21~31

    [3] => 2022-12-01~10

    [4] => 2022-12-11~20

    [5] => 2022-12-21~31

)
 
============================  
param is ''
20221025_122411
 
[jve_57_g-5_s-6.php : 271] yeeeees
[jve_57_g-5_s-6.php : 31] starting : read_lines
[jve_57_g-5_s-6.php : 61] file closed : G:\images\2022\chage_file_names.txt
[jve_57_g-5_s-6.php : 65] file content
Array
(
    [0] => 2022-11-01~10 - 繧ｳ繝斐ｼ

    [1] => 2022-11-11~20 - 繧ｳ繝斐ｼ

    [2] => 2022-11-21~31 - 繧ｳ繝斐ｼ

    [3] => 2022-12-01~10 - 繧ｳ繝斐ｼ - 繧ｳ繝斐ｼ

    [4] => 2022-12-11~20 - 繧ｳ繝斐ｼ - 繧ｳ繝斐ｼ

    [5] => 2022-12-21~31 - 繧ｳ繝斐ｼ - 繧ｳ繝斐ｼ

)
[jve_57_g-5_s-6.php : 98] replacing...
[jve_57_g-5_s-6.php : 103] orig : 2022-11-01~10 - 繧ｳ繝斐ｼ
 / new : 2022-11-01~10


[jve_57_g-5_s-6.php : 98] replacing...
[jve_57_g-5_s-6.php : 103] orig : 2022-11-11~20 - 繧ｳ繝斐ｼ
 / new : 2022-11-11~20


[jve_57_g-5_s-6.php : 98] replacing...
[jve_57_g-5_s-6.php : 103] orig : 2022-11-21~31 - 繧ｳ繝斐ｼ
 / new : 2022-11-21~31


[jve_57_g-5_s-6.php : 98] replacing...
[jve_57_g-5_s-6.php : 103] orig : 2022-12-01~10 - 繧ｳ繝斐ｼ - 繧ｳ繝斐ｼ
 / new : 2022-12-01~10


[jve_57_g-5_s-6.php : 98] replacing...
[jve_57_g-5_s-6.php : 103] orig : 2022-12-11~20 - 繧ｳ繝斐ｼ - 繧ｳ繝斐ｼ
 / new : 2022-12-11~20


[jve_57_g-5_s-6.php : 98] replacing...
[jve_57_g-5_s-6.php : 103] orig : 2022-12-21~31 - 繧ｳ繝斐ｼ - 繧ｳ繝斐ｼ
 / new : 2022-12-21~31


[jve_57_g-5_s-6.php : 218] $linesOf_FileContent__Replaced ==> 
Array
(
    [0] => 2022-11-01~10

    [1] => 2022-11-11~20

    [2] => 2022-11-21~31

    [3] => 2022-12-01~10

    [4] => 2022-12-11~20

    [5] => 2022-12-21~31

)
[jve_57_g-5_s-6.php : 146] $fpath_Orig : [jve_57_g-5_s-6.php : 147] $fpath_New :  
============================  
param is ''
20221027_110613
 
[jve_57_g-5_s-6.php : 272] yeeeees
[jve_57_g-5_s-6.php : 31] starting : read_lines
[jve_57_g-5_s-6.php : 61] file closed : G:\images\2022\chage_file_names.txt
[jve_57_g-5_s-6.php : 65] file content
Array
(
    [0] => 2022-11-01~10 - 繧ｳ繝斐ｼ

    [1] => 2022-11-11~20 - 繧ｳ繝斐ｼ

    [2] => 2022-11-21~31 - 繧ｳ繝斐ｼ

    [3] => 2022-12-01~10 - 繧ｳ繝斐ｼ - 繧ｳ繝斐ｼ

    [4] => 2022-12-11~20 - 繧ｳ繝斐ｼ - 繧ｳ繝斐ｼ

    [5] => 2022-12-21~31 - 繧ｳ繝斐ｼ - 繧ｳ繝斐ｼ

)
[jve_57_g-5_s-6.php : 98] replacing...
[jve_57_g-5_s-6.php : 103] orig : 2022-11-01~10 - 繧ｳ繝斐ｼ
 / new : 2022-11-01~10


[jve_57_g-5_s-6.php : 98] replacing...
[jve_57_g-5_s-6.php : 103] orig : 2022-11-11~20 - 繧ｳ繝斐ｼ
 / new : 2022-11-11~20


[jve_57_g-5_s-6.php : 98] replacing...
[jve_57_g-5_s-6.php : 103] orig : 2022-11-21~31 - 繧ｳ繝斐ｼ
 / new : 2022-11-21~31


[jve_57_g-5_s-6.php : 98] replacing...
[jve_57_g-5_s-6.php : 103] orig : 2022-12-01~10 - 繧ｳ繝斐ｼ - 繧ｳ繝斐ｼ
 / new : 2022-12-01~10


[jve_57_g-5_s-6.php : 98] replacing...
[jve_57_g-5_s-6.php : 103] orig : 2022-12-11~20 - 繧ｳ繝斐ｼ - 繧ｳ繝斐ｼ
 / new : 2022-12-11~20


[jve_57_g-5_s-6.php : 98] replacing...
[jve_57_g-5_s-6.php : 103] orig : 2022-12-21~31 - 繧ｳ繝斐ｼ - 繧ｳ繝斐ｼ
 / new : 2022-12-21~31


[jve_57_g-5_s-6.php : 219] $linesOf_FileContent__Replaced ==> 
Array
(
    [0] => 2022-11-01~10

    [1] => 2022-11-11~20

    [2] => 2022-11-21~31

    [3] => 2022-12-01~10

    [4] => 2022-12-11~20

    [5] => 2022-12-21~31

)
[jve_57_g-5_s-6.php : 147] $fpath_Orig : [jve_57_g-5_s-6.php : 148] $fpath_New :  
============================  
param is ''
20221027_111122
 

Parse error: syntax error, unexpected 'function' (T_FUNCTION) in C:\WORKS_2\WS\WS_Others.JVEMV6\JVEMV6\57_programming\57.4_change_file_name\s-6\jve_57_g-5_s-6.php on line 78
 
============================  
param is ''
20221027_111232
 
[jve_57_g-5_s-6.php : 274] yeeeees
[jve_57_g-5_s-6.php : 31] starting : read_lines
[jve_57_g-5_s-6.php : 61] file closed : G:\images\2022\chage_file_names.txt
[jve_57_g-5_s-6.php : 65] file content
Array
(
    [0] => 2022-11-01~10 - 繧ｳ繝斐ｼ

    [1] => 2022-11-11~20 - 繧ｳ繝斐ｼ

    [2] => 2022-11-21~31 - 繧ｳ繝斐ｼ

    [3] => 2022-12-01~10 - 繧ｳ繝斐ｼ - 繧ｳ繝斐ｼ

    [4] => 2022-12-11~20 - 繧ｳ繝斐ｼ - 繧ｳ繝斐ｼ

    [5] => 2022-12-21~31 - 繧ｳ繝斐ｼ - 繧ｳ繝斐ｼ

)
[jve_57_g-5_s-6.php : 98] replacing...
[jve_57_g-5_s-6.php : 103] orig : 2022-11-01~10 - 繧ｳ繝斐ｼ
 / new : 2022-11-01~10


[jve_57_g-5_s-6.php : 98] replacing...
[jve_57_g-5_s-6.php : 103] orig : 2022-11-11~20 - 繧ｳ繝斐ｼ
 / new : 2022-11-11~20


[jve_57_g-5_s-6.php : 98] replacing...
[jve_57_g-5_s-6.php : 103] orig : 2022-11-21~31 - 繧ｳ繝斐ｼ
 / new : 2022-11-21~31


[jve_57_g-5_s-6.php : 98] replacing...
[jve_57_g-5_s-6.php : 103] orig : 2022-12-01~10 - 繧ｳ繝斐ｼ - 繧ｳ繝斐ｼ
 / new : 2022-12-01~10


[jve_57_g-5_s-6.php : 98] replacing...
[jve_57_g-5_s-6.php : 103] orig : 2022-12-11~20 - 繧ｳ繝斐ｼ - 繧ｳ繝斐ｼ
 / new : 2022-12-11~20


[jve_57_g-5_s-6.php : 98] replacing...
[jve_57_g-5_s-6.php : 103] orig : 2022-12-21~31 - 繧ｳ繝斐ｼ - 繧ｳ繝斐ｼ
 / new : 2022-12-21~31


[jve_57_g-5_s-6.php : 221] $linesOf_FileContent__Replaced ==> 
Array
(
    [0] => 2022-11-01~10

    [1] => 2022-11-11~20

    [2] => 2022-11-21~31

    [3] => 2022-12-01~10

    [4] => 2022-12-11~20

    [5] => 2022-12-21~31

)
[jve_57_g-5_s-6.php : 149] $fpath_Orig : [jve_57_g-5_s-6.php : 150] $fpath_New : 
Warning: rename(C:\WORKS_2\WS\WS_Cake_IFM11\tmp\2022-11-01~10 - コピー
,C:\WORKS_2\WS\WS_Cake_IFM11\tmp\2022-11-01~10
): ファイル名、ディレクトリ名、またはボリューム ラベルの構文が間違っています。 (code: 123) in C:\WORKS_2\WS\WS_Others.JVEMV6\JVEMV6\57_programming\57.4_change_file_name\s-6\jve_57_g-5_s-6.php on line 152
 
============================  
param is ''
20221027_111612
 
[jve_57_g-5_s-6.php : 279] yeeeees
[jve_57_g-5_s-6.php : 31] starting : read_lines
[jve_57_g-5_s-6.php : 61] file closed : G:\images\2022\chage_file_names.txt
[jve_57_g-5_s-6.php : 65] file content
Array
(
    [0] => 2022-11-01~10 - 繧ｳ繝斐ｼ

    [1] => 2022-11-11~20 - 繧ｳ繝斐ｼ

    [2] => 2022-11-21~31 - 繧ｳ繝斐ｼ

    [3] => 2022-12-01~10 - 繧ｳ繝斐ｼ - 繧ｳ繝斐ｼ

    [4] => 2022-12-11~20 - 繧ｳ繝斐ｼ - 繧ｳ繝斐ｼ

    [5] => 2022-12-21~31 - 繧ｳ繝斐ｼ - 繧ｳ繝斐ｼ

)
[jve_57_g-5_s-6.php : 98] replacing...
[jve_57_g-5_s-6.php : 103] orig : 2022-11-01~10 - 繧ｳ繝斐ｼ
 / new : 2022-11-01~10


[jve_57_g-5_s-6.php : 98] replacing...
[jve_57_g-5_s-6.php : 103] orig : 2022-11-11~20 - 繧ｳ繝斐ｼ
 / new : 2022-11-11~20


[jve_57_g-5_s-6.php : 98] replacing...
[jve_57_g-5_s-6.php : 103] orig : 2022-11-21~31 - 繧ｳ繝斐ｼ
 / new : 2022-11-21~31


[jve_57_g-5_s-6.php : 98] replacing...
[jve_57_g-5_s-6.php : 103] orig : 2022-12-01~10 - 繧ｳ繝斐ｼ - 繧ｳ繝斐ｼ
 / new : 2022-12-01~10


[jve_57_g-5_s-6.php : 98] replacing...
[jve_57_g-5_s-6.php : 103] orig : 2022-12-11~20 - 繧ｳ繝斐ｼ - 繧ｳ繝斐ｼ
 / new : 2022-12-11~20


[jve_57_g-5_s-6.php : 98] replacing...
[jve_57_g-5_s-6.php : 103] orig : 2022-12-21~31 - 繧ｳ繝斐ｼ - 繧ｳ繝斐ｼ
 / new : 2022-12-21~31


[jve_57_g-5_s-6.php : 226] $linesOf_FileContent__Replaced ==> 
Array
(
    [0] => 2022-11-01~10

    [1] => 2022-11-11~20

    [2] => 2022-11-21~31

    [3] => 2022-12-01~10

    [4] => 2022-12-11~20

    [5] => 2022-12-21~31

)
[jve_57_g-5_s-6.php : 150] $fname_Orig : 
[jve_57_g-5_s-6.php : 152] $fpath_Orig : 
[jve_57_g-5_s-6.php : 154] $fpath_New : 

Warning: rename(C:\WORKS_2\WS\WS_Cake_IFM11\tmp\2022-11-01~10 - コピー
,C:\WORKS_2\WS\WS_Cake_IFM11\tmp\2022-11-01~10
): ファイル名、ディレクトリ名、またはボリューム ラベルの構文が間違っています。 (code: 123) in C:\WORKS_2\WS\WS_Others.JVEMV6\JVEMV6\57_programming\57.4_change_file_name\s-6\jve_57_g-5_s-6.php on line 157
 
============================  
param is ''
20221027_111634
 
[jve_57_g-5_s-6.php : 279] yeeeees
[jve_57_g-5_s-6.php : 31] starting : read_lines
[jve_57_g-5_s-6.php : 61] file closed : G:\images\2022\chage_file_names.txt
[jve_57_g-5_s-6.php : 65] file content
Array
(
    [0] => 2022-11-01~10 - 繧ｳ繝斐ｼ

    [1] => 2022-11-11~20 - 繧ｳ繝斐ｼ

    [2] => 2022-11-21~31 - 繧ｳ繝斐ｼ

    [3] => 2022-12-01~10 - 繧ｳ繝斐ｼ - 繧ｳ繝斐ｼ

    [4] => 2022-12-11~20 - 繧ｳ繝斐ｼ - 繧ｳ繝斐ｼ

    [5] => 2022-12-21~31 - 繧ｳ繝斐ｼ - 繧ｳ繝斐ｼ

)
[jve_57_g-5_s-6.php : 98] replacing...
[jve_57_g-5_s-6.php : 103] orig : 2022-11-01~10 - 繧ｳ繝斐ｼ
 / new : 2022-11-01~10


[jve_57_g-5_s-6.php : 98] replacing...
[jve_57_g-5_s-6.php : 103] orig : 2022-11-11~20 - 繧ｳ繝斐ｼ
 / new : 2022-11-11~20


[jve_57_g-5_s-6.php : 98] replacing...
[jve_57_g-5_s-6.php : 103] orig : 2022-11-21~31 - 繧ｳ繝斐ｼ
 / new : 2022-11-21~31


[jve_57_g-5_s-6.php : 98] replacing...
[jve_57_g-5_s-6.php : 103] orig : 2022-12-01~10 - 繧ｳ繝斐ｼ - 繧ｳ繝斐ｼ
 / new : 2022-12-01~10


[jve_57_g-5_s-6.php : 98] replacing...
[jve_57_g-5_s-6.php : 103] orig : 2022-12-11~20 - 繧ｳ繝斐ｼ - 繧ｳ繝斐ｼ
 / new : 2022-12-11~20


[jve_57_g-5_s-6.php : 98] replacing...
[jve_57_g-5_s-6.php : 103] orig : 2022-12-21~31 - 繧ｳ繝斐ｼ - 繧ｳ繝斐ｼ
 / new : 2022-12-21~31


[jve_57_g-5_s-6.php : 226] $linesOf_FileContent__Replaced ==> 
Array
(
    [0] => 2022-11-01~10

    [1] => 2022-11-11~20

    [2] => 2022-11-21~31

    [3] => 2022-12-01~10

    [4] => 2022-12-11~20

    [5] => 2022-12-21~31

)
[jve_57_g-5_s-6.php : 150] $fname_Orig : 2022-11-01~10 - 繧ｳ繝斐ｼ

[jve_57_g-5_s-6.php : 152] $fpath_Orig : C:\WORKS_2\WS\WS_Cake_IFM11\tmp\2022-11-01~10 - 繧ｳ繝斐ｼ

[jve_57_g-5_s-6.php : 154] $fpath_New : C:\WORKS_2\WS\WS_Cake_IFM11\tmp\2022-11-01~10


Warning: rename(C:\WORKS_2\WS\WS_Cake_IFM11\tmp\2022-11-01~10 - コピー
,C:\WORKS_2\WS\WS_Cake_IFM11\tmp\2022-11-01~10
): ファイル名、ディレクトリ名、またはボリューム ラベルの構文が間違っています。 (code: 123) in C:\WORKS_2\WS\WS_Others.JVEMV6\JVEMV6\57_programming\57.4_change_file_name\s-6\jve_57_g-5_s-6.php on line 157
 
============================  
param is ''
20221027_111724
 
[jve_57_g-5_s-6.php : 281] yeeeees
[jve_57_g-5_s-6.php : 31] starting : read_lines
[jve_57_g-5_s-6.php : 61] file closed : G:\images\2022\chage_file_names.txt
[jve_57_g-5_s-6.php : 65] file content
Array
(
    [0] => 2022-11-01~10 - 繧ｳ繝斐ｼ

    [1] => 2022-11-11~20 - 繧ｳ繝斐ｼ

    [2] => 2022-11-21~31 - 繧ｳ繝斐ｼ

    [3] => 2022-12-01~10 - 繧ｳ繝斐ｼ - 繧ｳ繝斐ｼ

    [4] => 2022-12-11~20 - 繧ｳ繝斐ｼ - 繧ｳ繝斐ｼ

    [5] => 2022-12-21~31 - 繧ｳ繝斐ｼ - 繧ｳ繝斐ｼ

)
[jve_57_g-5_s-6.php : 98] replacing...
[jve_57_g-5_s-6.php : 103] orig : 2022-11-01~10 - 繧ｳ繝斐ｼ
 / new : 2022-11-01~10


[jve_57_g-5_s-6.php : 98] replacing...
[jve_57_g-5_s-6.php : 103] orig : 2022-11-11~20 - 繧ｳ繝斐ｼ
 / new : 2022-11-11~20


[jve_57_g-5_s-6.php : 98] replacing...
[jve_57_g-5_s-6.php : 103] orig : 2022-11-21~31 - 繧ｳ繝斐ｼ
 / new : 2022-11-21~31


[jve_57_g-5_s-6.php : 98] replacing...
[jve_57_g-5_s-6.php : 103] orig : 2022-12-01~10 - 繧ｳ繝斐ｼ - 繧ｳ繝斐ｼ
 / new : 2022-12-01~10


[jve_57_g-5_s-6.php : 98] replacing...
[jve_57_g-5_s-6.php : 103] orig : 2022-12-11~20 - 繧ｳ繝斐ｼ - 繧ｳ繝斐ｼ
 / new : 2022-12-11~20


[jve_57_g-5_s-6.php : 98] replacing...
[jve_57_g-5_s-6.php : 103] orig : 2022-12-21~31 - 繧ｳ繝斐ｼ - 繧ｳ繝斐ｼ
 / new : 2022-12-21~31


[jve_57_g-5_s-6.php : 228] $linesOf_FileContent__Replaced ==> 
Array
(
    [0] => 2022-11-01~10

    [1] => 2022-11-11~20

    [2] => 2022-11-21~31

    [3] => 2022-12-01~10

    [4] => 2022-12-11~20

    [5] => 2022-12-21~31

)
[jve_57_g-5_s-6.php : 150] $fname_Orig : 2022-11-01~10 - 繧ｳ繝斐ｼ

[jve_57_g-5_s-6.php : 152] $fpath_Orig : C:\WORKS_2\WS\WS_Cake_IFM11\tmp\2022-11-01~10 - 繧ｳ繝斐ｼ

[jve_57_g-5_s-6.php : 154] $fpath_Orig__Converted : C:\WORKS_2\WS\WS_Cake_IFM11\tmp\2022-11-01~10 - コピー

[jve_57_g-5_s-6.php : 156] $fpath_New : C:\WORKS_2\WS\WS_Cake_IFM11\tmp\2022-11-01~10


Warning: rename(C:\WORKS_2\WS\WS_Cake_IFM11\tmp\2022-11-01~10 - コピー
,C:\WORKS_2\WS\WS_Cake_IFM11\tmp\2022-11-01~10
): ファイル名、ディレクトリ名、またはボリューム ラベルの構文が間違っています。 (code: 123) in C:\WORKS_2\WS\WS_Others.JVEMV6\JVEMV6\57_programming\57.4_change_file_name\s-6\jve_57_g-5_s-6.php on line 159
 
============================  
param is ''
20221027_111755
 
[jve_57_g-5_s-6.php : 282] yeeeees
[jve_57_g-5_s-6.php : 31] starting : read_lines
[jve_57_g-5_s-6.php : 61] file closed : G:\images\2022\chage_file_names.txt
[jve_57_g-5_s-6.php : 65] file content
Array
(
    [0] => 2022-11-01~10 - 繧ｳ繝斐ｼ

    [1] => 2022-11-11~20 - 繧ｳ繝斐ｼ

    [2] => 2022-11-21~31 - 繧ｳ繝斐ｼ

    [3] => 2022-12-01~10 - 繧ｳ繝斐ｼ - 繧ｳ繝斐ｼ

    [4] => 2022-12-11~20 - 繧ｳ繝斐ｼ - 繧ｳ繝斐ｼ

    [5] => 2022-12-21~31 - 繧ｳ繝斐ｼ - 繧ｳ繝斐ｼ

)
[jve_57_g-5_s-6.php : 98] replacing...
[jve_57_g-5_s-6.php : 103] orig : 2022-11-01~10 - 繧ｳ繝斐ｼ
 / new : 2022-11-01~10


[jve_57_g-5_s-6.php : 98] replacing...
[jve_57_g-5_s-6.php : 103] orig : 2022-11-11~20 - 繧ｳ繝斐ｼ
 / new : 2022-11-11~20


[jve_57_g-5_s-6.php : 98] replacing...
[jve_57_g-5_s-6.php : 103] orig : 2022-11-21~31 - 繧ｳ繝斐ｼ
 / new : 2022-11-21~31


[jve_57_g-5_s-6.php : 98] replacing...
[jve_57_g-5_s-6.php : 103] orig : 2022-12-01~10 - 繧ｳ繝斐ｼ - 繧ｳ繝斐ｼ
 / new : 2022-12-01~10


[jve_57_g-5_s-6.php : 98] replacing...
[jve_57_g-5_s-6.php : 103] orig : 2022-12-11~20 - 繧ｳ繝斐ｼ - 繧ｳ繝斐ｼ
 / new : 2022-12-11~20


[jve_57_g-5_s-6.php : 98] replacing...
[jve_57_g-5_s-6.php : 103] orig : 2022-12-21~31 - 繧ｳ繝斐ｼ - 繧ｳ繝斐ｼ
 / new : 2022-12-21~31


[jve_57_g-5_s-6.php : 229] $linesOf_FileContent__Replaced ==> 
Array
(
    [0] => 2022-11-01~10

    [1] => 2022-11-11~20

    [2] => 2022-11-21~31

    [3] => 2022-12-01~10

    [4] => 2022-12-11~20

    [5] => 2022-12-21~31

)
[jve_57_g-5_s-6.php : 150] $fname_Orig : 2022-11-01~10 - 繧ｳ繝斐ｼ

[jve_57_g-5_s-6.php : 152] $fpath_Orig : C:\WORKS_2\WS\WS_Cake_IFM11\tmp\2022-11-01~10 - 繧ｳ繝斐ｼ

[jve_57_g-5_s-6.php : 154] $fpath_Orig__Converted : C:\WORKS_2\WS\WS_Cake_IFM11\tmp\2022-11-01~10 - コピー

[jve_57_g-5_s-6.php : 156] $fpath_New : C:\WORKS_2\WS\WS_Cake_IFM11\tmp\2022-11-01~10


Warning: rename(C:\WORKS_2\WS\WS_Cake_IFM11\tmp\2022-11-01~10 - 繧ｳ繝斐ｼ
,C:\WORKS_2\WS\WS_Cake_IFM11\tmp\2022-11-01~10
): ファイル名、ディレクトリ名、またはボリューム ラベルの構文が間違っています。 (code: 123) in C:\WORKS_2\WS\WS_Others.JVEMV6\JVEMV6\57_programming\57.4_change_file_name\s-6\jve_57_g-5_s-6.php on line 159
 
============================  
param is ''
20221027_112132
 
[jve_57_g-5_s-6.php : 288] yeeeees
[jve_57_g-5_s-6.php : 31] starting : read_lines
[jve_57_g-5_s-6.php : 61] file closed : G:\images\2022\chage_file_names.txt
[jve_57_g-5_s-6.php : 65] file content
Array
(
    [0] => 2022-11-01~10 - 繧ｳ繝斐ｼ

    [1] => 2022-11-11~20 - 繧ｳ繝斐ｼ

    [2] => 2022-11-21~31 - 繧ｳ繝斐ｼ

    [3] => 2022-12-01~10 - 繧ｳ繝斐ｼ - 繧ｳ繝斐ｼ

    [4] => 2022-12-11~20 - 繧ｳ繝斐ｼ - 繧ｳ繝斐ｼ

    [5] => 2022-12-21~31 - 繧ｳ繝斐ｼ - 繧ｳ繝斐ｼ

)
[jve_57_g-5_s-6.php : 98] replacing...
[jve_57_g-5_s-6.php : 103] orig : 2022-11-01~10 - 繧ｳ繝斐ｼ
 / new : 2022-11-01~10


[jve_57_g-5_s-6.php : 98] replacing...
[jve_57_g-5_s-6.php : 103] orig : 2022-11-11~20 - 繧ｳ繝斐ｼ
 / new : 2022-11-11~20


[jve_57_g-5_s-6.php : 98] replacing...
[jve_57_g-5_s-6.php : 103] orig : 2022-11-21~31 - 繧ｳ繝斐ｼ
 / new : 2022-11-21~31


[jve_57_g-5_s-6.php : 98] replacing...
[jve_57_g-5_s-6.php : 103] orig : 2022-12-01~10 - 繧ｳ繝斐ｼ - 繧ｳ繝斐ｼ
 / new : 2022-12-01~10


[jve_57_g-5_s-6.php : 98] replacing...
[jve_57_g-5_s-6.php : 103] orig : 2022-12-11~20 - 繧ｳ繝斐ｼ - 繧ｳ繝斐ｼ
 / new : 2022-12-11~20


[jve_57_g-5_s-6.php : 98] replacing...
[jve_57_g-5_s-6.php : 103] orig : 2022-12-21~31 - 繧ｳ繝斐ｼ - 繧ｳ繝斐ｼ
 / new : 2022-12-21~31


[jve_57_g-5_s-6.php : 235] $linesOf_FileContent__Replaced ==> 
Array
(
    [0] => 2022-11-01~10

    [1] => 2022-11-11~20

    [2] => 2022-11-21~31

    [3] => 2022-12-01~10

    [4] => 2022-12-11~20

    [5] => 2022-12-21~31

)
[jve_57_g-5_s-6.php : 156] $fname_Orig : 2022-11-01~10 - 繧ｳ繝斐ｼ

[jve_57_g-5_s-6.php : 158] $fpath_Orig : C:\WORKS_2\WS\WS_Cake_IFM11\tmp\2022-11-01~10 - 繧ｳ繝斐ｼ
[jve_57_g-5_s-6.php : 160] $fpath_Orig__Converted : C:\WORKS_2\WS\WS_Cake_IFM11\tmp\2022-11-01~10 - コピー
[jve_57_g-5_s-6.php : 162] $fpath_New : C:\WORKS_2\WS\WS_Cake_IFM11\tmp\2022-11-01~10

Warning: rename(C:\WORKS_2\WS\WS_Cake_IFM11\tmp\2022-11-01~10 - 繧ｳ繝斐ｼ,C:\WORKS_2\WS\WS_Cake_IFM11\tmp\2022-11-01~10): 指定されたファイルが見つかりません。 (code: 2) in C:\WORKS_2\WS\WS_Others.JVEMV6\JVEMV6\57_programming\57.4_change_file_name\s-6\jve_57_g-5_s-6.php on line 165
 
============================  
param is ''
20221027_112313
 
[jve_57_g-5_s-6.php : 288] yeeeees
[jve_57_g-5_s-6.php : 31] starting : read_lines
[jve_57_g-5_s-6.php : 61] file closed : G:\images\2022\chage_file_names.txt
[jve_57_g-5_s-6.php : 65] file content
Array
(
    [0] => 2022-11-01~10 - 繧ｳ繝斐ｼ

    [1] => 2022-11-11~20 - 繧ｳ繝斐ｼ

    [2] => 2022-11-21~31 - 繧ｳ繝斐ｼ

    [3] => 2022-12-01~10 - 繧ｳ繝斐ｼ - 繧ｳ繝斐ｼ

    [4] => 2022-12-11~20 - 繧ｳ繝斐ｼ - 繧ｳ繝斐ｼ

    [5] => 2022-12-21~31 - 繧ｳ繝斐ｼ - 繧ｳ繝斐ｼ

)
[jve_57_g-5_s-6.php : 98] replacing...
[jve_57_g-5_s-6.php : 103] orig : 2022-11-01~10 - 繧ｳ繝斐ｼ
 / new : 2022-11-01~10


[jve_57_g-5_s-6.php : 98] replacing...
[jve_57_g-5_s-6.php : 103] orig : 2022-11-11~20 - 繧ｳ繝斐ｼ
 / new : 2022-11-11~20


[jve_57_g-5_s-6.php : 98] replacing...
[jve_57_g-5_s-6.php : 103] orig : 2022-11-21~31 - 繧ｳ繝斐ｼ
 / new : 2022-11-21~31


[jve_57_g-5_s-6.php : 98] replacing...
[jve_57_g-5_s-6.php : 103] orig : 2022-12-01~10 - 繧ｳ繝斐ｼ - 繧ｳ繝斐ｼ
 / new : 2022-12-01~10


[jve_57_g-5_s-6.php : 98] replacing...
[jve_57_g-5_s-6.php : 103] orig : 2022-12-11~20 - 繧ｳ繝斐ｼ - 繧ｳ繝斐ｼ
 / new : 2022-12-11~20


[jve_57_g-5_s-6.php : 98] replacing...
[jve_57_g-5_s-6.php : 103] orig : 2022-12-21~31 - 繧ｳ繝斐ｼ - 繧ｳ繝斐ｼ
 / new : 2022-12-21~31


[jve_57_g-5_s-6.php : 235] $linesOf_FileContent__Replaced ==> 
Array
(
    [0] => 2022-11-01~10

    [1] => 2022-11-11~20

    [2] => 2022-11-21~31

    [3] => 2022-12-01~10

    [4] => 2022-12-11~20

    [5] => 2022-12-21~31

)
[jve_57_g-5_s-6.php : 156] $fname_Orig : 2022-11-01~10 - 繧ｳ繝斐ｼ

[jve_57_g-5_s-6.php : 158] $fpath_Orig : C:\WORKS_2\WS\WS_Cake_IFM11\tmp\2022-11-01~10 - 繧ｳ繝斐ｼ

Notice: Undefined variable: fpath_Orig__Converted in C:\WORKS_2\WS\WS_Others.JVEMV6\JVEMV6\57_programming\57.4_change_file_name\s-6\jve_57_g-5_s-6.php on line 160
[jve_57_g-5_s-6.php : 160] $fpath_Orig__Converted : 
[jve_57_g-5_s-6.php : 162] $fpath_New : C:\WORKS_2\WS\WS_Cake_IFM11\tmp\2022-11-01~10

Notice: Undefined variable: fpath_Orig__Converted in C:\WORKS_2\WS\WS_Others.JVEMV6\JVEMV6\57_programming\57.4_change_file_name\s-6\jve_57_g-5_s-6.php on line 166

Warning: rename(,C:\WORKS_2\WS\WS_Cake_IFM11\tmp\2022-11-01~10): Invalid argument in C:\WORKS_2\WS\WS_Others.JVEMV6\JVEMV6\57_programming\57.4_change_file_name\s-6\jve_57_g-5_s-6.php on line 166
 
============================  
param is ''
20221027_112354
 
[jve_57_g-5_s-6.php : 288] yeeeees
[jve_57_g-5_s-6.php : 31] starting : read_lines
[jve_57_g-5_s-6.php : 61] file closed : G:\images\2022\chage_file_names.txt
[jve_57_g-5_s-6.php : 65] file content
Array
(
    [0] => 2022-11-01~10 - 繧ｳ繝斐ｼ

    [1] => 2022-11-11~20 - 繧ｳ繝斐ｼ

    [2] => 2022-11-21~31 - 繧ｳ繝斐ｼ

    [3] => 2022-12-01~10 - 繧ｳ繝斐ｼ - 繧ｳ繝斐ｼ

    [4] => 2022-12-11~20 - 繧ｳ繝斐ｼ - 繧ｳ繝斐ｼ

    [5] => 2022-12-21~31 - 繧ｳ繝斐ｼ - 繧ｳ繝斐ｼ

)
[jve_57_g-5_s-6.php : 98] replacing...
[jve_57_g-5_s-6.php : 103] orig : 2022-11-01~10 - 繧ｳ繝斐ｼ
 / new : 2022-11-01~10


[jve_57_g-5_s-6.php : 98] replacing...
[jve_57_g-5_s-6.php : 103] orig : 2022-11-11~20 - 繧ｳ繝斐ｼ
 / new : 2022-11-11~20


[jve_57_g-5_s-6.php : 98] replacing...
[jve_57_g-5_s-6.php : 103] orig : 2022-11-21~31 - 繧ｳ繝斐ｼ
 / new : 2022-11-21~31


[jve_57_g-5_s-6.php : 98] replacing...
[jve_57_g-5_s-6.php : 103] orig : 2022-12-01~10 - 繧ｳ繝斐ｼ - 繧ｳ繝斐ｼ
 / new : 2022-12-01~10


[jve_57_g-5_s-6.php : 98] replacing...
[jve_57_g-5_s-6.php : 103] orig : 2022-12-11~20 - 繧ｳ繝斐ｼ - 繧ｳ繝斐ｼ
 / new : 2022-12-11~20


[jve_57_g-5_s-6.php : 98] replacing...
[jve_57_g-5_s-6.php : 103] orig : 2022-12-21~31 - 繧ｳ繝斐ｼ - 繧ｳ繝斐ｼ
 / new : 2022-12-21~31


[jve_57_g-5_s-6.php : 235] $linesOf_FileContent__Replaced ==> 
Array
(
    [0] => 2022-11-01~10

    [1] => 2022-11-11~20

    [2] => 2022-11-21~31

    [3] => 2022-12-01~10

    [4] => 2022-12-11~20

    [5] => 2022-12-21~31

)
[jve_57_g-5_s-6.php : 156] $fname_Orig : 2022-11-01~10 - 繧ｳ繝斐ｼ

[jve_57_g-5_s-6.php : 158] $fpath_Orig : C:\WORKS_2\WS\WS_Cake_IFM11\tmp\2022-11-01~10 - 繧ｳ繝斐ｼ
[jve_57_g-5_s-6.php : 160] $fpath_Orig__Converted : C:\WORKS_2\WS\WS_Cake_IFM11\tmp\2022-11-01~10 - コピー
[jve_57_g-5_s-6.php : 162] $fpath_New : C:\WORKS_2\WS\WS_Cake_IFM11\tmp\2022-11-01~10
 
============================  
param is ''
20221027_112749
 
[jve_57_g-5_s-6.php : 295] yeeeees
[jve_57_g-5_s-6.php : 31] starting : read_lines
[jve_57_g-5_s-6.php : 61] file closed : G:\images\2022\chage_file_names.txt
[jve_57_g-5_s-6.php : 65] file content
Array
(
    [0] => 2022-11-01~10 - 繧ｳ繝斐ｼ

    [1] => 2022-11-11~20 - 繧ｳ繝斐ｼ

    [2] => 2022-11-21~31 - 繧ｳ繝斐ｼ

    [3] => 2022-12-01~10 - 繧ｳ繝斐ｼ - 繧ｳ繝斐ｼ

    [4] => 2022-12-11~20 - 繧ｳ繝斐ｼ - 繧ｳ繝斐ｼ

    [5] => 2022-12-21~31 - 繧ｳ繝斐ｼ - 繧ｳ繝斐ｼ

)
[jve_57_g-5_s-6.php : 98] replacing...
[jve_57_g-5_s-6.php : 103] orig : 2022-11-01~10 - 繧ｳ繝斐ｼ
 / new : 2022-11-01~10


[jve_57_g-5_s-6.php : 98] replacing...
[jve_57_g-5_s-6.php : 103] orig : 2022-11-11~20 - 繧ｳ繝斐ｼ
 / new : 2022-11-11~20


[jve_57_g-5_s-6.php : 98] replacing...
[jve_57_g-5_s-6.php : 103] orig : 2022-11-21~31 - 繧ｳ繝斐ｼ
 / new : 2022-11-21~31


[jve_57_g-5_s-6.php : 98] replacing...
[jve_57_g-5_s-6.php : 103] orig : 2022-12-01~10 - 繧ｳ繝斐ｼ - 繧ｳ繝斐ｼ
 / new : 2022-12-01~10


[jve_57_g-5_s-6.php : 98] replacing...
[jve_57_g-5_s-6.php : 103] orig : 2022-12-11~20 - 繧ｳ繝斐ｼ - 繧ｳ繝斐ｼ
 / new : 2022-12-11~20


[jve_57_g-5_s-6.php : 98] replacing...
[jve_57_g-5_s-6.php : 103] orig : 2022-12-21~31 - 繧ｳ繝斐ｼ - 繧ｳ繝斐ｼ
 / new : 2022-12-21~31


[jve_57_g-5_s-6.php : 242] $linesOf_FileContent__Replaced ==> 
Array
(
    [0] => 2022-11-01~10

    [1] => 2022-11-11~20

    [2] => 2022-11-21~31

    [3] => 2022-12-01~10

    [4] => 2022-12-11~20

    [5] => 2022-12-21~31

)

Notice: Undefined variable: fname_Orig in C:\WORKS_2\WS\WS_Others.JVEMV6\JVEMV6\57_programming\57.4_change_file_name\s-6\jve_57_g-5_s-6.php on line 181
[jve_57_g-5_s-6.php : 191] $fpath_Orig : C:\WORKS_2\WS\WS_Cake_IFM11\tmp\
[jve_57_g-5_s-6.php : 193] $fpath_New : G:\images\2022\2022-11-01~10



Notice: Undefined variable: fname_New in C:\WORKS_2\WS\WS_Others.JVEMV6\JVEMV6\57_programming\57.4_change_file_name\s-6\jve_57_g-5_s-6.php on line 201

Warning: rename(C:\WORKS_2\WS\WS_Cake_IFM11\tmp\,): Invalid argument in C:\WORKS_2\WS\WS_Others.JVEMV6\JVEMV6\57_programming\57.4_change_file_name\s-6\jve_57_g-5_s-6.php on line 201

Warning: rename(C:\WORKS_2\WS\WS_Cake_IFM11\tmp\,G:\images\2022\2022-11-01~10
): アクセスが拒否されました。 (code: 5) in C:\WORKS_2\WS\WS_Others.JVEMV6\JVEMV6\57_programming\57.4_change_file_name\s-6\jve_57_g-5_s-6.php on line 203
[jve_57_g-5_s-6.php : 205] rename result => 0


Notice: Undefined variable: fname_Orig in C:\WORKS_2\WS\WS_Others.JVEMV6\JVEMV6\57_programming\57.4_change_file_name\s-6\jve_57_g-5_s-6.php on line 181
[jve_57_g-5_s-6.php : 191] $fpath_Orig : C:\WORKS_2\WS\WS_Cake_IFM11\tmp\
[jve_57_g-5_s-6.php : 193] $fpath_New : G:\images\2022\2022-11-11~20



Notice: Undefined variable: fname_New in C:\WORKS_2\WS\WS_Others.JVEMV6\JVEMV6\57_programming\57.4_change_file_name\s-6\jve_57_g-5_s-6.php on line 201

Warning: rename(C:\WORKS_2\WS\WS_Cake_IFM11\tmp\,): Invalid argument in C:\WORKS_2\WS\WS_Others.JVEMV6\JVEMV6\57_programming\57.4_change_file_name\s-6\jve_57_g-5_s-6.php on line 201

Warning: rename(C:\WORKS_2\WS\WS_Cake_IFM11\tmp\,G:\images\2022\2022-11-11~20
): アクセスが拒否されました。 (code: 5) in C:\WORKS_2\WS\WS_Others.JVEMV6\JVEMV6\57_programming\57.4_change_file_name\s-6\jve_57_g-5_s-6.php on line 203
[jve_57_g-5_s-6.php : 205] rename result => 0


Notice: Undefined variable: fname_Orig in C:\WORKS_2\WS\WS_Others.JVEMV6\JVEMV6\57_programming\57.4_change_file_name\s-6\jve_57_g-5_s-6.php on line 181
[jve_57_g-5_s-6.php : 191] $fpath_Orig : C:\WORKS_2\WS\WS_Cake_IFM11\tmp\
[jve_57_g-5_s-6.php : 193] $fpath_New : G:\images\2022\2022-11-21~31



Notice: Undefined variable: fname_New in C:\WORKS_2\WS\WS_Others.JVEMV6\JVEMV6\57_programming\57.4_change_file_name\s-6\jve_57_g-5_s-6.php on line 201

Warning: rename(C:\WORKS_2\WS\WS_Cake_IFM11\tmp\,): Invalid argument in C:\WORKS_2\WS\WS_Others.JVEMV6\JVEMV6\57_programming\57.4_change_file_name\s-6\jve_57_g-5_s-6.php on line 201

Warning: rename(C:\WORKS_2\WS\WS_Cake_IFM11\tmp\,G:\images\2022\2022-11-21~31
): アクセスが拒否されました。 (code: 5) in C:\WORKS_2\WS\WS_Others.JVEMV6\JVEMV6\57_programming\57.4_change_file_name\s-6\jve_57_g-5_s-6.php on line 203
[jve_57_g-5_s-6.php : 205] rename result => 0


Notice: Undefined variable: fname_Orig in C:\WORKS_2\WS\WS_Others.JVEMV6\JVEMV6\57_programming\57.4_change_file_name\s-6\jve_57_g-5_s-6.php on line 181
[jve_57_g-5_s-6.php : 191] $fpath_Orig : C:\WORKS_2\WS\WS_Cake_IFM11\tmp\
[jve_57_g-5_s-6.php : 193] $fpath_New : G:\images\2022\2022-12-01~10



Notice: Undefined variable: fname_New in C:\WORKS_2\WS\WS_Others.JVEMV6\JVEMV6\57_programming\57.4_change_file_name\s-6\jve_57_g-5_s-6.php on line 201

Warning: rename(C:\WORKS_2\WS\WS_Cake_IFM11\tmp\,): Invalid argument in C:\WORKS_2\WS\WS_Others.JVEMV6\JVEMV6\57_programming\57.4_change_file_name\s-6\jve_57_g-5_s-6.php on line 201

Warning: rename(C:\WORKS_2\WS\WS_Cake_IFM11\tmp\,G:\images\2022\2022-12-01~10
): アクセスが拒否されました。 (code: 5) in C:\WORKS_2\WS\WS_Others.JVEMV6\JVEMV6\57_programming\57.4_change_file_name\s-6\jve_57_g-5_s-6.php on line 203
[jve_57_g-5_s-6.php : 205] rename result => 0


Notice: Undefined variable: fname_Orig in C:\WORKS_2\WS\WS_Others.JVEMV6\JVEMV6\57_programming\57.4_change_file_name\s-6\jve_57_g-5_s-6.php on line 181
[jve_57_g-5_s-6.php : 191] $fpath_Orig : C:\WORKS_2\WS\WS_Cake_IFM11\tmp\
[jve_57_g-5_s-6.php : 193] $fpath_New : G:\images\2022\2022-12-11~20



Notice: Undefined variable: fname_New in C:\WORKS_2\WS\WS_Others.JVEMV6\JVEMV6\57_programming\57.4_change_file_name\s-6\jve_57_g-5_s-6.php on line 201

Warning: rename(C:\WORKS_2\WS\WS_Cake_IFM11\tmp\,): Invalid argument in C:\WORKS_2\WS\WS_Others.JVEMV6\JVEMV6\57_programming\57.4_change_file_name\s-6\jve_57_g-5_s-6.php on line 201

Warning: rename(C:\WORKS_2\WS\WS_Cake_IFM11\tmp\,G:\images\2022\2022-12-11~20
): アクセスが拒否されました。 (code: 5) in C:\WORKS_2\WS\WS_Others.JVEMV6\JVEMV6\57_programming\57.4_change_file_name\s-6\jve_57_g-5_s-6.php on line 203
[jve_57_g-5_s-6.php : 205] rename result => 0


Notice: Undefined variable: fname_Orig in C:\WORKS_2\WS\WS_Others.JVEMV6\JVEMV6\57_programming\57.4_change_file_name\s-6\jve_57_g-5_s-6.php on line 181
[jve_57_g-5_s-6.php : 191] $fpath_Orig : C:\WORKS_2\WS\WS_Cake_IFM11\tmp\
[jve_57_g-5_s-6.php : 193] $fpath_New : G:\images\2022\2022-12-21~31



Notice: Undefined variable: fname_New in C:\WORKS_2\WS\WS_Others.JVEMV6\JVEMV6\57_programming\57.4_change_file_name\s-6\jve_57_g-5_s-6.php on line 201

Warning: rename(C:\WORKS_2\WS\WS_Cake_IFM11\tmp\,): Invalid argument in C:\WORKS_2\WS\WS_Others.JVEMV6\JVEMV6\57_programming\57.4_change_file_name\s-6\jve_57_g-5_s-6.php on line 201

Warning: rename(C:\WORKS_2\WS\WS_Cake_IFM11\tmp\,G:\images\2022\2022-12-21~31
): アクセスが拒否されました。 (code: 5) in C:\WORKS_2\WS\WS_Others.JVEMV6\JVEMV6\57_programming\57.4_change_file_name\s-6\jve_57_g-5_s-6.php on line 203
[jve_57_g-5_s-6.php : 205] rename result => 0

 
============================  
param is ''
20221027_112841
 
[jve_57_g-5_s-6.php : 296] yeeeees
[jve_57_g-5_s-6.php : 31] starting : read_lines

Warning: fopen(C:\WORKS_2\WS\WS_Cake_IFM11\tmp\chage_file_names.txt): failed to open stream: No such file or directory in C:\WORKS_2\WS\WS_Others.JVEMV6\JVEMV6\57_programming\57.4_change_file_name\s-6\jve_57_g-5_s-6.php on line 50

Warning: fgets() expects parameter 1 to be resource, boolean given in C:\WORKS_2\WS\WS_Others.JVEMV6\JVEMV6\57_programming\57.4_change_file_name\s-6\jve_57_g-5_s-6.php on line 52

Warning: fclose() expects parameter 1 to be resource, boolean given in C:\WORKS_2\WS\WS_Others.JVEMV6\JVEMV6\57_programming\57.4_change_file_name\s-6\jve_57_g-5_s-6.php on line 58
[jve_57_g-5_s-6.php : 61] file closed : C:\WORKS_2\WS\WS_Cake_IFM11\tmp\chage_file_names.txt
[jve_57_g-5_s-6.php : 65] file content
Array
(
)
[jve_57_g-5_s-6.php : 243] $linesOf_FileContent__Replaced ==> 
Array
(
)
 
============================  
param is ''
20221027_112957
 
[jve_57_g-5_s-6.php : 298] yeeeees
[jve_57_g-5_s-6.php : 31] starting : read_lines
[jve_57_g-5_s-6.php : 61] file closed : G:\images\2022\chage_file_names.txt
[jve_57_g-5_s-6.php : 65] file content
Array
(
    [0] => 2022-11-01~10 - 繧ｳ繝斐ｼ

    [1] => 2022-11-11~20 - 繧ｳ繝斐ｼ

    [2] => 2022-11-21~31 - 繧ｳ繝斐ｼ

    [3] => 2022-12-01~10 - 繧ｳ繝斐ｼ - 繧ｳ繝斐ｼ

    [4] => 2022-12-11~20 - 繧ｳ繝斐ｼ - 繧ｳ繝斐ｼ

    [5] => 2022-12-21~31 - 繧ｳ繝斐ｼ - 繧ｳ繝斐ｼ

)
[jve_57_g-5_s-6.php : 98] replacing...
[jve_57_g-5_s-6.php : 103] orig : 2022-11-01~10 - 繧ｳ繝斐ｼ
 / new : 2022-11-01~10


[jve_57_g-5_s-6.php : 98] replacing...
[jve_57_g-5_s-6.php : 103] orig : 2022-11-11~20 - 繧ｳ繝斐ｼ
 / new : 2022-11-11~20


[jve_57_g-5_s-6.php : 98] replacing...
[jve_57_g-5_s-6.php : 103] orig : 2022-11-21~31 - 繧ｳ繝斐ｼ
 / new : 2022-11-21~31


[jve_57_g-5_s-6.php : 98] replacing...
[jve_57_g-5_s-6.php : 103] orig : 2022-12-01~10 - 繧ｳ繝斐ｼ - 繧ｳ繝斐ｼ
 / new : 2022-12-01~10


[jve_57_g-5_s-6.php : 98] replacing...
[jve_57_g-5_s-6.php : 103] orig : 2022-12-11~20 - 繧ｳ繝斐ｼ - 繧ｳ繝斐ｼ
 / new : 2022-12-11~20


[jve_57_g-5_s-6.php : 98] replacing...
[jve_57_g-5_s-6.php : 103] orig : 2022-12-21~31 - 繧ｳ繝斐ｼ - 繧ｳ繝斐ｼ
 / new : 2022-12-21~31


[jve_57_g-5_s-6.php : 244] $linesOf_FileContent__Replaced ==> 
Array
(
    [0] => 2022-11-01~10

    [1] => 2022-11-11~20

    [2] => 2022-11-21~31

    [3] => 2022-12-01~10

    [4] => 2022-12-11~20

    [5] => 2022-12-21~31

)

Notice: Undefined variable: fname_Orig in C:\WORKS_2\WS\WS_Others.JVEMV6\JVEMV6\57_programming\57.4_change_file_name\s-6\jve_57_g-5_s-6.php on line 181
[jve_57_g-5_s-6.php : 191] $fpath_Orig : C:\WORKS_2\WS\WS_Cake_IFM11\tmp\
[jve_57_g-5_s-6.php : 193] $fpath_New : C:\WORKS_2\WS\WS_Cake_IFM11\tmp\2022-11-01~10



Notice: Undefined variable: fname_New in C:\WORKS_2\WS\WS_Others.JVEMV6\JVEMV6\57_programming\57.4_change_file_name\s-6\jve_57_g-5_s-6.php on line 201

Warning: rename(C:\WORKS_2\WS\WS_Cake_IFM11\tmp\,): Invalid argument in C:\WORKS_2\WS\WS_Others.JVEMV6\JVEMV6\57_programming\57.4_change_file_name\s-6\jve_57_g-5_s-6.php on line 201

Warning: rename(C:\WORKS_2\WS\WS_Cake_IFM11\tmp\,C:\WORKS_2\WS\WS_Cake_IFM11\tmp\2022-11-01~10
): プロセスはファイルにアクセスできません。別のプロセスが使用中です。 (code: 32) in C:\WORKS_2\WS\WS_Others.JVEMV6\JVEMV6\57_programming\57.4_change_file_name\s-6\jve_57_g-5_s-6.php on line 203
[jve_57_g-5_s-6.php : 205] rename result => 0


Notice: Undefined variable: fname_Orig in C:\WORKS_2\WS\WS_Others.JVEMV6\JVEMV6\57_programming\57.4_change_file_name\s-6\jve_57_g-5_s-6.php on line 181
[jve_57_g-5_s-6.php : 191] $fpath_Orig : C:\WORKS_2\WS\WS_Cake_IFM11\tmp\
[jve_57_g-5_s-6.php : 193] $fpath_New : C:\WORKS_2\WS\WS_Cake_IFM11\tmp\2022-11-11~20



Notice: Undefined variable: fname_New in C:\WORKS_2\WS\WS_Others.JVEMV6\JVEMV6\57_programming\57.4_change_file_name\s-6\jve_57_g-5_s-6.php on line 201

Warning: rename(C:\WORKS_2\WS\WS_Cake_IFM11\tmp\,): Invalid argument in C:\WORKS_2\WS\WS_Others.JVEMV6\JVEMV6\57_programming\57.4_change_file_name\s-6\jve_57_g-5_s-6.php on line 201

Warning: rename(C:\WORKS_2\WS\WS_Cake_IFM11\tmp\,C:\WORKS_2\WS\WS_Cake_IFM11\tmp\2022-11-11~20
): プロセスはファイルにアクセスできません。別のプロセスが使用中です。 (code: 32) in C:\WORKS_2\WS\WS_Others.JVEMV6\JVEMV6\57_programming\57.4_change_file_name\s-6\jve_57_g-5_s-6.php on line 203
[jve_57_g-5_s-6.php : 205] rename result => 0


Notice: Undefined variable: fname_Orig in C:\WORKS_2\WS\WS_Others.JVEMV6\JVEMV6\57_programming\57.4_change_file_name\s-6\jve_57_g-5_s-6.php on line 181
[jve_57_g-5_s-6.php : 191] $fpath_Orig : C:\WORKS_2\WS\WS_Cake_IFM11\tmp\
[jve_57_g-5_s-6.php : 193] $fpath_New : C:\WORKS_2\WS\WS_Cake_IFM11\tmp\2022-11-21~31



Notice: Undefined variable: fname_New in C:\WORKS_2\WS\WS_Others.JVEMV6\JVEMV6\57_programming\57.4_change_file_name\s-6\jve_57_g-5_s-6.php on line 201

Warning: rename(C:\WORKS_2\WS\WS_Cake_IFM11\tmp\,): Invalid argument in C:\WORKS_2\WS\WS_Others.JVEMV6\JVEMV6\57_programming\57.4_change_file_name\s-6\jve_57_g-5_s-6.php on line 201

Warning: rename(C:\WORKS_2\WS\WS_Cake_IFM11\tmp\,C:\WORKS_2\WS\WS_Cake_IFM11\tmp\2022-11-21~31
): プロセスはファイルにアクセスできません。別のプロセスが使用中です。 (code: 32) in C:\WORKS_2\WS\WS_Others.JVEMV6\JVEMV6\57_programming\57.4_change_file_name\s-6\jve_57_g-5_s-6.php on line 203
[jve_57_g-5_s-6.php : 205] rename result => 0


Notice: Undefined variable: fname_Orig in C:\WORKS_2\WS\WS_Others.JVEMV6\JVEMV6\57_programming\57.4_change_file_name\s-6\jve_57_g-5_s-6.php on line 181
[jve_57_g-5_s-6.php : 191] $fpath_Orig : C:\WORKS_2\WS\WS_Cake_IFM11\tmp\
[jve_57_g-5_s-6.php : 193] $fpath_New : C:\WORKS_2\WS\WS_Cake_IFM11\tmp\2022-12-01~10



Notice: Undefined variable: fname_New in C:\WORKS_2\WS\WS_Others.JVEMV6\JVEMV6\57_programming\57.4_change_file_name\s-6\jve_57_g-5_s-6.php on line 201

Warning: rename(C:\WORKS_2\WS\WS_Cake_IFM11\tmp\,): Invalid argument in C:\WORKS_2\WS\WS_Others.JVEMV6\JVEMV6\57_programming\57.4_change_file_name\s-6\jve_57_g-5_s-6.php on line 201

Warning: rename(C:\WORKS_2\WS\WS_Cake_IFM11\tmp\,C:\WORKS_2\WS\WS_Cake_IFM11\tmp\2022-12-01~10
): プロセスはファイルにアクセスできません。別のプロセスが使用中です。 (code: 32) in C:\WORKS_2\WS\WS_Others.JVEMV6\JVEMV6\57_programming\57.4_change_file_name\s-6\jve_57_g-5_s-6.php on line 203
[jve_57_g-5_s-6.php : 205] rename result => 0


Notice: Undefined variable: fname_Orig in C:\WORKS_2\WS\WS_Others.JVEMV6\JVEMV6\57_programming\57.4_change_file_name\s-6\jve_57_g-5_s-6.php on line 181
[jve_57_g-5_s-6.php : 191] $fpath_Orig : C:\WORKS_2\WS\WS_Cake_IFM11\tmp\
[jve_57_g-5_s-6.php : 193] $fpath_New : C:\WORKS_2\WS\WS_Cake_IFM11\tmp\2022-12-11~20



Notice: Undefined variable: fname_New in C:\WORKS_2\WS\WS_Others.JVEMV6\JVEMV6\57_programming\57.4_change_file_name\s-6\jve_57_g-5_s-6.php on line 201

Warning: rename(C:\WORKS_2\WS\WS_Cake_IFM11\tmp\,): Invalid argument in C:\WORKS_2\WS\WS_Others.JVEMV6\JVEMV6\57_programming\57.4_change_file_name\s-6\jve_57_g-5_s-6.php on line 201

Warning: rename(C:\WORKS_2\WS\WS_Cake_IFM11\tmp\,C:\WORKS_2\WS\WS_Cake_IFM11\tmp\2022-12-11~20
): プロセスはファイルにアクセスできません。別のプロセスが使用中です。 (code: 32) in C:\WORKS_2\WS\WS_Others.JVEMV6\JVEMV6\57_programming\57.4_change_file_name\s-6\jve_57_g-5_s-6.php on line 203
[jve_57_g-5_s-6.php : 205] rename result => 0


Notice: Undefined variable: fname_Orig in C:\WORKS_2\WS\WS_Others.JVEMV6\JVEMV6\57_programming\57.4_change_file_name\s-6\jve_57_g-5_s-6.php on line 181
[jve_57_g-5_s-6.php : 191] $fpath_Orig : C:\WORKS_2\WS\WS_Cake_IFM11\tmp\
[jve_57_g-5_s-6.php : 193] $fpath_New : C:\WORKS_2\WS\WS_Cake_IFM11\tmp\2022-12-21~31



Notice: Undefined variable: fname_New in C:\WORKS_2\WS\WS_Others.JVEMV6\JVEMV6\57_programming\57.4_change_file_name\s-6\jve_57_g-5_s-6.php on line 201

Warning: rename(C:\WORKS_2\WS\WS_Cake_IFM11\tmp\,): Invalid argument in C:\WORKS_2\WS\WS_Others.JVEMV6\JVEMV6\57_programming\57.4_change_file_name\s-6\jve_57_g-5_s-6.php on line 201

Warning: rename(C:\WORKS_2\WS\WS_Cake_IFM11\tmp\,C:\WORKS_2\WS\WS_Cake_IFM11\tmp\2022-12-21~31
): プロセスはファイルにアクセスできません。別のプロセスが使用中です。 (code: 32) in C:\WORKS_2\WS\WS_Others.JVEMV6\JVEMV6\57_programming\57.4_change_file_name\s-6\jve_57_g-5_s-6.php on line 203
[jve_57_g-5_s-6.php : 205] rename result => 0

 
============================  
param is ''
20221027_113115
 
[jve_57_g-5_s-6.php : 298] yeeeees
[jve_57_g-5_s-6.php : 31] starting : read_lines
[jve_57_g-5_s-6.php : 61] file closed : G:\images\2022\chage_file_names.txt
[jve_57_g-5_s-6.php : 65] file content
Array
(
    [0] => 2022-11-01~10 - 繧ｳ繝斐ｼ

    [1] => 2022-11-11~20 - 繧ｳ繝斐ｼ

    [2] => 2022-11-21~31 - 繧ｳ繝斐ｼ

    [3] => 2022-12-01~10 - 繧ｳ繝斐ｼ - 繧ｳ繝斐ｼ

    [4] => 2022-12-11~20 - 繧ｳ繝斐ｼ - 繧ｳ繝斐ｼ

    [5] => 2022-12-21~31 - 繧ｳ繝斐ｼ - 繧ｳ繝斐ｼ

)
[jve_57_g-5_s-6.php : 98] replacing...
[jve_57_g-5_s-6.php : 103] orig : 2022-11-01~10 - 繧ｳ繝斐ｼ
 / new : 2022-11-01~10


[jve_57_g-5_s-6.php : 98] replacing...
[jve_57_g-5_s-6.php : 103] orig : 2022-11-11~20 - 繧ｳ繝斐ｼ
 / new : 2022-11-11~20


[jve_57_g-5_s-6.php : 98] replacing...
[jve_57_g-5_s-6.php : 103] orig : 2022-11-21~31 - 繧ｳ繝斐ｼ
 / new : 2022-11-21~31


[jve_57_g-5_s-6.php : 98] replacing...
[jve_57_g-5_s-6.php : 103] orig : 2022-12-01~10 - 繧ｳ繝斐ｼ - 繧ｳ繝斐ｼ
 / new : 2022-12-01~10


[jve_57_g-5_s-6.php : 98] replacing...
[jve_57_g-5_s-6.php : 103] orig : 2022-12-11~20 - 繧ｳ繝斐ｼ - 繧ｳ繝斐ｼ
 / new : 2022-12-11~20


[jve_57_g-5_s-6.php : 98] replacing...
[jve_57_g-5_s-6.php : 103] orig : 2022-12-21~31 - 繧ｳ繝斐ｼ - 繧ｳ繝斐ｼ
 / new : 2022-12-21~31


[jve_57_g-5_s-6.php : 244] $linesOf_FileContent__Replaced ==> 
Array
(
    [0] => 2022-11-01~10

    [1] => 2022-11-11~20

    [2] => 2022-11-21~31

    [3] => 2022-12-01~10

    [4] => 2022-12-11~20

    [5] => 2022-12-21~31

)

Notice: Undefined variable: fname_Orig in C:\WORKS_2\WS\WS_Others.JVEMV6\JVEMV6\57_programming\57.4_change_file_name\s-6\jve_57_g-5_s-6.php on line 181
[jve_57_g-5_s-6.php : 191] $fpath_Orig : C:\WORKS_2\WS\WS_Cake_IFM11\tmp\
[jve_57_g-5_s-6.php : 193] $fpath_New : C:\WORKS_2\WS\WS_Cake_IFM11\tmp\2022-11-01~10



Warning: rename(C:\WORKS_2\WS\WS_Cake_IFM11\tmp\,C:\WORKS_2\WS\WS_Cake_IFM11\tmp\2022-11-01~10
): プロセスはファイルにアクセスできません。別のプロセスが使用中です。 (code: 32) in C:\WORKS_2\WS\WS_Others.JVEMV6\JVEMV6\57_programming\57.4_change_file_name\s-6\jve_57_g-5_s-6.php on line 203
[jve_57_g-5_s-6.php : 205] rename result => 0


Notice: Undefined variable: fname_Orig in C:\WORKS_2\WS\WS_Others.JVEMV6\JVEMV6\57_programming\57.4_change_file_name\s-6\jve_57_g-5_s-6.php on line 181
[jve_57_g-5_s-6.php : 191] $fpath_Orig : C:\WORKS_2\WS\WS_Cake_IFM11\tmp\
[jve_57_g-5_s-6.php : 193] $fpath_New : C:\WORKS_2\WS\WS_Cake_IFM11\tmp\2022-11-11~20



Warning: rename(C:\WORKS_2\WS\WS_Cake_IFM11\tmp\,C:\WORKS_2\WS\WS_Cake_IFM11\tmp\2022-11-11~20
): プロセスはファイルにアクセスできません。別のプロセスが使用中です。 (code: 32) in C:\WORKS_2\WS\WS_Others.JVEMV6\JVEMV6\57_programming\57.4_change_file_name\s-6\jve_57_g-5_s-6.php on line 203
[jve_57_g-5_s-6.php : 205] rename result => 0


Notice: Undefined variable: fname_Orig in C:\WORKS_2\WS\WS_Others.JVEMV6\JVEMV6\57_programming\57.4_change_file_name\s-6\jve_57_g-5_s-6.php on line 181
[jve_57_g-5_s-6.php : 191] $fpath_Orig : C:\WORKS_2\WS\WS_Cake_IFM11\tmp\
[jve_57_g-5_s-6.php : 193] $fpath_New : C:\WORKS_2\WS\WS_Cake_IFM11\tmp\2022-11-21~31



Warning: rename(C:\WORKS_2\WS\WS_Cake_IFM11\tmp\,C:\WORKS_2\WS\WS_Cake_IFM11\tmp\2022-11-21~31
): プロセスはファイルにアクセスできません。別のプロセスが使用中です。 (code: 32) in C:\WORKS_2\WS\WS_Others.JVEMV6\JVEMV6\57_programming\57.4_change_file_name\s-6\jve_57_g-5_s-6.php on line 203
[jve_57_g-5_s-6.php : 205] rename result => 0


Notice: Undefined variable: fname_Orig in C:\WORKS_2\WS\WS_Others.JVEMV6\JVEMV6\57_programming\57.4_change_file_name\s-6\jve_57_g-5_s-6.php on line 181
[jve_57_g-5_s-6.php : 191] $fpath_Orig : C:\WORKS_2\WS\WS_Cake_IFM11\tmp\
[jve_57_g-5_s-6.php : 193] $fpath_New : C:\WORKS_2\WS\WS_Cake_IFM11\tmp\2022-12-01~10



Warning: rename(C:\WORKS_2\WS\WS_Cake_IFM11\tmp\,C:\WORKS_2\WS\WS_Cake_IFM11\tmp\2022-12-01~10
): プロセスはファイルにアクセスできません。別のプロセスが使用中です。 (code: 32) in C:\WORKS_2\WS\WS_Others.JVEMV6\JVEMV6\57_programming\57.4_change_file_name\s-6\jve_57_g-5_s-6.php on line 203
[jve_57_g-5_s-6.php : 205] rename result => 0


Notice: Undefined variable: fname_Orig in C:\WORKS_2\WS\WS_Others.JVEMV6\JVEMV6\57_programming\57.4_change_file_name\s-6\jve_57_g-5_s-6.php on line 181
[jve_57_g-5_s-6.php : 191] $fpath_Orig : C:\WORKS_2\WS\WS_Cake_IFM11\tmp\
[jve_57_g-5_s-6.php : 193] $fpath_New : C:\WORKS_2\WS\WS_Cake_IFM11\tmp\2022-12-11~20



Warning: rename(C:\WORKS_2\WS\WS_Cake_IFM11\tmp\,C:\WORKS_2\WS\WS_Cake_IFM11\tmp\2022-12-11~20
): プロセスはファイルにアクセスできません。別のプロセスが使用中です。 (code: 32) in C:\WORKS_2\WS\WS_Others.JVEMV6\JVEMV6\57_programming\57.4_change_file_name\s-6\jve_57_g-5_s-6.php on line 203
[jve_57_g-5_s-6.php : 205] rename result => 0


Notice: Undefined variable: fname_Orig in C:\WORKS_2\WS\WS_Others.JVEMV6\JVEMV6\57_programming\57.4_change_file_name\s-6\jve_57_g-5_s-6.php on line 181
[jve_57_g-5_s-6.php : 191] $fpath_Orig : C:\WORKS_2\WS\WS_Cake_IFM11\tmp\
[jve_57_g-5_s-6.php : 193] $fpath_New : C:\WORKS_2\WS\WS_Cake_IFM11\tmp\2022-12-21~31



Warning: rename(C:\WORKS_2\WS\WS_Cake_IFM11\tmp\,C:\WORKS_2\WS\WS_Cake_IFM11\tmp\2022-12-21~31
): プロセスはファイルにアクセスできません。別のプロセスが使用中です。 (code: 32) in C:\WORKS_2\WS\WS_Others.JVEMV6\JVEMV6\57_programming\57.4_change_file_name\s-6\jve_57_g-5_s-6.php on line 203
[jve_57_g-5_s-6.php : 205] rename result => 0

