============================  
['C:\\WORKS_2\\WS\\WS_Others.JVEMV6\\JVEMV6\\68_theoretical-physics\\s-131', 'C:\\WORKS_2\\Programs\\Python\\Python_3.5.1\\python35.zip', 'C:\\WORKS_2\\Programs\\panda3d\\Panda3D-1.10.9-x64', 'C:\\WORKS_2\\Programs\\Python\\Python_3.5.1\\DLLs', 'C:\\WORKS_2\\Programs\\Python\\Python_3.5.1\\lib', 'C:\\WORKS_2\\Programs\\Python\\Python_3.5.1', 'C:\\WORKS_2\\Programs\\Python\\Python_3.5.1\\lib\\site-packages', '.', '..', 'C:/WORKS_2/WS/WS_Others/free/fx/82_']

[s_131.py:48] 'from libs import libs' ==> comp.

[s_131.py:94] starting : test_1 (time=20211030_151243)
[s_131.py:133] exec_prog => done

[s_131.py:164] all done
 
============================  
['C:\\WORKS_2\\WS\\WS_Others.JVEMV6\\JVEMV6\\68_theoretical-physics\\s-131', 'C:\\WORKS_2\\Programs\\Python\\Python_3.5.1\\python35.zip', 'C:\\WORKS_2\\Programs\\panda3d\\Panda3D-1.10.9-x64', 'C:\\WORKS_2\\Programs\\Python\\Python_3.5.1\\DLLs', 'C:\\WORKS_2\\Programs\\Python\\Python_3.5.1\\lib', 'C:\\WORKS_2\\Programs\\Python\\Python_3.5.1', 'C:\\WORKS_2\\Programs\\Python\\Python_3.5.1\\lib\\site-packages', '.', '..', 'C:/WORKS_2/WS/WS_Others/free/fx/82_']

[s_131.py:48] 'from libs import libs' ==> comp.

[s_131.py:94] starting : test_1 (time=20211030_151316)
[s_131.py:133] exec_prog => done

[s_131.py:164] all done
 
============================  
['C:\\WORKS_2\\WS\\WS_Others.JVEMV6\\JVEMV6\\68_theoretical-physics\\s-131', 'C:\\WORKS_2\\Programs\\Python\\Python_3.5.1\\python35.zip', 'C:\\WORKS_2\\Programs\\panda3d\\Panda3D-1.10.9-x64', 'C:\\WORKS_2\\Programs\\Python\\Python_3.5.1\\DLLs', 'C:\\WORKS_2\\Programs\\Python\\Python_3.5.1\\lib', 'C:\\WORKS_2\\Programs\\Python\\Python_3.5.1', 'C:\\WORKS_2\\Programs\\Python\\Python_3.5.1\\lib\\site-packages', '.', '..', 'C:/WORKS_2/WS/WS_Others/free/fx/82_']

[s_131.py:48] 'from libs import libs' ==> comp.

[s_131.py:94] starting : test_1 (time=20211030_151619)

[s_131.py:119] data_x =>
[-1.57079633 -1.43420534 -1.29761436 -1.16102337 -1.02443239 -0.8878414
 -0.75125042 -0.61465943 -0.47806845 -0.34147746 -0.20488648 -0.06829549
  0.06829549  0.20488648  0.34147746  0.47806845  0.61465943  0.75125042
  0.8878414   1.02443239  1.16102337  1.29761436  1.43420534  1.57079633]
[s_131.py:156] exec_prog => done

[s_131.py:187] all done
 
============================  
['C:\\WORKS_2\\WS\\WS_Others.JVEMV6\\JVEMV6\\68_theoretical-physics\\s-131', 'C:\\WORKS_2\\Programs\\Python\\Python_3.5.1\\python35.zip', 'C:\\WORKS_2\\Programs\\panda3d\\Panda3D-1.10.9-x64', 'C:\\WORKS_2\\Programs\\Python\\Python_3.5.1\\DLLs', 'C:\\WORKS_2\\Programs\\Python\\Python_3.5.1\\lib', 'C:\\WORKS_2\\Programs\\Python\\Python_3.5.1', 'C:\\WORKS_2\\Programs\\Python\\Python_3.5.1\\lib\\site-packages', '.', '..', 'C:/WORKS_2/WS/WS_Others/free/fx/82_']

[s_131.py:48] 'from libs import libs' ==> comp.

[s_131.py:94] starting : test_1 (time=20211030_151931)

[s_131.py:123] data_x =>
[-1.57079633 -1.43420534 -1.29761436 -1.16102337 -1.02443239 -0.8878414
 -0.75125042 -0.61465943 -0.47806845 -0.34147746 -0.20488648 -0.06829549
  0.06829549  0.20488648  0.34147746  0.47806845  0.61465943  0.75125042
  0.8878414   1.02443239  1.16102337  1.29761436  1.43420534  1.57079633]

[s_131.py:139] data_y =>
[6.123233995736766e-17, 0.1361666490962466, 0.2697967711570242, 0.39840108984624156, 0.5195839500354336, 0.6310879443260528, 0.7308359642781241, 0.8169698930104421, 0.8878852184023752, 0.9422609221188205, 0.9790840876823228, 0.9976687691905392, 0.9976687691905392, 0.9790840876823229, 0.9422609221188205, 0.8878852184023752, 0.8169698930104421, 0.7308359642781241, 0.631087944326053, 0.5195839500354338, 0.39840108984624173, 0.2697967711570242, 0.1361666490962466, 6.123233995736766e-17]
[s_131.py:175] exec_prog => done

[s_131.py:206] all done
 
============================  
['C:\\WORKS_2\\WS\\WS_Others.JVEMV6\\JVEMV6\\68_theoretical-physics\\s-131', 'C:\\WORKS_2\\Programs\\Python\\Python_3.5.1\\python35.zip', 'C:\\WORKS_2\\Programs\\panda3d\\Panda3D-1.10.9-x64', 'C:\\WORKS_2\\Programs\\Python\\Python_3.5.1\\DLLs', 'C:\\WORKS_2\\Programs\\Python\\Python_3.5.1\\lib', 'C:\\WORKS_2\\Programs\\Python\\Python_3.5.1', 'C:\\WORKS_2\\Programs\\Python\\Python_3.5.1\\lib\\site-packages', '.', '..', 'C:/WORKS_2/WS/WS_Others/free/fx/82_']

[s_131.py:48] 'from libs import libs' ==> comp.

[s_131.py:94] starting : test_1 (time=20211030_152534)

[s_131.py:123] data_x =>
[-1.57079633 -1.43420534 -1.29761436 -1.16102337 -1.02443239 -0.8878414
 -0.75125042 -0.61465943 -0.47806845 -0.34147746 -0.20488648 -0.06829549
  0.06829549  0.20488648  0.34147746  0.47806845  0.61465943  0.75125042
  0.8878414   1.02443239  1.16102337  1.29761436  1.43420534  1.57079633]

[s_131.py:139] data_y =>
[6.123233995736766e-17, 0.1361666490962466, 0.2697967711570242, 0.39840108984624156, 0.5195839500354336, 0.6310879443260528, 0.7308359642781241, 0.8169698930104421, 0.8878852184023752, 0.9422609221188205, 0.9790840876823228, 0.9976687691905392, 0.9976687691905392, 0.9790840876823229, 0.9422609221188205, 0.8878852184023752, 0.8169698930104421, 0.7308359642781241, 0.631087944326053, 0.5195839500354338, 0.39840108984624173, 0.2697967711570242, 0.1361666490962466, 6.123233995736766e-17]

[s_131.py:169] os.mkdir for => : ./data\plot_image_20211030_152534
None
[s_131.py:199] exec_prog => done

[s_131.py:230] all done
 
============================  
['C:\\WORKS_2\\WS\\WS_Others.JVEMV6\\JVEMV6\\68_theoretical-physics\\s-131', 'C:\\WORKS_2\\Programs\\Python\\Python_3.5.1\\python35.zip', 'C:\\WORKS_2\\Programs\\panda3d\\Panda3D-1.10.9-x64', 'C:\\WORKS_2\\Programs\\Python\\Python_3.5.1\\DLLs', 'C:\\WORKS_2\\Programs\\Python\\Python_3.5.1\\lib', 'C:\\WORKS_2\\Programs\\Python\\Python_3.5.1', 'C:\\WORKS_2\\Programs\\Python\\Python_3.5.1\\lib\\site-packages', '.', '..', 'C:/WORKS_2/WS/WS_Others/free/fx/82_']

[s_131.py:48] 'from libs import libs' ==> comp.

[s_131.py:94] starting : test_1 (time=20211030_152620)

[s_131.py:123] data_x =>
[-1.57079633 -1.43420534 -1.29761436 -1.16102337 -1.02443239 -0.8878414
 -0.75125042 -0.61465943 -0.47806845 -0.34147746 -0.20488648 -0.06829549
  0.06829549  0.20488648  0.34147746  0.47806845  0.61465943  0.75125042
  0.8878414   1.02443239  1.16102337  1.29761436  1.43420534  1.57079633]

[s_131.py:139] data_y =>
[6.123233995736766e-17, 0.1361666490962466, 0.2697967711570242, 0.39840108984624156, 0.5195839500354336, 0.6310879443260528, 0.7308359642781241, 0.8169698930104421, 0.8878852184023752, 0.9422609221188205, 0.9790840876823228, 0.9976687691905392, 0.9976687691905392, 0.9790840876823229, 0.9422609221188205, 0.8878852184023752, 0.8169698930104421, 0.7308359642781241, 0.631087944326053, 0.5195839500354338, 0.39840108984624173, 0.2697967711570242, 0.1361666490962466, 6.123233995736766e-17]

[s_131.py:170] os.mkdir for => : data\plot_image_20211030_152620
None
[s_131.py:200] exec_prog => done

[s_131.py:231] all done
 
============================  
['C:\\WORKS_2\\WS\\WS_Others.JVEMV6\\JVEMV6\\68_theoretical-physics\\s-131', 'C:\\WORKS_2\\Programs\\Python\\Python_3.5.1\\python35.zip', 'C:\\WORKS_2\\Programs\\panda3d\\Panda3D-1.10.9-x64', 'C:\\WORKS_2\\Programs\\Python\\Python_3.5.1\\DLLs', 'C:\\WORKS_2\\Programs\\Python\\Python_3.5.1\\lib', 'C:\\WORKS_2\\Programs\\Python\\Python_3.5.1', 'C:\\WORKS_2\\Programs\\Python\\Python_3.5.1\\lib\\site-packages', '.', '..', 'C:/WORKS_2/WS/WS_Others/free/fx/82_']

[s_131.py:48] 'from libs import libs' ==> comp.

[s_131.py:94] starting : test_1 (time=20211030_153145)

[s_131.py:123] data_x =>
[-1.57079633 -1.43420534 -1.29761436 -1.16102337 -1.02443239 -0.8878414
 -0.75125042 -0.61465943 -0.47806845 -0.34147746 -0.20488648 -0.06829549
  0.06829549  0.20488648  0.34147746  0.47806845  0.61465943  0.75125042
  0.8878414   1.02443239  1.16102337  1.29761436  1.43420534  1.57079633]

[s_131.py:139] data_y =>
[6.123233995736766e-17, 0.1361666490962466, 0.2697967711570242, 0.39840108984624156, 0.5195839500354336, 0.6310879443260528, 0.7308359642781241, 0.8169698930104421, 0.8878852184023752, 0.9422609221188205, 0.9790840876823228, 0.9976687691905392, 0.9976687691905392, 0.9790840876823229, 0.9422609221188205, 0.8878852184023752, 0.8169698930104421, 0.7308359642781241, 0.631087944326053, 0.5195839500354338, 0.39840108984624173, 0.2697967711570242, 0.1361666490962466, 6.123233995736766e-17]

[s_131.py:175] os.mkdir for => : data\plot_20211030_153145
None

[s_131.py:212] result for 'fig.savefig' : data\plot_20211030_153145\plot_20211030_153145
None
[s_131.py:243] exec_prog => done

[s_131.py:274] all done
 
============================  
['C:\\WORKS_2\\WS\\WS_Others.JVEMV6\\JVEMV6\\68_theoretical-physics\\s-131', 'C:\\WORKS_2\\Programs\\Python\\Python_3.5.1\\python35.zip', 'C:\\WORKS_2\\Programs\\panda3d\\Panda3D-1.10.9-x64', 'C:\\WORKS_2\\Programs\\Python\\Python_3.5.1\\DLLs', 'C:\\WORKS_2\\Programs\\Python\\Python_3.5.1\\lib', 'C:\\WORKS_2\\Programs\\Python\\Python_3.5.1', 'C:\\WORKS_2\\Programs\\Python\\Python_3.5.1\\lib\\site-packages', '.', '..', 'C:/WORKS_2/WS/WS_Others/free/fx/82_']

[s_131.py:48] 'from libs import libs' ==> comp.

[s_131.py:94] starting : test_1 (time=20211030_153425)

[s_131.py:123] data_x =>
[-1.57079633 -1.43420534 -1.29761436 -1.16102337 -1.02443239 -0.8878414
 -0.75125042 -0.61465943 -0.47806845 -0.34147746 -0.20488648 -0.06829549
  0.06829549  0.20488648  0.34147746  0.47806845  0.61465943  0.75125042
  0.8878414   1.02443239  1.16102337  1.29761436  1.43420534  1.57079633]

[s_131.py:139] data_y =>
[6.123233995736766e-17, 0.1361666490962466, 0.2697967711570242, 0.39840108984624156, 0.5195839500354336, 0.6310879443260528, 0.7308359642781241, 0.8169698930104421, 0.8878852184023752, 0.9422609221188205, 0.9790840876823228, 0.9976687691905392, 0.9976687691905392, 0.9790840876823229, 0.9422609221188205, 0.8878852184023752, 0.8169698930104421, 0.7308359642781241, 0.631087944326053, 0.5195839500354338, 0.39840108984624173, 0.2697967711570242, 0.1361666490962466, 6.123233995736766e-17]

[s_131.py:176] os.mkdir for => : data\plot_20211030_153425
None

[s_131.py:217] result for 'fig.savefig' : data\plot_20211030_153425\plot_20211030_153425
None
 
============================  
['C:\\WORKS_2\\WS\\WS_Others.JVEMV6\\JVEMV6\\68_theoretical-physics\\s-131', 'C:\\WORKS_2\\Programs\\Python\\Python_3.5.1\\python35.zip', 'C:\\WORKS_2\\Programs\\panda3d\\Panda3D-1.10.9-x64', 'C:\\WORKS_2\\Programs\\Python\\Python_3.5.1\\DLLs', 'C:\\WORKS_2\\Programs\\Python\\Python_3.5.1\\lib', 'C:\\WORKS_2\\Programs\\Python\\Python_3.5.1', 'C:\\WORKS_2\\Programs\\Python\\Python_3.5.1\\lib\\site-packages', '.', '..', 'C:/WORKS_2/WS/WS_Others/free/fx/82_']

[s_131.py:48] 'from libs import libs' ==> comp.

[s_131.py:94] starting : test_1 (time=20211030_153631)

[s_131.py:125] data_x =>
[-1.57079633 -1.48103654 -1.39127675 -1.30151696 -1.21175717 -1.12199738
 -1.03223759 -0.9424778  -0.85271801 -0.76295822 -0.67319843 -0.58343864
 -0.49367885 -0.40391906 -0.31415927 -0.22439948 -0.13463969 -0.0448799
  0.0448799   0.13463969  0.22439948  0.31415927  0.40391906  0.49367885
  0.58343864  0.67319843  0.76295822  0.85271801  0.9424778   1.03223759
  1.12199738  1.21175717  1.30151696  1.39127675  1.48103654  1.57079633]

[s_131.py:141] data_y =>
[6.123233995736766e-17, 0.08963930890343355, 0.1785568947986367, 0.2660368455666752, 0.35137482408134274, 0.4338837391175582, 0.5128992774059061, 0.5877852522924731, 0.6579387259397126, 0.7227948638273916, 0.7818314824680298, 0.8345732537213026, 0.880595531856738, 0.9195277725514507, 0.9510565162951535, 0.9749279121818236, 0.9909497617679348, 0.9989930665413147, 0.9989930665413147, 0.9909497617679348, 0.9749279121818236, 0.9510565162951535, 0.9195277725514507, 0.880595531856738, 0.8345732537213026, 0.7818314824680298, 0.7227948638273916, 0.6579387259397126, 0.5877852522924731, 0.5128992774059061, 0.4338837391175582, 0.35137482408134274, 0.2660368455666752, 0.1785568947986367, 0.08963930890343355, 6.123233995736766e-17]

[s_131.py:178] os.mkdir for => : data\plot_20211030_153631
None

[s_131.py:219] result for 'fig.savefig' : data\plot_20211030_153631\plot_20211030_153631
None
 
============================  
['C:\\WORKS_2\\WS\\WS_Others.JVEMV6\\JVEMV6\\68_theoretical-physics\\s-131', 'C:\\WORKS_2\\Programs\\Python\\Python_3.5.1\\python35.zip', 'C:\\WORKS_2\\Programs\\panda3d\\Panda3D-1.10.9-x64', 'C:\\WORKS_2\\Programs\\Python\\Python_3.5.1\\DLLs', 'C:\\WORKS_2\\Programs\\Python\\Python_3.5.1\\lib', 'C:\\WORKS_2\\Programs\\Python\\Python_3.5.1', 'C:\\WORKS_2\\Programs\\Python\\Python_3.5.1\\lib\\site-packages', '.', '..', 'C:/WORKS_2/WS/WS_Others/free/fx/82_']

[s_131.py:48] 'from libs import libs' ==> comp.

[s_131.py:255] starting : test_2 (time=20211030_153908)

[s_131.py:286] data_x =>
[-1.57079633 -1.48103654 -1.39127675 -1.30151696 -1.21175717 -1.12199738
 -1.03223759 -0.9424778  -0.85271801 -0.76295822 -0.67319843 -0.58343864
 -0.49367885 -0.40391906 -0.31415927 -0.22439948 -0.13463969 -0.0448799
  0.0448799   0.13463969  0.22439948  0.31415927  0.40391906  0.49367885
  0.58343864  0.67319843  0.76295822  0.85271801  0.9424778   1.03223759
  1.12199738  1.21175717  1.30151696  1.39127675  1.48103654  1.57079633]

[s_131.py:302] data_y =>
[6.123233995736766e-17, 0.08963930890343355, 0.1785568947986367, 0.2660368455666752, 0.35137482408134274, 0.4338837391175582, 0.5128992774059061, 0.5877852522924731, 0.6579387259397126, 0.7227948638273916, 0.7818314824680298, 0.8345732537213026, 0.880595531856738, 0.9195277725514507, 0.9510565162951535, 0.9749279121818236, 0.9909497617679348, 0.9989930665413147, 0.9989930665413147, 0.9909497617679348, 0.9749279121818236, 0.9510565162951535, 0.9195277725514507, 0.880595531856738, 0.8345732537213026, 0.7818314824680298, 0.7227948638273916, 0.6579387259397126, 0.5877852522924731, 0.5128992774059061, 0.4338837391175582, 0.35137482408134274, 0.2660368455666752, 0.1785568947986367, 0.08963930890343355, 6.123233995736766e-17]

[s_131.py:339] os.mkdir for => : data\plot_20211030_153908
None

[s_131.py:380] result for 'fig.savefig' : data\plot_20211030_153908\plot_20211030_153908
None
 
============================  
['C:\\WORKS_2\\WS\\WS_Others.JVEMV6\\JVEMV6\\68_theoretical-physics\\s-131', 'C:\\WORKS_2\\Programs\\Python\\Python_3.5.1\\python35.zip', 'C:\\WORKS_2\\Programs\\panda3d\\Panda3D-1.10.9-x64', 'C:\\WORKS_2\\Programs\\Python\\Python_3.5.1\\DLLs', 'C:\\WORKS_2\\Programs\\Python\\Python_3.5.1\\lib', 'C:\\WORKS_2\\Programs\\Python\\Python_3.5.1', 'C:\\WORKS_2\\Programs\\Python\\Python_3.5.1\\lib\\site-packages', '.', '..', 'C:/WORKS_2/WS/WS_Others/free/fx/82_']

[s_131.py:48] 'from libs import libs' ==> comp.

[s_131.py:253] starting : test_2 (time=20211030_153926)

[s_131.py:284] data_x =>
[-1.57079633 -1.48103654 -1.39127675 -1.30151696 -1.21175717 -1.12199738
 -1.03223759 -0.9424778  -0.85271801 -0.76295822 -0.67319843 -0.58343864
 -0.49367885 -0.40391906 -0.31415927 -0.22439948 -0.13463969 -0.0448799
  0.0448799   0.13463969  0.22439948  0.31415927  0.40391906  0.49367885
  0.58343864  0.67319843  0.76295822  0.85271801  0.9424778   1.03223759
  1.12199738  1.21175717  1.30151696  1.39127675  1.48103654  1.57079633]

[s_131.py:300] data_y =>
[6.123233995736766e-17, 0.08963930890343355, 0.1785568947986367, 0.2660368455666752, 0.35137482408134274, 0.4338837391175582, 0.5128992774059061, 0.5877852522924731, 0.6579387259397126, 0.7227948638273916, 0.7818314824680298, 0.8345732537213026, 0.880595531856738, 0.9195277725514507, 0.9510565162951535, 0.9749279121818236, 0.9909497617679348, 0.9989930665413147, 0.9989930665413147, 0.9909497617679348, 0.9749279121818236, 0.9510565162951535, 0.9195277725514507, 0.880595531856738, 0.8345732537213026, 0.7818314824680298, 0.7227948638273916, 0.6579387259397126, 0.5877852522924731, 0.5128992774059061, 0.4338837391175582, 0.35137482408134274, 0.2660368455666752, 0.1785568947986367, 0.08963930890343355, 6.123233995736766e-17]

[s_131.py:337] os.mkdir for => : data\plot_20211030_153926
None

[s_131.py:378] result for 'fig.savefig' : data\plot_20211030_153926\plot_20211030_153926
None
[s_131.py:409] exec_prog => done

[s_131.py:440] all done
 
============================  
['C:\\WORKS_2\\WS\\WS_Others.JVEMV6\\JVEMV6\\68_theoretical-physics\\s-131', 'C:\\WORKS_2\\Programs\\Python\\Python_3.5.1\\python35.zip', 'C:\\WORKS_2\\Programs\\panda3d\\Panda3D-1.10.9-x64', 'C:\\WORKS_2\\Programs\\Python\\Python_3.5.1\\DLLs', 'C:\\WORKS_2\\Programs\\Python\\Python_3.5.1\\lib', 'C:\\WORKS_2\\Programs\\Python\\Python_3.5.1', 'C:\\WORKS_2\\Programs\\Python\\Python_3.5.1\\lib\\site-packages', '.', '..', 'C:/WORKS_2/WS/WS_Others/free/fx/82_']

[s_131.py:48] 'from libs import libs' ==> comp.

[s_131.py:253] starting : test_2 (time=20211030_154416)

[s_131.py:306] data_y =>
[6.123233995736766e-17, 0.08963930890343355, 0.1785568947986367, 0.2660368455666752, 0.35137482408134274, 0.4338837391175582, 0.5128992774059061, 0.5877852522924731, 0.6579387259397126, 0.7227948638273916, 0.7818314824680298, 0.8345732537213026, 0.880595531856738, 0.9195277725514507, 0.9510565162951535, 0.9749279121818236, 0.9909497617679348, 0.9989930665413147, 0.9989930665413147, 0.9909497617679348, 0.9749279121818236, 0.9510565162951535, 0.9195277725514507, 0.880595531856738, 0.8345732537213026, 0.7818314824680298, 0.7227948638273916, 0.6579387259397126, 0.5877852522924731, 0.5128992774059061, 0.4338837391175582, 0.35137482408134274, 0.2660368455666752, 0.1785568947986367, 0.08963930890343355, 6.123233995736766e-17]

[s_131.py:316] data_y_with_coord =>
[-2.041077998578922e-17, -0.02987976963447785, -0.0595189649328789, -0.08867894852222505, -0.11712494136044757, -0.14462791303918604, -0.1709664258019687, -0.19592841743082437, -0.21931290864657085, -0.24093162127579718, -0.2606104941560099, -0.2781910845737675, -0.29353184395224596, -0.3065092575171502, -0.31701883876505116, -0.3249759707272745, -0.33031658725597823, -0.3329976888471049, -0.3329976888471049, -0.33031658725597823, -0.3249759707272745, -0.31701883876505116, -0.3065092575171502, -0.29353184395224596, -0.2781910845737675, -0.2606104941560099, -0.24093162127579718, -0.21931290864657085, -0.19592841743082437, -0.1709664258019687, -0.14462791303918604, -0.11712494136044757, -0.08867894852222505, -0.0595189649328789, -0.02987976963447785, -2.041077998578922e-17]

[s_131.py:353] os.mkdir for => : data\plot_20211030_154416
None

[s_131.py:396] result for 'fig.savefig' : data\plot_20211030_154416\plot_20211030_154416
None
[s_131.py:427] exec_prog => done

[s_131.py:458] all done
 
============================  
['C:\\WORKS_2\\WS\\WS_Others.JVEMV6\\JVEMV6\\68_theoretical-physics\\s-131', 'C:\\WORKS_2\\Programs\\Python\\Python_3.5.1\\python35.zip', 'C:\\WORKS_2\\Programs\\panda3d\\Panda3D-1.10.9-x64', 'C:\\WORKS_2\\Programs\\Python\\Python_3.5.1\\DLLs', 'C:\\WORKS_2\\Programs\\Python\\Python_3.5.1\\lib', 'C:\\WORKS_2\\Programs\\Python\\Python_3.5.1', 'C:\\WORKS_2\\Programs\\Python\\Python_3.5.1\\lib\\site-packages', '.', '..', 'C:/WORKS_2/WS/WS_Others/free/fx/82_']

[s_131.py:48] 'from libs import libs' ==> comp.

[s_131.py:253] starting : test_2 (time=20211030_154604)

[s_131.py:306] data_y =>
[6.123233995736766e-17, 0.08963930890343355, 0.1785568947986367, 0.2660368455666752, 0.35137482408134274, 0.4338837391175582, 0.5128992774059061, 0.5877852522924731, 0.6579387259397126, 0.7227948638273916, 0.7818314824680298, 0.8345732537213026, 0.880595531856738, 0.9195277725514507, 0.9510565162951535, 0.9749279121818236, 0.9909497617679348, 0.9989930665413147, 0.9989930665413147, 0.9909497617679348, 0.9749279121818236, 0.9510565162951535, 0.9195277725514507, 0.880595531856738, 0.8345732537213026, 0.7818314824680298, 0.7227948638273916, 0.6579387259397126, 0.5877852522924731, 0.5128992774059061, 0.4338837391175582, 0.35137482408134274, 0.2660368455666752, 0.1785568947986367, 0.08963930890343355, 6.123233995736766e-17]

[s_131.py:316] data_y_with_coord =>
[-2.041077998578922e-17, -0.02987976963447785, -0.0595189649328789, -0.08867894852222505, -0.11712494136044757, -0.14462791303918604, -0.1709664258019687, -0.19592841743082437, -0.21931290864657085, -0.24093162127579718, -0.2606104941560099, -0.2781910845737675, -0.29353184395224596, -0.3065092575171502, -0.31701883876505116, -0.3249759707272745, -0.33031658725597823, -0.3329976888471049, -0.3329976888471049, -0.33031658725597823, -0.3249759707272745, -0.31701883876505116, -0.3065092575171502, -0.29353184395224596, -0.2781910845737675, -0.2606104941560099, -0.24093162127579718, -0.21931290864657085, -0.19592841743082437, -0.1709664258019687, -0.14462791303918604, -0.11712494136044757, -0.08867894852222505, -0.0595189649328789, -0.02987976963447785, -2.041077998578922e-17]

[s_131.py:353] os.mkdir for => : data\plot_20211030_154604
None

[s_131.py:397] result for 'fig.savefig' : data\plot_20211030_154604\plot_20211030_154604
None
[s_131.py:428] exec_prog => done

[s_131.py:459] all done
 
============================  
['C:\\WORKS_2\\WS\\WS_Others.JVEMV6\\JVEMV6\\68_theoretical-physics\\s-131', 'C:\\WORKS_2\\Programs\\Python\\Python_3.5.1\\python35.zip', 'C:\\WORKS_2\\Programs\\panda3d\\Panda3D-1.10.9-x64', 'C:\\WORKS_2\\Programs\\Python\\Python_3.5.1\\DLLs', 'C:\\WORKS_2\\Programs\\Python\\Python_3.5.1\\lib', 'C:\\WORKS_2\\Programs\\Python\\Python_3.5.1', 'C:\\WORKS_2\\Programs\\Python\\Python_3.5.1\\lib\\site-packages', '.', '..', 'C:/WORKS_2/WS/WS_Others/free/fx/82_']

[s_131.py:48] 'from libs import libs' ==> comp.

[s_131.py:253] starting : test_2 (time=20211030_155055)

[s_131.py:308] data_y =>
[6.123233995736766e-17, 0.08963930890343355, 0.1785568947986367, 0.2660368455666752, 0.35137482408134274, 0.4338837391175582, 0.5128992774059061, 0.5877852522924731, 0.6579387259397126, 0.7227948638273916, 0.7818314824680298, 0.8345732537213026, 0.880595531856738, 0.9195277725514507, 0.9510565162951535, 0.9749279121818236, 0.9909497617679348, 0.9989930665413147, 0.9989930665413147, 0.9909497617679348, 0.9749279121818236, 0.9510565162951535, 0.9195277725514507, 0.880595531856738, 0.8345732537213026, 0.7818314824680298, 0.7227948638273916, 0.6579387259397126, 0.5877852522924731, 0.5128992774059061, 0.4338837391175582, 0.35137482408134274, 0.2660368455666752, 0.1785568947986367, 0.08963930890343355, 6.123233995736766e-17]

[s_131.py:318] data_y_with_coord =>
[1.2246467991473533e-17, 0.01792786178068671, 0.03571137895972734, 0.05320736911333504, 0.07027496481626855, 0.08677674782351164, 0.10257985548118123, 0.11755705045849463, 0.13158774518794253, 0.14455897276547833, 0.15636629649360598, 0.16691465074426054, 0.17611910637134762, 0.18390555451029014, 0.1902113032590307, 0.19498558243636474, 0.19818995235358697, 0.19979861330826296, 0.19979861330826296, 0.19818995235358697, 0.19498558243636474, 0.1902113032590307, 0.18390555451029014, 0.17611910637134762, 0.16691465074426054, 0.15636629649360598, 0.14455897276547833, 0.13158774518794253, 0.11755705045849463, 0.10257985548118123, 0.08677674782351164, 0.07027496481626855, 0.05320736911333504, 0.03571137895972734, 0.01792786178068671, 1.2246467991473533e-17]

[s_131.py:355] os.mkdir for => : data\plot_20211030_155055
None

[s_131.py:401] result for 'fig.savefig' : data\plot_20211030_155055\plot_20211030_155055
None
[s_131.py:432] exec_prog => done

[s_131.py:463] all done
 
============================  
['C:\\WORKS_2\\WS\\WS_Others.JVEMV6\\JVEMV6\\68_theoretical-physics\\s-131', 'C:\\WORKS_2\\Programs\\Python\\Python_3.5.1\\python35.zip', 'C:\\WORKS_2\\Programs\\panda3d\\Panda3D-1.10.9-x64', 'C:\\WORKS_2\\Programs\\Python\\Python_3.5.1\\DLLs', 'C:\\WORKS_2\\Programs\\Python\\Python_3.5.1\\lib', 'C:\\WORKS_2\\Programs\\Python\\Python_3.5.1', 'C:\\WORKS_2\\Programs\\Python\\Python_3.5.1\\lib\\site-packages', '.', '..', 'C:/WORKS_2/WS/WS_Others/free/fx/82_']

[s_131.py:48] 'from libs import libs' ==> comp.

[s_131.py:253] starting : test_2 (time=20211030_160035)

[s_131.py:312] data_y =>
[6.123233995736766e-17, 0.08963930890343355, 0.1785568947986367, 0.2660368455666752, 0.35137482408134274, 0.4338837391175582, 0.5128992774059061, 0.5877852522924731, 0.6579387259397126, 0.7227948638273916, 0.7818314824680298, 0.8345732537213026, 0.880595531856738, 0.9195277725514507, 0.9510565162951535, 0.9749279121818236, 0.9909497617679348, 0.9989930665413147, 0.9989930665413147, 0.9909497617679348, 0.9749279121818236, 0.9510565162951535, 0.9195277725514507, 0.880595531856738, 0.8345732537213026, 0.7818314824680298, 0.7227948638273916, 0.6579387259397126, 0.5877852522924731, 0.5128992774059061, 0.4338837391175582, 0.35137482408134274, 0.2660368455666752, 0.1785568947986367, 0.08963930890343355, 6.123233995736766e-17]

[s_131.py:322] data_y_with_coord =>
[1.2246467991473533e-17, 0.01792786178068671, 0.03571137895972734, 0.05320736911333504, 0.07027496481626855, 0.08677674782351164, 0.10257985548118123, 0.11755705045849463, 0.13158774518794253, 0.14455897276547833, 0.15636629649360598, 0.16691465074426054, 0.17611910637134762, 0.18390555451029014, 0.1902113032590307, 0.19498558243636474, 0.19818995235358697, 0.19979861330826296, 0.19979861330826296, 0.19818995235358697, 0.19498558243636474, 0.1902113032590307, 0.18390555451029014, 0.17611910637134762, 0.16691465074426054, 0.15636629649360598, 0.14455897276547833, 0.13158774518794253, 0.11755705045849463, 0.10257985548118123, 0.08677674782351164, 0.07027496481626855, 0.05320736911333504, 0.03571137895972734, 0.01792786178068671, 1.2246467991473533e-17]

[s_131.py:359] os.mkdir for => : data\plot_20211030_160035
None
 
============================  
['C:\\WORKS_2\\WS\\WS_Others.JVEMV6\\JVEMV6\\68_theoretical-physics\\s-131', 'C:\\WORKS_2\\Programs\\Python\\Python_3.5.1\\python35.zip', 'C:\\WORKS_2\\Programs\\panda3d\\Panda3D-1.10.9-x64', 'C:\\WORKS_2\\Programs\\Python\\Python_3.5.1\\DLLs', 'C:\\WORKS_2\\Programs\\Python\\Python_3.5.1\\lib', 'C:\\WORKS_2\\Programs\\Python\\Python_3.5.1', 'C:\\WORKS_2\\Programs\\Python\\Python_3.5.1\\lib\\site-packages', '.', '..', 'C:/WORKS_2/WS/WS_Others/free/fx/82_']

[s_131.py:48] 'from libs import libs' ==> comp.

[s_131.py:253] starting : test_2 (time=20211030_160056)

[s_131.py:312] data_y =>
[6.123233995736766e-17, 0.08963930890343355, 0.1785568947986367, 0.2660368455666752, 0.35137482408134274, 0.4338837391175582, 0.5128992774059061, 0.5877852522924731, 0.6579387259397126, 0.7227948638273916, 0.7818314824680298, 0.8345732537213026, 0.880595531856738, 0.9195277725514507, 0.9510565162951535, 0.9749279121818236, 0.9909497617679348, 0.9989930665413147, 0.9989930665413147, 0.9909497617679348, 0.9749279121818236, 0.9510565162951535, 0.9195277725514507, 0.880595531856738, 0.8345732537213026, 0.7818314824680298, 0.7227948638273916, 0.6579387259397126, 0.5877852522924731, 0.5128992774059061, 0.4338837391175582, 0.35137482408134274, 0.2660368455666752, 0.1785568947986367, 0.08963930890343355, 6.123233995736766e-17]

[s_131.py:322] data_y_with_coord =>
[1.2246467991473533e-17, 0.01792786178068671, 0.03571137895972734, 0.05320736911333504, 0.07027496481626855, 0.08677674782351164, 0.10257985548118123, 0.11755705045849463, 0.13158774518794253, 0.14455897276547833, 0.15636629649360598, 0.16691465074426054, 0.17611910637134762, 0.18390555451029014, 0.1902113032590307, 0.19498558243636474, 0.19818995235358697, 0.19979861330826296, 0.19979861330826296, 0.19818995235358697, 0.19498558243636474, 0.1902113032590307, 0.18390555451029014, 0.17611910637134762, 0.16691465074426054, 0.15636629649360598, 0.14455897276547833, 0.13158774518794253, 0.11755705045849463, 0.10257985548118123, 0.08677674782351164, 0.07027496481626855, 0.05320736911333504, 0.03571137895972734, 0.01792786178068671, 1.2246467991473533e-17]

[s_131.py:359] os.mkdir for => : data\plot_20211030_160056
None
 
============================  
['C:\\WORKS_2\\WS\\WS_Others.JVEMV6\\JVEMV6\\68_theoretical-physics\\s-131', 'C:\\WORKS_2\\Programs\\Python\\Python_3.5.1\\python35.zip', 'C:\\WORKS_2\\Programs\\panda3d\\Panda3D-1.10.9-x64', 'C:\\WORKS_2\\Programs\\Python\\Python_3.5.1\\DLLs', 'C:\\WORKS_2\\Programs\\Python\\Python_3.5.1\\lib', 'C:\\WORKS_2\\Programs\\Python\\Python_3.5.1', 'C:\\WORKS_2\\Programs\\Python\\Python_3.5.1\\lib\\site-packages', '.', '..', 'C:/WORKS_2/WS/WS_Others/free/fx/82_']

[s_131.py:48] 'from libs import libs' ==> comp.

[s_131.py:253] starting : test_2 (time=20211030_162116)

[s_131.py:313] len(data_y) => 36 / len(data_y_with_coord) => 36
[6.123233995736766e-17, 0.08963930890343355, 0.1785568947986367, 0.2660368455666752, 0.35137482408134274, 0.4338837391175582, 0.5128992774059061, 0.5877852522924731, 0.6579387259397126, 0.7227948638273916, 0.7818314824680298, 0.8345732537213026, 0.880595531856738, 0.9195277725514507, 0.9510565162951535, 0.9749279121818236, 0.9909497617679348, 0.9989930665413147, 0.9989930665413147, 0.9909497617679348, 0.9749279121818236, 0.9510565162951535, 0.9195277725514507, 0.880595531856738, 0.8345732537213026, 0.7818314824680298, 0.7227948638273916, 0.6579387259397126, 0.5877852522924731, 0.5128992774059061, 0.4338837391175582, 0.35137482408134274, 0.2660368455666752, 0.1785568947986367, 0.08963930890343355, 6.123233995736766e-17]

[s_131.py:457] exec_prog => done

[s_131.py:488] all done
 
============================  
['C:\\WORKS_2\\WS\\WS_Others.JVEMV6\\JVEMV6\\68_theoretical-physics\\s-131', 'C:\\WORKS_2\\Programs\\Python\\Python_3.5.1\\python35.zip', 'C:\\WORKS_2\\Programs\\panda3d\\Panda3D-1.10.9-x64', 'C:\\WORKS_2\\Programs\\Python\\Python_3.5.1\\DLLs', 'C:\\WORKS_2\\Programs\\Python\\Python_3.5.1\\lib', 'C:\\WORKS_2\\Programs\\Python\\Python_3.5.1', 'C:\\WORKS_2\\Programs\\Python\\Python_3.5.1\\lib\\site-packages', '.', '..', 'C:/WORKS_2/WS/WS_Others/free/fx/82_']

[s_131.py:48] 'from libs import libs' ==> comp.

[s_131.py:253] starting : test_2 (time=20211030_162638)

[s_131.py:318] len(data_y) => 36 / len(data_y_with_coord) => 36
[s_131.py:326] len(data_y_sum) => 72 / len(data_y_sum_2) => 36

[s_131.py:469] exec_prog => done

[s_131.py:500] all done
 
============================  
['C:\\WORKS_2\\WS\\WS_Others.JVEMV6\\JVEMV6\\68_theoretical-physics\\s-131', 'C:\\WORKS_2\\Programs\\Python\\Python_3.5.1\\python35.zip', 'C:\\WORKS_2\\Programs\\panda3d\\Panda3D-1.10.9-x64', 'C:\\WORKS_2\\Programs\\Python\\Python_3.5.1\\DLLs', 'C:\\WORKS_2\\Programs\\Python\\Python_3.5.1\\lib', 'C:\\WORKS_2\\Programs\\Python\\Python_3.5.1', 'C:\\WORKS_2\\Programs\\Python\\Python_3.5.1\\lib\\site-packages', '.', '..', 'C:/WORKS_2/WS/WS_Others/free/fx/82_']

[s_131.py:48] 'from libs import libs' ==> comp.

[s_131.py:253] starting : test_2 (time=20211030_162829)

[s_131.py:318] len(data_y) => 36 / len(data_y_with_coord) => 36
[s_131.py:326] len(data_y_sum) => 72 / len(data_y_sum_2) => 36


[s_131.py:389] os.mkdir for => : data\plot_20211030_162829
None

[s_131.py:439] result for 'fig.savefig' : data\plot_20211030_162829\plot_20211030_162829
None
[s_131.py:470] exec_prog => done

[s_131.py:501] all done
 
============================  
['C:\\WORKS_2\\WS\\WS_Others.JVEMV6\\JVEMV6\\68_theoretical-physics\\s-131', 'C:\\WORKS_2\\Programs\\Python\\Python_3.5.1\\python35.zip', 'C:\\WORKS_2\\Programs\\panda3d\\Panda3D-1.10.9-x64', 'C:\\WORKS_2\\Programs\\Python\\Python_3.5.1\\DLLs', 'C:\\WORKS_2\\Programs\\Python\\Python_3.5.1\\lib', 'C:\\WORKS_2\\Programs\\Python\\Python_3.5.1', 'C:\\WORKS_2\\Programs\\Python\\Python_3.5.1\\lib\\site-packages', '.', '..', 'C:/WORKS_2/WS/WS_Others/free/fx/82_']

[s_131.py:48] 'from libs import libs' ==> comp.

[s_131.py:253] starting : test_2 (time=20211030_162958)

[s_131.py:318] len(data_y) => 36 / len(data_y_with_coord) => 36
[s_131.py:326] len(data_y_sum) => 72 / len(data_y_sum_2) => 36


[s_131.py:389] os.mkdir for => : data\plot_20211030_162958
None

[s_131.py:439] result for 'fig.savefig' : data\plot_20211030_162958\plot_20211030_162958
None
[s_131.py:470] exec_prog => done

[s_131.py:501] all done
 
============================  
['C:\\WORKS_2\\WS\\WS_Others.JVEMV6\\JVEMV6\\68_theoretical-physics\\s-131', 'C:\\WORKS_2\\Programs\\Python\\Python_3.5.1\\python35.zip', 'C:\\WORKS_2\\Programs\\panda3d\\Panda3D-1.10.9-x64', 'C:\\WORKS_2\\Programs\\Python\\Python_3.5.1\\DLLs', 'C:\\WORKS_2\\Programs\\Python\\Python_3.5.1\\lib', 'C:\\WORKS_2\\Programs\\Python\\Python_3.5.1', 'C:\\WORKS_2\\Programs\\Python\\Python_3.5.1\\lib\\site-packages', '.', '..', 'C:/WORKS_2/WS/WS_Others/free/fx/82_']

[s_131.py:48] 'from libs import libs' ==> comp.

[s_131.py:253] starting : test_2 (time=20211030_163205)

[s_131.py:319] len(data_y) => 36 / len(data_y_with_coord) => 36
[s_131.py:327] len(data_y_sum) => 72 / len(data_y_sum_2) => 36


[s_131.py:392] os.mkdir for => : data\plot_20211030_163205
None

[s_131.py:442] result for 'fig.savefig' : data\plot_20211030_163205\plot_20211030_163205_(k=3)
None
[s_131.py:473] exec_prog => done

[s_131.py:504] all done
